{"/Users/jorgealejandrodiez/Desktop/PickleBallApp/src/components/GameList.tsx": {"path":"/Users/jorgealejandrodiez/Desktop/PickleBallApp/src/components/GameList.tsx","statementMap":{"0":{"start":{"line":18,"column":24},"end":{"line":58,"column":2}},"1":{"start":{"line":22,"column":55},"end":{"line":22,"column":72}},"2":{"start":{"line":24,"column":26},"end":{"line":28,"column":19}},"3":{"start":{"line":26,"column":4},"end":{"line":26,"column":42}},"4":{"start":{"line":27,"column":4},"end":{"line":27,"column":24}},"5":{"start":{"line":30,"column":21},"end":{"line":35,"column":23}},"6":{"start":{"line":31,"column":4},"end":{"line":34,"column":6}},"7":{"start":{"line":33,"column":21},"end":{"line":33,"column":42}},"8":{"start":{"line":37,"column":2},"end":{"line":45,"column":3}},"9":{"start":{"line":38,"column":4},"end":{"line":44,"column":6}},"10":{"start":{"line":47,"column":2},"end":{"line":57,"column":4}},"11":{"start":{"line":54,"column":30},"end":{"line":54,"column":37}},"12":{"start":{"line":60,"column":15},"end":{"line":74,"column":2}}},"fnMap":{"0":{"name":"GameList","decl":{"start":{"line":18,"column":44},"end":{"line":18,"column":52}},"loc":{"start":{"line":21,"column":18},"end":{"line":58,"column":1}},"line":21},"1":{"name":"(anonymous_1)","decl":{"start":{"line":24,"column":38},"end":{"line":24,"column":39}},"loc":{"start":{"line":24,"column":54},"end":{"line":28,"column":3}},"line":24},"2":{"name":"(anonymous_2)","decl":{"start":{"line":30,"column":33},"end":{"line":30,"column":34}},"loc":{"start":{"line":31,"column":4},"end":{"line":34,"column":6}},"line":31},"3":{"name":"(anonymous_3)","decl":{"start":{"line":33,"column":15},"end":{"line":33,"column":16}},"loc":{"start":{"line":33,"column":21},"end":{"line":33,"column":42}},"line":33},"4":{"name":"(anonymous_4)","decl":{"start":{"line":54,"column":20},"end":{"line":54,"column":21}},"loc":{"start":{"line":54,"column":30},"end":{"line":54,"column":37}},"line":54}},"branchMap":{"0":{"loc":{"start":{"line":37,"column":2},"end":{"line":45,"column":3}},"type":"if","locations":[{"start":{"line":37,"column":2},"end":{"line":45,"column":3}},{"start":{},"end":{}}],"line":37},"1":{"loc":{"start":{"line":41,"column":11},"end":{"line":41,"column":67}},"type":"binary-expr","locations":[{"start":{"line":41,"column":11},"end":{"line":41,"column":24}},{"start":{"line":41,"column":28},"end":{"line":41,"column":67}}],"line":41}},"s":{"0":0,"1":0,"2":0,"3":0,"4":0,"5":0,"6":0,"7":0,"8":0,"9":0,"10":0,"11":0,"12":0},"f":{"0":0,"1":0,"2":0,"3":0,"4":0},"b":{"0":[0,0],"1":[0,0]}}
,"/Users/jorgealejandrodiez/Desktop/PickleBallApp/src/components/ThemedText.tsx": {"path":"/Users/jorgealejandrodiez/Desktop/PickleBallApp/src/components/ThemedText.tsx","statementMap":{"0":{"start":{"line":9,"column":53},"end":{"line":28,"column":1}},"1":{"start":{"line":16,"column":2},"end":{"line":27,"column":4}},"2":{"start":{"line":30,"column":15},"end":{"line":50,"column":2}}},"fnMap":{"0":{"name":"(anonymous_0)","decl":{"start":{"line":9,"column":53},"end":{"line":9,"column":54}},"loc":{"start":{"line":15,"column":6},"end":{"line":28,"column":1}},"line":15}},"branchMap":{"0":{"loc":{"start":{"line":12,"column":2},"end":{"line":12,"column":18}},"type":"default-arg","locations":[{"start":{"line":12,"column":12},"end":{"line":12,"column":18}}],"line":12},"1":{"loc":{"start":{"line":13,"column":2},"end":{"line":13,"column":19}},"type":"default-arg","locations":[{"start":{"line":13,"column":10},"end":{"line":13,"column":19}}],"line":13}},"s":{"0":3,"1":51,"2":3},"f":{"0":51},"b":{"0":[44],"1":[50]},"_coverageSchema":"1a1c01bbd47fc00a2c39e90264f33305004495a9","hash":"2c45f35fea413c58b24ca38d03aabc03265173a1"}
,"/Users/jorgealejandrodiez/Desktop/PickleBallApp/src/components/ThemedView.tsx": {"path":"/Users/jorgealejandrodiez/Desktop/PickleBallApp/src/components/ThemedView.tsx","statementMap":{"0":{"start":{"line":6,"column":22},"end":{"line":6,"column":38}},"1":{"start":{"line":7,"column":35},"end":{"line":7,"column":40}},"2":{"start":{"line":9,"column":2},"end":{"line":14,"column":4}}},"fnMap":{"0":{"name":"ThemedView","decl":{"start":{"line":5,"column":16},"end":{"line":5,"column":26}},"loc":{"start":{"line":5,"column":45},"end":{"line":15,"column":1}},"line":5}},"branchMap":{"0":{"loc":{"start":{"line":11,"column":46},"end":{"line":11,"column":67}},"type":"binary-expr","locations":[{"start":{"line":11,"column":46},"end":{"line":11,"column":61}},{"start":{"line":11,"column":65},"end":{"line":11,"column":67}}],"line":11}},"s":{"0":0,"1":0,"2":0},"f":{"0":0},"b":{"0":[0,0]}}
,"/Users/jorgealejandrodiez/Desktop/PickleBallApp/src/components/common/Collapsible.tsx": {"path":"/Users/jorgealejandrodiez/Desktop/PickleBallApp/src/components/common/Collapsible.tsx","statementMap":{"0":{"start":{"line":11,"column":30},"end":{"line":11,"column":45}},"1":{"start":{"line":12,"column":16},"end":{"line":12,"column":43}},"2":{"start":{"line":14,"column":2},"end":{"line":32,"column":4}},"3":{"start":{"line":18,"column":23},"end":{"line":18,"column":51}},"4":{"start":{"line":18,"column":44},"end":{"line":18,"column":50}},"5":{"start":{"line":35,"column":15},"end":{"line":48,"column":2}}},"fnMap":{"0":{"name":"Collapsible","decl":{"start":{"line":10,"column":16},"end":{"line":10,"column":27}},"loc":{"start":{"line":10,"column":88},"end":{"line":33,"column":1}},"line":10},"1":{"name":"(anonymous_1)","decl":{"start":{"line":18,"column":17},"end":{"line":18,"column":18}},"loc":{"start":{"line":18,"column":23},"end":{"line":18,"column":51}},"line":18},"2":{"name":"(anonymous_2)","decl":{"start":{"line":18,"column":33},"end":{"line":18,"column":34}},"loc":{"start":{"line":18,"column":44},"end":{"line":18,"column":50}},"line":18}},"branchMap":{"0":{"loc":{"start":{"line":12,"column":16},"end":{"line":12,"column":43}},"type":"binary-expr","locations":[{"start":{"line":12,"column":16},"end":{"line":12,"column":32}},{"start":{"line":12,"column":36},"end":{"line":12,"column":43}}],"line":12},"1":{"loc":{"start":{"line":24,"column":17},"end":{"line":24,"column":73}},"type":"cond-expr","locations":[{"start":{"line":24,"column":37},"end":{"line":24,"column":54}},{"start":{"line":24,"column":57},"end":{"line":24,"column":73}}],"line":24},"2":{"loc":{"start":{"line":25,"column":41},"end":{"line":25,"column":66}},"type":"cond-expr","locations":[{"start":{"line":25,"column":50},"end":{"line":25,"column":57}},{"start":{"line":25,"column":60},"end":{"line":25,"column":66}}],"line":25},"3":{"loc":{"start":{"line":30,"column":7},"end":{"line":30,"column":75}},"type":"binary-expr","locations":[{"start":{"line":30,"column":7},"end":{"line":30,"column":13}},{"start":{"line":30,"column":17},"end":{"line":30,"column":75}}],"line":30}},"s":{"0":0,"1":0,"2":0,"3":0,"4":0,"5":0},"f":{"0":0,"1":0,"2":0},"b":{"0":[0,0],"1":[0,0],"2":[0,0],"3":[0,0]}}
,"/Users/jorgealejandrodiez/Desktop/PickleBallApp/src/components/common/ExternalLink.tsx": {"path":"/Users/jorgealejandrodiez/Desktop/PickleBallApp/src/components/common/ExternalLink.tsx","statementMap":{"0":{"start":{"line":9,"column":2},"end":{"line":23,"column":4}},"1":{"start":{"line":15,"column":8},"end":{"line":20,"column":9}},"2":{"start":{"line":17,"column":10},"end":{"line":17,"column":33}},"3":{"start":{"line":19,"column":10},"end":{"line":19,"column":39}}},"fnMap":{"0":{"name":"ExternalLink","decl":{"start":{"line":8,"column":16},"end":{"line":8,"column":28}},"loc":{"start":{"line":8,"column":55},"end":{"line":24,"column":1}},"line":8},"1":{"name":"(anonymous_1)","decl":{"start":{"line":14,"column":15},"end":{"line":14,"column":16}},"loc":{"start":{"line":14,"column":32},"end":{"line":21,"column":7}},"line":14}},"branchMap":{"0":{"loc":{"start":{"line":15,"column":8},"end":{"line":20,"column":9}},"type":"if","locations":[{"start":{"line":15,"column":8},"end":{"line":20,"column":9}},{"start":{},"end":{}}],"line":15}},"s":{"0":0,"1":0,"2":0,"3":0},"f":{"0":0,"1":0},"b":{"0":[0,0]}}
,"/Users/jorgealejandrodiez/Desktop/PickleBallApp/src/components/common/GameCard.tsx": {"path":"/Users/jorgealejandrodiez/Desktop/PickleBallApp/src/components/common/GameCard.tsx","statementMap":{"0":{"start":{"line":10,"column":24},"end":{"line":47,"column":2}},"1":{"start":{"line":14,"column":2},"end":{"line":46,"column":4}},"2":{"start":{"line":16,"column":30},"end":{"line":19,"column":7}},"3":{"start":{"line":49,"column":15},"end":{"line":117,"column":2}}},"fnMap":{"0":{"name":"GameCard","decl":{"start":{"line":10,"column":44},"end":{"line":10,"column":52}},"loc":{"start":{"line":13,"column":18},"end":{"line":47,"column":1}},"line":13},"1":{"name":"(anonymous_1)","decl":{"start":{"line":16,"column":13},"end":{"line":16,"column":14}},"loc":{"start":{"line":16,"column":30},"end":{"line":19,"column":7}},"line":16}},"branchMap":{"0":{"loc":{"start":{"line":18,"column":8},"end":{"line":18,"column":33}},"type":"binary-expr","locations":[{"start":{"line":18,"column":8},"end":{"line":18,"column":15}},{"start":{"line":18,"column":19},"end":{"line":18,"column":33}}],"line":18},"1":{"loc":{"start":{"line":22,"column":7},"end":{"line":28,"column":7}},"type":"binary-expr","locations":[{"start":{"line":22,"column":7},"end":{"line":22,"column":29}},{"start":{"line":23,"column":8},"end":{"line":27,"column":10}}],"line":22}},"s":{"0":0,"1":0,"2":0,"3":0},"f":{"0":0,"1":0},"b":{"0":[0,0],"1":[0,0]}}
,"/Users/jorgealejandrodiez/Desktop/PickleBallApp/src/components/common/HapticTab.tsx": {"path":"/Users/jorgealejandrodiez/Desktop/PickleBallApp/src/components/common/HapticTab.tsx","statementMap":{"0":{"start":{"line":6,"column":2},"end":{"line":17,"column":4}},"1":{"start":{"line":10,"column":8},"end":{"line":13,"column":9}},"2":{"start":{"line":12,"column":10},"end":{"line":12,"column":65}},"3":{"start":{"line":14,"column":8},"end":{"line":14,"column":30}}},"fnMap":{"0":{"name":"HapticTab","decl":{"start":{"line":5,"column":16},"end":{"line":5,"column":25}},"loc":{"start":{"line":5,"column":58},"end":{"line":18,"column":1}},"line":5},"1":{"name":"(anonymous_1)","decl":{"start":{"line":9,"column":17},"end":{"line":9,"column":18}},"loc":{"start":{"line":9,"column":25},"end":{"line":15,"column":7}},"line":9}},"branchMap":{"0":{"loc":{"start":{"line":10,"column":8},"end":{"line":13,"column":9}},"type":"if","locations":[{"start":{"line":10,"column":8},"end":{"line":13,"column":9}},{"start":{},"end":{}}],"line":10}},"s":{"0":0,"1":0,"2":0,"3":0},"f":{"0":0,"1":0},"b":{"0":[0,0]}}
,"/Users/jorgealejandrodiez/Desktop/PickleBallApp/src/components/common/HelloWave.tsx": {"path":"/Users/jorgealejandrodiez/Desktop/PickleBallApp/src/components/common/HelloWave.tsx","statementMap":{"0":{"start":{"line":14,"column":28},"end":{"line":14,"column":45}},"1":{"start":{"line":16,"column":2},"end":{"line":21,"column":9}},"2":{"start":{"line":17,"column":4},"end":{"line":20,"column":6}},"3":{"start":{"line":23,"column":24},"end":{"line":25,"column":5}},"4":{"start":{"line":23,"column":48},"end":{"line":25,"column":3}},"5":{"start":{"line":27,"column":2},"end":{"line":31,"column":4}},"6":{"start":{"line":34,"column":15},"end":{"line":40,"column":2}}},"fnMap":{"0":{"name":"HelloWave","decl":{"start":{"line":13,"column":16},"end":{"line":13,"column":25}},"loc":{"start":{"line":13,"column":28},"end":{"line":32,"column":1}},"line":13},"1":{"name":"(anonymous_1)","decl":{"start":{"line":16,"column":12},"end":{"line":16,"column":13}},"loc":{"start":{"line":16,"column":18},"end":{"line":21,"column":3}},"line":16},"2":{"name":"(anonymous_2)","decl":{"start":{"line":23,"column":41},"end":{"line":23,"column":42}},"loc":{"start":{"line":23,"column":48},"end":{"line":25,"column":3}},"line":23}},"branchMap":{},"s":{"0":0,"1":0,"2":0,"3":0,"4":0,"5":0,"6":0},"f":{"0":0,"1":0,"2":0},"b":{}}
,"/Users/jorgealejandrodiez/Desktop/PickleBallApp/src/components/common/ParallaxScrollView.tsx": {"path":"/Users/jorgealejandrodiez/Desktop/PickleBallApp/src/components/common/ParallaxScrollView.tsx","statementMap":{"0":{"start":{"line":14,"column":22},"end":{"line":14,"column":25}},"1":{"start":{"line":26,"column":22},"end":{"line":26,"column":49}},"2":{"start":{"line":27,"column":20},"end":{"line":27,"column":57}},"3":{"start":{"line":28,"column":23},"end":{"line":28,"column":53}},"4":{"start":{"line":29,"column":17},"end":{"line":29,"column":39}},"5":{"start":{"line":30,"column":30},"end":{"line":45,"column":4}},"6":{"start":{"line":31,"column":4},"end":{"line":44,"column":6}},"7":{"start":{"line":47,"column":2},"end":{"line":65,"column":4}},"8":{"start":{"line":68,"column":15},"end":{"line":82,"column":2}}},"fnMap":{"0":{"name":"ParallaxScrollView","decl":{"start":{"line":21,"column":24},"end":{"line":21,"column":42}},"loc":{"start":{"line":25,"column":10},"end":{"line":66,"column":1}},"line":25},"1":{"name":"(anonymous_1)","decl":{"start":{"line":30,"column":47},"end":{"line":30,"column":48}},"loc":{"start":{"line":30,"column":53},"end":{"line":45,"column":3}},"line":30}},"branchMap":{"0":{"loc":{"start":{"line":26,"column":22},"end":{"line":26,"column":49}},"type":"binary-expr","locations":[{"start":{"line":26,"column":22},"end":{"line":26,"column":38}},{"start":{"line":26,"column":42},"end":{"line":26,"column":49}}],"line":26}},"s":{"0":0,"1":0,"2":0,"3":0,"4":0,"5":0,"6":0,"7":0,"8":0},"f":{"0":0,"1":0},"b":{"0":[0,0]}}
,"/Users/jorgealejandrodiez/Desktop/PickleBallApp/src/components/common/RSVPList.tsx": {"path":"/Users/jorgealejandrodiez/Desktop/PickleBallApp/src/components/common/RSVPList.tsx","statementMap":{"0":{"start":{"line":23,"column":23},"end":{"line":31,"column":1}},"1":{"start":{"line":24,"column":2},"end":{"line":24,"column":38}},"2":{"start":{"line":24,"column":21},"end":{"line":24,"column":38}},"3":{"start":{"line":26,"column":2},"end":{"line":28,"column":3}},"4":{"start":{"line":27,"column":4},"end":{"line":27,"column":33}},"5":{"start":{"line":30,"column":2},"end":{"line":30,"column":38}},"6":{"start":{"line":33,"column":21},"end":{"line":54,"column":2}},"7":{"start":{"line":34,"column":2},"end":{"line":53,"column":21}},"8":{"start":{"line":57,"column":90},"end":{"line":57,"column":117}},"9":{"start":{"line":58,"column":52},"end":{"line":58,"column":72}},"10":{"start":{"line":59,"column":50},"end":{"line":59,"column":64}},"11":{"start":{"line":60,"column":28},"end":{"line":60,"column":56}},"12":{"start":{"line":62,"column":2},"end":{"line":85,"column":15}},"13":{"start":{"line":63,"column":34},"end":{"line":79,"column":5}},"14":{"start":{"line":64,"column":6},"end":{"line":78,"column":7}},"15":{"start":{"line":65,"column":8},"end":{"line":65,"column":34}},"16":{"start":{"line":66,"column":24},"end":{"line":66,"column":66}},"17":{"start":{"line":67,"column":37},"end":{"line":70,"column":11}},"18":{"start":{"line":67,"column":60},"end":{"line":70,"column":9}},"19":{"start":{"line":71,"column":8},"end":{"line":71,"column":43}},"20":{"start":{"line":72,"column":8},"end":{"line":72,"column":23}},"21":{"start":{"line":74,"column":8},"end":{"line":74,"column":64}},"22":{"start":{"line":75,"column":8},"end":{"line":75,"column":94}},"23":{"start":{"line":77,"column":8},"end":{"line":77,"column":35}},"24":{"start":{"line":81,"column":4},"end":{"line":81,"column":28}},"25":{"start":{"line":83,"column":23},"end":{"line":83,"column":63}},"26":{"start":{"line":84,"column":4},"end":{"line":84,"column":43}},"27":{"start":{"line":84,"column":17},"end":{"line":84,"column":42}},"28":{"start":{"line":87,"column":2},"end":{"line":95,"column":3}},"29":{"start":{"line":88,"column":4},"end":{"line":94,"column":6}},"30":{"start":{"line":97,"column":23},"end":{"line":97,"column":64}},"31":{"start":{"line":98,"column":20},"end":{"line":98,"column":61}},"32":{"start":{"line":100,"column":2},"end":{"line":144,"column":4}},"33":{"start":{"line":116,"column":10},"end":{"line":120,"column":12}},"34":{"start":{"line":119,"column":27},"end":{"line":119,"column":50}},"35":{"start":{"line":125,"column":10},"end":{"line":130,"column":12}},"36":{"start":{"line":128,"column":27},"end":{"line":128,"column":50}},"37":{"start":{"line":135,"column":10},"end":{"line":140,"column":17}},"38":{"start":{"line":147,"column":15},"end":{"line":230,"column":2}}},"fnMap":{"0":{"name":"(anonymous_0)","decl":{"start":{"line":23,"column":23},"end":{"line":23,"column":24}},"loc":{"start":{"line":23,"column":63},"end":{"line":31,"column":1}},"line":23},"1":{"name":"(anonymous_1)","decl":{"start":{"line":33,"column":32},"end":{"line":33,"column":33}},"loc":{"start":{"line":34,"column":2},"end":{"line":53,"column":21}},"line":34},"2":{"name":"RSVPList","decl":{"start":{"line":56,"column":16},"end":{"line":56,"column":24}},"loc":{"start":{"line":56,"column":88},"end":{"line":145,"column":1}},"line":56},"3":{"name":"(anonymous_3)","decl":{"start":{"line":62,"column":12},"end":{"line":62,"column":13}},"loc":{"start":{"line":62,"column":18},"end":{"line":85,"column":3}},"line":62},"4":{"name":"(anonymous_4)","decl":{"start":{"line":63,"column":34},"end":{"line":63,"column":35}},"loc":{"start":{"line":63,"column":46},"end":{"line":79,"column":5}},"line":63},"5":{"name":"(anonymous_5)","decl":{"start":{"line":67,"column":49},"end":{"line":67,"column":50}},"loc":{"start":{"line":67,"column":60},"end":{"line":70,"column":9}},"line":67},"6":{"name":"(anonymous_6)","decl":{"start":{"line":84,"column":11},"end":{"line":84,"column":12}},"loc":{"start":{"line":84,"column":17},"end":{"line":84,"column":42}},"line":84},"7":{"name":"(anonymous_7)","decl":{"start":{"line":115,"column":21},"end":{"line":115,"column":22}},"loc":{"start":{"line":116,"column":10},"end":{"line":120,"column":12}},"line":116},"8":{"name":"(anonymous_8)","decl":{"start":{"line":119,"column":21},"end":{"line":119,"column":22}},"loc":{"start":{"line":119,"column":27},"end":{"line":119,"column":50}},"line":119},"9":{"name":"(anonymous_9)","decl":{"start":{"line":124,"column":31},"end":{"line":124,"column":32}},"loc":{"start":{"line":125,"column":10},"end":{"line":130,"column":12}},"line":125},"10":{"name":"(anonymous_10)","decl":{"start":{"line":128,"column":21},"end":{"line":128,"column":22}},"loc":{"start":{"line":128,"column":27},"end":{"line":128,"column":50}},"line":128},"11":{"name":"(anonymous_11)","decl":{"start":{"line":134,"column":63},"end":{"line":134,"column":64}},"loc":{"start":{"line":135,"column":10},"end":{"line":140,"column":17}},"line":135}},"branchMap":{"0":{"loc":{"start":{"line":24,"column":2},"end":{"line":24,"column":38}},"type":"if","locations":[{"start":{"line":24,"column":2},"end":{"line":24,"column":38}},{"start":{},"end":{}}],"line":24},"1":{"loc":{"start":{"line":26,"column":2},"end":{"line":28,"column":3}},"type":"if","locations":[{"start":{"line":26,"column":2},"end":{"line":28,"column":3}},{"start":{},"end":{}}],"line":26},"2":{"loc":{"start":{"line":39,"column":5},"end":{"line":48,"column":5}},"type":"cond-expr","locations":[{"start":{"line":40,"column":6},"end":{"line":43,"column":8}},{"start":{"line":45,"column":6},"end":{"line":47,"column":13}}],"line":39},"3":{"loc":{"start":{"line":42,"column":31},"end":{"line":42,"column":70}},"type":"binary-expr","locations":[{"start":{"line":42,"column":31},"end":{"line":42,"column":43}},{"start":{"line":42,"column":47},"end":{"line":42,"column":70}}],"line":42},"4":{"loc":{"start":{"line":45,"column":35},"end":{"line":45,"column":96}},"type":"cond-expr","locations":[{"start":{"line":45,"column":50},"end":{"line":45,"column":73}},{"start":{"line":45,"column":76},"end":{"line":45,"column":96}}],"line":45},"5":{"loc":{"start":{"line":46,"column":56},"end":{"line":46,"column":92}},"type":"cond-expr","locations":[{"start":{"line":46,"column":71},"end":{"line":46,"column":80}},{"start":{"line":46,"column":83},"end":{"line":46,"column":92}}],"line":46},"6":{"loc":{"start":{"line":51,"column":7},"end":{"line":51,"column":38}},"type":"binary-expr","locations":[{"start":{"line":51,"column":7},"end":{"line":51,"column":19}},{"start":{"line":51,"column":23},"end":{"line":51,"column":38}}],"line":51},"7":{"loc":{"start":{"line":69,"column":23},"end":{"line":69,"column":54}},"type":"binary-expr","locations":[{"start":{"line":69,"column":23},"end":{"line":69,"column":40}},{"start":{"line":69,"column":44},"end":{"line":69,"column":54}}],"line":69},"8":{"loc":{"start":{"line":75,"column":17},"end":{"line":75,"column":92}},"type":"cond-expr","locations":[{"start":{"line":75,"column":40},"end":{"line":75,"column":43}},{"start":{"line":75,"column":46},"end":{"line":75,"column":92}}],"line":75},"9":{"loc":{"start":{"line":87,"column":2},"end":{"line":95,"column":3}},"type":"if","locations":[{"start":{"line":87,"column":2},"end":{"line":95,"column":3}},{"start":{},"end":{}}],"line":87},"10":{"loc":{"start":{"line":87,"column":6},"end":{"line":87,"column":32}},"type":"binary-expr","locations":[{"start":{"line":87,"column":6},"end":{"line":87,"column":11}},{"start":{"line":87,"column":15},"end":{"line":87,"column":32}}],"line":87},"11":{"loc":{"start":{"line":91,"column":11},"end":{"line":91,"column":83}},"type":"binary-expr","locations":[{"start":{"line":91,"column":11},"end":{"line":91,"column":25}},{"start":{"line":91,"column":29},"end":{"line":91,"column":55}},{"start":{"line":91,"column":59},"end":{"line":91,"column":83}}],"line":91},"12":{"loc":{"start":{"line":98,"column":20},"end":{"line":98,"column":61}},"type":"binary-expr","locations":[{"start":{"line":98,"column":20},"end":{"line":98,"column":41}},{"start":{"line":98,"column":45},"end":{"line":98,"column":61}}],"line":98},"13":{"loc":{"start":{"line":105,"column":11},"end":{"line":105,"column":69}},"type":"cond-expr","locations":[{"start":{"line":105,"column":23},"end":{"line":105,"column":35}},{"start":{"line":105,"column":38},"end":{"line":105,"column":69}}],"line":105}},"s":{"0":0,"1":0,"2":0,"3":0,"4":0,"5":0,"6":0,"7":0,"8":0,"9":0,"10":0,"11":0,"12":0,"13":0,"14":0,"15":0,"16":0,"17":0,"18":0,"19":0,"20":0,"21":0,"22":0,"23":0,"24":0,"25":0,"26":0,"27":0,"28":0,"29":0,"30":0,"31":0,"32":0,"33":0,"34":0,"35":0,"36":0,"37":0,"38":0},"f":{"0":0,"1":0,"2":0,"3":0,"4":0,"5":0,"6":0,"7":0,"8":0,"9":0,"10":0,"11":0},"b":{"0":[0,0],"1":[0,0],"2":[0,0],"3":[0,0],"4":[0,0],"5":[0,0],"6":[0,0],"7":[0,0],"8":[0,0],"9":[0,0],"10":[0,0],"11":[0,0,0],"12":[0,0],"13":[0,0]}}
,"/Users/jorgealejandrodiez/Desktop/PickleBallApp/src/components/common/SpotsAvailability.tsx": {"path":"/Users/jorgealejandrodiez/Desktop/PickleBallApp/src/components/common/SpotsAvailability.tsx","statementMap":{"0":{"start":{"line":22,"column":6},"end":{"line":22,"column":33}},"1":{"start":{"line":24,"column":2},"end":{"line":26,"column":3}},"2":{"start":{"line":25,"column":4},"end":{"line":25,"column":16}},"3":{"start":{"line":28,"column":2},"end":{"line":58,"column":4}},"4":{"start":{"line":61,"column":15},"end":{"line":104,"column":2}}},"fnMap":{"0":{"name":"SpotsAvailability","decl":{"start":{"line":11,"column":16},"end":{"line":11,"column":33}},"loc":{"start":{"line":15,"column":27},"end":{"line":59,"column":1}},"line":15}},"branchMap":{"0":{"loc":{"start":{"line":13,"column":2},"end":{"line":13,"column":18}},"type":"default-arg","locations":[{"start":{"line":13,"column":12},"end":{"line":13,"column":18}}],"line":13},"1":{"loc":{"start":{"line":14,"column":2},"end":{"line":14,"column":25}},"type":"default-arg","locations":[{"start":{"line":14,"column":21},"end":{"line":14,"column":25}}],"line":14},"2":{"loc":{"start":{"line":24,"column":2},"end":{"line":26,"column":3}},"type":"if","locations":[{"start":{"line":24,"column":2},"end":{"line":26,"column":3}},{"start":{},"end":{}}],"line":24},"3":{"loc":{"start":{"line":24,"column":6},"end":{"line":24,"column":36}},"type":"binary-expr","locations":[{"start":{"line":24,"column":6},"end":{"line":24,"column":23}},{"start":{"line":24,"column":27},"end":{"line":24,"column":36}}],"line":24},"4":{"loc":{"start":{"line":31,"column":6},"end":{"line":31,"column":52}},"type":"binary-expr","locations":[{"start":{"line":31,"column":6},"end":{"line":31,"column":26}},{"start":{"line":31,"column":30},"end":{"line":31,"column":52}}],"line":31},"5":{"loc":{"start":{"line":33,"column":7},"end":{"line":56,"column":7}},"type":"cond-expr","locations":[{"start":{"line":34,"column":8},"end":{"line":37,"column":15}},{"start":{"line":38,"column":10},"end":{"line":56,"column":7}}],"line":33},"6":{"loc":{"start":{"line":38,"column":10},"end":{"line":56,"column":7}},"type":"cond-expr","locations":[{"start":{"line":39,"column":8},"end":{"line":39,"column":74}},{"start":{"line":41,"column":8},"end":{"line":55,"column":15}}],"line":38},"7":{"loc":{"start":{"line":44,"column":12},"end":{"line":44,"column":54}},"type":"binary-expr","locations":[{"start":{"line":44,"column":12},"end":{"line":44,"column":32}},{"start":{"line":44,"column":36},"end":{"line":44,"column":54}}],"line":44},"8":{"loc":{"start":{"line":50,"column":12},"end":{"line":50,"column":38}},"type":"binary-expr","locations":[{"start":{"line":50,"column":12},"end":{"line":50,"column":18}},{"start":{"line":50,"column":22},"end":{"line":50,"column":38}}],"line":50},"9":{"loc":{"start":{"line":51,"column":12},"end":{"line":51,"column":54}},"type":"binary-expr","locations":[{"start":{"line":51,"column":12},"end":{"line":51,"column":32}},{"start":{"line":51,"column":36},"end":{"line":51,"column":54}}],"line":51}},"s":{"0":0,"1":0,"2":0,"3":0,"4":0},"f":{"0":0},"b":{"0":[0],"1":[0],"2":[0,0],"3":[0,0],"4":[0,0],"5":[0,0],"6":[0,0],"7":[0,0],"8":[0,0],"9":[0,0]}}
,"/Users/jorgealejandrodiez/Desktop/PickleBallApp/src/components/common/ThemedText.tsx": {"path":"/Users/jorgealejandrodiez/Desktop/PickleBallApp/src/components/common/ThemedText.tsx","statementMap":{"0":{"start":{"line":18,"column":16},"end":{"line":18,"column":77}},"1":{"start":{"line":20,"column":2},"end":{"line":33,"column":4}},"2":{"start":{"line":36,"column":15},"end":{"line":60,"column":2}}},"fnMap":{"0":{"name":"ThemedText","decl":{"start":{"line":11,"column":16},"end":{"line":11,"column":26}},"loc":{"start":{"line":17,"column":20},"end":{"line":34,"column":1}},"line":17}},"branchMap":{"0":{"loc":{"start":{"line":15,"column":2},"end":{"line":15,"column":18}},"type":"default-arg","locations":[{"start":{"line":15,"column":9},"end":{"line":15,"column":18}}],"line":15},"1":{"loc":{"start":{"line":24,"column":8},"end":{"line":24,"column":55}},"type":"cond-expr","locations":[{"start":{"line":24,"column":29},"end":{"line":24,"column":43}},{"start":{"line":24,"column":46},"end":{"line":24,"column":55}}],"line":24},"2":{"loc":{"start":{"line":25,"column":8},"end":{"line":25,"column":51}},"type":"cond-expr","locations":[{"start":{"line":25,"column":27},"end":{"line":25,"column":39}},{"start":{"line":25,"column":42},"end":{"line":25,"column":51}}],"line":25},"3":{"loc":{"start":{"line":26,"column":8},"end":{"line":26,"column":71}},"type":"cond-expr","locations":[{"start":{"line":26,"column":37},"end":{"line":26,"column":59}},{"start":{"line":26,"column":62},"end":{"line":26,"column":71}}],"line":26},"4":{"loc":{"start":{"line":27,"column":8},"end":{"line":27,"column":57}},"type":"cond-expr","locations":[{"start":{"line":27,"column":30},"end":{"line":27,"column":45}},{"start":{"line":27,"column":48},"end":{"line":27,"column":57}}],"line":27},"5":{"loc":{"start":{"line":28,"column":8},"end":{"line":28,"column":49}},"type":"cond-expr","locations":[{"start":{"line":28,"column":26},"end":{"line":28,"column":37}},{"start":{"line":28,"column":40},"end":{"line":28,"column":49}}],"line":28}},"s":{"0":5,"1":5,"2":1},"f":{"0":5},"b":{"0":[5],"1":[5,0],"2":[0,5],"3":[0,5],"4":[0,5],"5":[0,5]},"_coverageSchema":"1a1c01bbd47fc00a2c39e90264f33305004495a9","hash":"3c09a8a6b3aacd5034cb5c755c9a86f068b0a6c8"}
,"/Users/jorgealejandrodiez/Desktop/PickleBallApp/src/components/common/ThemedView.tsx": {"path":"/Users/jorgealejandrodiez/Desktop/PickleBallApp/src/components/common/ThemedView.tsx","statementMap":{"0":{"start":{"line":11,"column":26},"end":{"line":11,"column":93}},"1":{"start":{"line":13,"column":2},"end":{"line":13,"column":71}}},"fnMap":{"0":{"name":"ThemedView","decl":{"start":{"line":10,"column":16},"end":{"line":10,"column":26}},"loc":{"start":{"line":10,"column":93},"end":{"line":14,"column":1}},"line":10}},"branchMap":{},"s":{"0":0,"1":0},"f":{"0":0},"b":{}}
,"/Users/jorgealejandrodiez/Desktop/PickleBallApp/src/components/common/icons/GoogleIcon.tsx": {"path":"/Users/jorgealejandrodiez/Desktop/PickleBallApp/src/components/common/icons/GoogleIcon.tsx","statementMap":{"0":{"start":{"line":8,"column":53},"end":{"line":29,"column":1}},"1":{"start":{"line":9,"column":2},"end":{"line":28,"column":4}}},"fnMap":{"0":{"name":"(anonymous_0)","decl":{"start":{"line":8,"column":53},"end":{"line":8,"column":54}},"loc":{"start":{"line":8,"column":72},"end":{"line":29,"column":1}},"line":8}},"branchMap":{"0":{"loc":{"start":{"line":8,"column":56},"end":{"line":8,"column":65}},"type":"default-arg","locations":[{"start":{"line":8,"column":63},"end":{"line":8,"column":65}}],"line":8}},"s":{"0":0,"1":0},"f":{"0":0},"b":{"0":[0]}}
,"/Users/jorgealejandrodiez/Desktop/PickleBallApp/src/components/common/icons/VerifyEmailIcon.tsx": {"path":"/Users/jorgealejandrodiez/Desktop/PickleBallApp/src/components/common/icons/VerifyEmailIcon.tsx","statementMap":{"0":{"start":{"line":9,"column":63},"end":{"line":52,"column":1}},"1":{"start":{"line":13,"column":2},"end":{"line":51,"column":4}}},"fnMap":{"0":{"name":"(anonymous_0)","decl":{"start":{"line":9,"column":63},"end":{"line":9,"column":64}},"loc":{"start":{"line":12,"column":6},"end":{"line":52,"column":1}},"line":12}},"branchMap":{"0":{"loc":{"start":{"line":10,"column":2},"end":{"line":10,"column":11}},"type":"default-arg","locations":[{"start":{"line":10,"column":9},"end":{"line":10,"column":11}}],"line":10},"1":{"loc":{"start":{"line":11,"column":2},"end":{"line":11,"column":19}},"type":"default-arg","locations":[{"start":{"line":11,"column":10},"end":{"line":11,"column":19}}],"line":11}},"s":{"0":0,"1":0},"f":{"0":0},"b":{"0":[0],"1":[0]}}
,"/Users/jorgealejandrodiez/Desktop/PickleBallApp/src/components/common/navigation/HapticTab.tsx": {"path":"/Users/jorgealejandrodiez/Desktop/PickleBallApp/src/components/common/navigation/HapticTab.tsx","statementMap":{"0":{"start":{"line":6,"column":25},"end":{"line":21,"column":1}},"1":{"start":{"line":7,"column":22},"end":{"line":10,"column":15}},"2":{"start":{"line":8,"column":4},"end":{"line":8,"column":59}},"3":{"start":{"line":9,"column":4},"end":{"line":9,"column":17}},"4":{"start":{"line":12,"column":2},"end":{"line":20,"column":4}}},"fnMap":{"0":{"name":"(anonymous_0)","decl":{"start":{"line":6,"column":25},"end":{"line":6,"column":26}},"loc":{"start":{"line":6,"column":87},"end":{"line":21,"column":1}},"line":6},"1":{"name":"(anonymous_1)","decl":{"start":{"line":7,"column":40},"end":{"line":7,"column":41}},"loc":{"start":{"line":7,"column":52},"end":{"line":10,"column":3}},"line":7}},"branchMap":{},"s":{"0":0,"1":0,"2":0,"3":0,"4":0},"f":{"0":0,"1":0},"b":{}}
,"/Users/jorgealejandrodiez/Desktop/PickleBallApp/src/components/common/navigation/TabBarBackground.tsx": {"path":"/Users/jorgealejandrodiez/Desktop/PickleBallApp/src/components/common/navigation/TabBarBackground.tsx","statementMap":{"0":{"start":{"line":4,"column":42},"end":{"line":8,"column":1}},"1":{"start":{"line":5,"column":2},"end":{"line":7,"column":4}}},"fnMap":{"0":{"name":"(anonymous_0)","decl":{"start":{"line":4,"column":42},"end":{"line":4,"column":43}},"loc":{"start":{"line":4,"column":48},"end":{"line":8,"column":1}},"line":4}},"branchMap":{},"s":{"0":0,"1":0},"f":{"0":0},"b":{}}
,"/Users/jorgealejandrodiez/Desktop/PickleBallApp/src/components/common/ui/Button.tsx": {"path":"/Users/jorgealejandrodiez/Desktop/PickleBallApp/src/components/common/ui/Button.tsx","statementMap":{"0":{"start":{"line":12,"column":22},"end":{"line":16,"column":1}},"1":{"start":{"line":29,"column":45},"end":{"line":160,"column":1}},"2":{"start":{"line":42,"column":21},"end":{"line":42,"column":40}},"3":{"start":{"line":45,"column":25},"end":{"line":45,"column":82}},"4":{"start":{"line":47,"column":2},"end":{"line":52,"column":5}},"5":{"start":{"line":54,"column":25},"end":{"line":89,"column":3}},"6":{"start":{"line":55,"column":26},"end":{"line":60,"column":5}},"7":{"start":{"line":62,"column":23},"end":{"line":66,"column":5}},"8":{"start":{"line":68,"column":30},"end":{"line":68,"column":83}},"9":{"start":{"line":70,"column":4},"end":{"line":77,"column":7}},"10":{"start":{"line":79,"column":27},"end":{"line":86,"column":5}},"11":{"start":{"line":88,"column":4},"end":{"line":88,"column":26}},"12":{"start":{"line":91,"column":23},"end":{"line":113,"column":3}},"13":{"start":{"line":92,"column":30},"end":{"line":97,"column":5}},"14":{"start":{"line":99,"column":23},"end":{"line":103,"column":5}},"15":{"start":{"line":105,"column":4},"end":{"line":110,"column":7}},"16":{"start":{"line":112,"column":4},"end":{"line":112,"column":22}},"17":{"start":{"line":115,"column":2},"end":{"line":126,"column":5}},"18":{"start":{"line":128,"column":22},"end":{"line":128,"column":82}},"19":{"start":{"line":130,"column":2},"end":{"line":159,"column":4}},"20":{"start":{"line":162,"column":15},"end":{"line":235,"column":2}}},"fnMap":{"0":{"name":"(anonymous_0)","decl":{"start":{"line":29,"column":45},"end":{"line":29,"column":46}},"loc":{"start":{"line":41,"column":6},"end":{"line":160,"column":1}},"line":41},"1":{"name":"(anonymous_1)","decl":{"start":{"line":54,"column":25},"end":{"line":54,"column":26}},"loc":{"start":{"line":54,"column":31},"end":{"line":89,"column":3}},"line":54},"2":{"name":"(anonymous_2)","decl":{"start":{"line":91,"column":23},"end":{"line":91,"column":24}},"loc":{"start":{"line":91,"column":29},"end":{"line":113,"column":3}},"line":91}},"branchMap":{"0":{"loc":{"start":{"line":31,"column":2},"end":{"line":31,"column":21}},"type":"default-arg","locations":[{"start":{"line":31,"column":12},"end":{"line":31,"column":21}}],"line":31},"1":{"loc":{"start":{"line":32,"column":2},"end":{"line":32,"column":17}},"type":"default-arg","locations":[{"start":{"line":32,"column":9},"end":{"line":32,"column":17}}],"line":32},"2":{"loc":{"start":{"line":33,"column":2},"end":{"line":33,"column":17}},"type":"default-arg","locations":[{"start":{"line":33,"column":12},"end":{"line":33,"column":17}}],"line":33},"3":{"loc":{"start":{"line":34,"column":2},"end":{"line":34,"column":18}},"type":"default-arg","locations":[{"start":{"line":34,"column":13},"end":{"line":34,"column":18}}],"line":34},"4":{"loc":{"start":{"line":35,"column":2},"end":{"line":35,"column":19}},"type":"default-arg","locations":[{"start":{"line":35,"column":14},"end":{"line":35,"column":19}}],"line":35},"5":{"loc":{"start":{"line":42,"column":21},"end":{"line":42,"column":40}},"type":"binary-expr","locations":[{"start":{"line":42,"column":21},"end":{"line":42,"column":29}},{"start":{"line":42,"column":33},"end":{"line":42,"column":40}}],"line":42},"6":{"loc":{"start":{"line":45,"column":25},"end":{"line":45,"column":82}},"type":"binary-expr","locations":[{"start":{"line":45,"column":25},"end":{"line":45,"column":74}},{"start":{"line":45,"column":78},"end":{"line":45,"column":82}}],"line":45},"7":{"loc":{"start":{"line":48,"column":17},"end":{"line":48,"column":47}},"type":"binary-expr","locations":[{"start":{"line":48,"column":17},"end":{"line":48,"column":35}},{"start":{"line":48,"column":39},"end":{"line":48,"column":47}}],"line":48},"8":{"loc":{"start":{"line":71,"column":19},"end":{"line":71,"column":49}},"type":"binary-expr","locations":[{"start":{"line":71,"column":19},"end":{"line":71,"column":37}},{"start":{"line":71,"column":41},"end":{"line":71,"column":49}}],"line":71},"9":{"loc":{"start":{"line":76,"column":23},"end":{"line":76,"column":52}},"type":"cond-expr","locations":[{"start":{"line":76,"column":31},"end":{"line":76,"column":43}},{"start":{"line":76,"column":46},"end":{"line":76,"column":52}}],"line":76},"10":{"loc":{"start":{"line":83,"column":6},"end":{"line":83,"column":35}},"type":"binary-expr","locations":[{"start":{"line":83,"column":6},"end":{"line":83,"column":15}},{"start":{"line":83,"column":19},"end":{"line":83,"column":35}}],"line":83},"11":{"loc":{"start":{"line":84,"column":6},"end":{"line":84,"column":35}},"type":"binary-expr","locations":[{"start":{"line":84,"column":6},"end":{"line":84,"column":16}},{"start":{"line":84,"column":20},"end":{"line":84,"column":35}}],"line":84},"12":{"loc":{"start":{"line":102,"column":6},"end":{"line":102,"column":39}},"type":"binary-expr","locations":[{"start":{"line":102,"column":6},"end":{"line":102,"column":16}},{"start":{"line":102,"column":20},"end":{"line":102,"column":39}}],"line":102},"13":{"loc":{"start":{"line":106,"column":19},"end":{"line":106,"column":49}},"type":"binary-expr","locations":[{"start":{"line":106,"column":19},"end":{"line":106,"column":37}},{"start":{"line":106,"column":41},"end":{"line":106,"column":49}}],"line":106},"14":{"loc":{"start":{"line":116,"column":17},"end":{"line":116,"column":47}},"type":"binary-expr","locations":[{"start":{"line":116,"column":17},"end":{"line":116,"column":35}},{"start":{"line":116,"column":39},"end":{"line":116,"column":47}}],"line":116},"15":{"loc":{"start":{"line":128,"column":22},"end":{"line":128,"column":82}},"type":"cond-expr","locations":[{"start":{"line":128,"column":53},"end":{"line":128,"column":61}},{"start":{"line":128,"column":64},"end":{"line":128,"column":82}}],"line":128},"16":{"loc":{"start":{"line":145,"column":7},"end":{"line":157,"column":7}},"type":"cond-expr","locations":[{"start":{"line":146,"column":8},"end":{"line":152,"column":15}},{"start":{"line":153,"column":10},"end":{"line":157,"column":7}}],"line":145},"17":{"loc":{"start":{"line":149,"column":19},"end":{"line":149,"column":64}},"type":"cond-expr","locations":[{"start":{"line":149,"column":43},"end":{"line":149,"column":52}},{"start":{"line":149,"column":55},"end":{"line":149,"column":64}}],"line":149},"18":{"loc":{"start":{"line":153,"column":10},"end":{"line":157,"column":7}},"type":"cond-expr","locations":[{"start":{"line":154,"column":8},"end":{"line":154,"column":66}},{"start":{"line":156,"column":8},"end":{"line":156,"column":16}}],"line":153}},"s":{"0":2,"1":2,"2":23,"3":23,"4":23,"5":23,"6":23,"7":23,"8":23,"9":23,"10":23,"11":23,"12":23,"13":20,"14":20,"15":20,"16":20,"17":23,"18":23,"19":23,"20":2},"f":{"0":23,"1":23,"2":20},"b":{"0":[20],"1":[22],"2":[21],"3":[21],"4":[22],"5":[23,21],"6":[23,23],"7":[23,21],"8":[23,21],"9":[0,23],"10":[23,1],"11":[23,3],"12":[20,1],"13":[20,19],"14":[23,21],"15":[22,1],"16":[2,21],"17":[0,2],"18":[20,1]},"_coverageSchema":"1a1c01bbd47fc00a2c39e90264f33305004495a9","hash":"45c39b5ce8457bb58627a730b121cb88e5180213"}
,"/Users/jorgealejandrodiez/Desktop/PickleBallApp/src/components/common/ui/ErrorBoundary.tsx": {"path":"/Users/jorgealejandrodiez/Desktop/PickleBallApp/src/components/common/ui/ErrorBoundary.tsx","statementMap":{"0":{"start":{"line":19,"column":4},"end":{"line":19,"column":17}},"1":{"start":{"line":20,"column":4},"end":{"line":20,"column":50}},"2":{"start":{"line":24,"column":4},"end":{"line":24,"column":37}},"3":{"start":{"line":28,"column":4},"end":{"line":28,"column":43}},"4":{"start":{"line":31,"column":15},"end":{"line":33,"column":3}},"5":{"start":{"line":32,"column":4},"end":{"line":32,"column":52}},"6":{"start":{"line":36,"column":4},"end":{"line":50,"column":5}},"7":{"start":{"line":37,"column":6},"end":{"line":39,"column":7}},"8":{"start":{"line":38,"column":8},"end":{"line":38,"column":35}},"9":{"start":{"line":41,"column":6},"end":{"line":49,"column":8}},"10":{"start":{"line":52,"column":4},"end":{"line":52,"column":31}},"11":{"start":{"line":56,"column":15},"end":{"line":73,"column":2}}},"fnMap":{"0":{"name":"(anonymous_0)","decl":{"start":{"line":18,"column":2},"end":{"line":18,"column":3}},"loc":{"start":{"line":18,"column":28},"end":{"line":21,"column":3}},"line":18},"1":{"name":"(anonymous_1)","decl":{"start":{"line":23,"column":2},"end":{"line":23,"column":3}},"loc":{"start":{"line":23,"column":55},"end":{"line":25,"column":3}},"line":23},"2":{"name":"(anonymous_2)","decl":{"start":{"line":27,"column":2},"end":{"line":27,"column":3}},"loc":{"start":{"line":27,"column":62},"end":{"line":29,"column":3}},"line":27},"3":{"name":"(anonymous_3)","decl":{"start":{"line":31,"column":15},"end":{"line":31,"column":16}},"loc":{"start":{"line":31,"column":21},"end":{"line":33,"column":3}},"line":31},"4":{"name":"(anonymous_4)","decl":{"start":{"line":35,"column":2},"end":{"line":35,"column":3}},"loc":{"start":{"line":35,"column":11},"end":{"line":53,"column":3}},"line":35}},"branchMap":{"0":{"loc":{"start":{"line":36,"column":4},"end":{"line":50,"column":5}},"type":"if","locations":[{"start":{"line":36,"column":4},"end":{"line":50,"column":5}},{"start":{},"end":{}}],"line":36},"1":{"loc":{"start":{"line":37,"column":6},"end":{"line":39,"column":7}},"type":"if","locations":[{"start":{"line":37,"column":6},"end":{"line":39,"column":7}},{"start":{},"end":{}}],"line":37},"2":{"loc":{"start":{"line":45,"column":13},"end":{"line":45,"column":72}},"type":"binary-expr","locations":[{"start":{"line":45,"column":13},"end":{"line":45,"column":38}},{"start":{"line":45,"column":42},"end":{"line":45,"column":72}}],"line":45}},"s":{"0":13,"1":13,"2":12,"3":6,"4":13,"5":1,"6":27,"7":12,"8":2,"9":10,"10":15,"11":1},"f":{"0":13,"1":12,"2":6,"3":1,"4":27},"b":{"0":[12,15],"1":[2,10],"2":[10,0]},"_coverageSchema":"1a1c01bbd47fc00a2c39e90264f33305004495a9","hash":"3419ca257142c69ed8c79f95d4c36473e17284e5"}
,"/Users/jorgealejandrodiez/Desktop/PickleBallApp/src/components/common/ui/GameList.tsx": {"path":"/Users/jorgealejandrodiez/Desktop/PickleBallApp/src/components/common/ui/GameList.tsx","statementMap":{"0":{"start":{"line":11,"column":17},"end":{"line":11,"column":185}},"1":{"start":{"line":26,"column":51},"end":{"line":101,"column":1}},"2":{"start":{"line":38,"column":94},"end":{"line":38,"column":104}},"3":{"start":{"line":39,"column":16},"end":{"line":39,"column":36}},"4":{"start":{"line":40,"column":20},"end":{"line":40,"column":45}},"5":{"start":{"line":41,"column":19},"end":{"line":41,"column":40}},"6":{"start":{"line":44,"column":2},"end":{"line":51,"column":43}},"7":{"start":{"line":45,"column":4},"end":{"line":50,"column":5}},"8":{"start":{"line":46,"column":25},"end":{"line":46,"column":66}},"9":{"start":{"line":47,"column":6},"end":{"line":49,"column":9}},"10":{"start":{"line":48,"column":8},"end":{"line":48,"column":30}},"11":{"start":{"line":53,"column":23},"end":{"line":53,"column":63}},"12":{"start":{"line":53,"column":51},"end":{"line":53,"column":58}},"13":{"start":{"line":55,"column":43},"end":{"line":63,"column":3}},"14":{"start":{"line":57,"column":6},"end":{"line":60,"column":8}},"15":{"start":{"line":59,"column":23},"end":{"line":59,"column":42}},"16":{"start":{"line":65,"column":25},"end":{"line":80,"column":47}},"17":{"start":{"line":66,"column":4},"end":{"line":66,"column":45}},"18":{"start":{"line":66,"column":19},"end":{"line":66,"column":45}},"19":{"start":{"line":67,"column":4},"end":{"line":73,"column":5}},"20":{"start":{"line":68,"column":6},"end":{"line":72,"column":8}},"21":{"start":{"line":74,"column":4},"end":{"line":74,"column":54}},"22":{"start":{"line":74,"column":28},"end":{"line":74,"column":54}},"23":{"start":{"line":75,"column":4},"end":{"line":79,"column":6}},"24":{"start":{"line":82,"column":2},"end":{"line":100,"column":4}},"25":{"start":{"line":96,"column":8},"end":{"line":96,"column":40}},"26":{"start":{"line":103,"column":21},"end":{"line":130,"column":1}},"27":{"start":{"line":105,"column":4},"end":{"line":127,"column":6}},"28":{"start":{"line":129,"column":18},"end":{"line":129,"column":47}},"29":{"start":{"line":132,"column":15},"end":{"line":173,"column":2}},"30":{"start":{"line":175,"column":24},"end":{"line":175,"column":51}}},"fnMap":{"0":{"name":"(anonymous_0)","decl":{"start":{"line":26,"column":51},"end":{"line":26,"column":52}},"loc":{"start":{"line":37,"column":6},"end":{"line":101,"column":1}},"line":37},"1":{"name":"(anonymous_1)","decl":{"start":{"line":44,"column":12},"end":{"line":44,"column":13}},"loc":{"start":{"line":44,"column":18},"end":{"line":51,"column":3}},"line":44},"2":{"name":"(anonymous_2)","decl":{"start":{"line":47,"column":38},"end":{"line":47,"column":39}},"loc":{"start":{"line":47,"column":46},"end":{"line":49,"column":7}},"line":47},"3":{"name":"(anonymous_3)","decl":{"start":{"line":53,"column":35},"end":{"line":53,"column":36}},"loc":{"start":{"line":53,"column":51},"end":{"line":53,"column":58}},"line":53},"4":{"name":"(anonymous_4)","decl":{"start":{"line":56,"column":4},"end":{"line":56,"column":5}},"loc":{"start":{"line":57,"column":6},"end":{"line":60,"column":8}},"line":57},"5":{"name":"(anonymous_5)","decl":{"start":{"line":59,"column":17},"end":{"line":59,"column":18}},"loc":{"start":{"line":59,"column":23},"end":{"line":59,"column":42}},"line":59},"6":{"name":"(anonymous_6)","decl":{"start":{"line":65,"column":33},"end":{"line":65,"column":34}},"loc":{"start":{"line":65,"column":39},"end":{"line":80,"column":3}},"line":65},"7":{"name":"(anonymous_7)","decl":{"start":{"line":95,"column":26},"end":{"line":95,"column":27}},"loc":{"start":{"line":95,"column":44},"end":{"line":97,"column":7}},"line":95},"8":{"name":"(anonymous_8)","decl":{"start":{"line":104,"column":2},"end":{"line":104,"column":3}},"loc":{"start":{"line":104,"column":25},"end":{"line":128,"column":3}},"line":104},"9":{"name":"(anonymous_9)","decl":{"start":{"line":129,"column":2},"end":{"line":129,"column":3}},"loc":{"start":{"line":129,"column":18},"end":{"line":129,"column":47}},"line":129}},"branchMap":{"0":{"loc":{"start":{"line":28,"column":2},"end":{"line":28,"column":17}},"type":"default-arg","locations":[{"start":{"line":28,"column":12},"end":{"line":28,"column":17}}],"line":28},"1":{"loc":{"start":{"line":29,"column":2},"end":{"line":29,"column":14}},"type":"default-arg","locations":[{"start":{"line":29,"column":10},"end":{"line":29,"column":14}}],"line":29},"2":{"loc":{"start":{"line":35,"column":2},"end":{"line":35,"column":25}},"type":"default-arg","locations":[{"start":{"line":35,"column":22},"end":{"line":35,"column":25}}],"line":35},"3":{"loc":{"start":{"line":36,"column":2},"end":{"line":36,"column":19}},"type":"default-arg","locations":[{"start":{"line":36,"column":18},"end":{"line":36,"column":19}}],"line":36},"4":{"loc":{"start":{"line":39,"column":16},"end":{"line":39,"column":36}},"type":"binary-expr","locations":[{"start":{"line":39,"column":16},"end":{"line":39,"column":20}},{"start":{"line":39,"column":24},"end":{"line":39,"column":36}}],"line":39},"5":{"loc":{"start":{"line":40,"column":20},"end":{"line":40,"column":45}},"type":"binary-expr","locations":[{"start":{"line":40,"column":20},"end":{"line":40,"column":27}},{"start":{"line":40,"column":31},"end":{"line":40,"column":45}}],"line":40},"6":{"loc":{"start":{"line":41,"column":19},"end":{"line":41,"column":40}},"type":"binary-expr","locations":[{"start":{"line":41,"column":19},"end":{"line":41,"column":24}},{"start":{"line":41,"column":28},"end":{"line":41,"column":40}}],"line":41},"7":{"loc":{"start":{"line":45,"column":4},"end":{"line":50,"column":5}},"type":"if","locations":[{"start":{"line":45,"column":4},"end":{"line":50,"column":5}},{"start":{},"end":{}}],"line":45},"8":{"loc":{"start":{"line":45,"column":8},"end":{"line":45,"column":40}},"type":"binary-expr","locations":[{"start":{"line":45,"column":8},"end":{"line":45,"column":20}},{"start":{"line":45,"column":24},"end":{"line":45,"column":40}}],"line":45},"9":{"loc":{"start":{"line":66,"column":4},"end":{"line":66,"column":45}},"type":"if","locations":[{"start":{"line":66,"column":4},"end":{"line":66,"column":45}},{"start":{},"end":{}}],"line":66},"10":{"loc":{"start":{"line":67,"column":4},"end":{"line":73,"column":5}},"type":"if","locations":[{"start":{"line":67,"column":4},"end":{"line":73,"column":5}},{"start":{},"end":{}}],"line":67},"11":{"loc":{"start":{"line":74,"column":4},"end":{"line":74,"column":54}},"type":"if","locations":[{"start":{"line":74,"column":4},"end":{"line":74,"column":54}},{"start":{},"end":{}}],"line":74},"12":{"loc":{"start":{"line":107,"column":9},"end":{"line":116,"column":9}},"type":"binary-expr","locations":[{"start":{"line":107,"column":9},"end":{"line":107,"column":31}},{"start":{"line":108,"column":10},"end":{"line":115,"column":12}}],"line":107}},"s":{"0":0,"1":0,"2":0,"3":0,"4":0,"5":0,"6":0,"7":0,"8":0,"9":0,"10":0,"11":0,"12":0,"13":0,"14":0,"15":0,"16":0,"17":0,"18":0,"19":0,"20":0,"21":0,"22":0,"23":0,"24":0,"25":0,"26":0,"27":0,"28":0,"29":0,"30":0},"f":{"0":0,"1":0,"2":0,"3":0,"4":0,"5":0,"6":0,"7":0,"8":0,"9":0},"b":{"0":[0],"1":[0],"2":[0],"3":[0],"4":[0,0],"5":[0,0],"6":[0,0],"7":[0,0],"8":[0,0],"9":[0,0],"10":[0,0],"11":[0,0],"12":[0,0]}}
,"/Users/jorgealejandrodiez/Desktop/PickleBallApp/src/components/common/ui/LoadingSpinner.tsx": {"path":"/Users/jorgealejandrodiez/Desktop/PickleBallApp/src/components/common/ui/LoadingSpinner.tsx","statementMap":{"0":{"start":{"line":13,"column":61},"end":{"line":32,"column":1}},"1":{"start":{"line":18,"column":23},"end":{"line":18,"column":57}},"2":{"start":{"line":20,"column":2},"end":{"line":31,"column":4}},"3":{"start":{"line":34,"column":15},"end":{"line":51,"column":2}},"4":{"start":{"line":53,"column":0},"end":{"line":53,"column":85}}},"fnMap":{"0":{"name":"(anonymous_0)","decl":{"start":{"line":13,"column":61},"end":{"line":13,"column":62}},"loc":{"start":{"line":17,"column":6},"end":{"line":32,"column":1}},"line":17}},"branchMap":{"0":{"loc":{"start":{"line":14,"column":2},"end":{"line":14,"column":16}},"type":"default-arg","locations":[{"start":{"line":14,"column":9},"end":{"line":14,"column":16}}],"line":14},"1":{"loc":{"start":{"line":18,"column":23},"end":{"line":18,"column":57}},"type":"binary-expr","locations":[{"start":{"line":18,"column":23},"end":{"line":18,"column":28}},{"start":{"line":18,"column":32},"end":{"line":18,"column":57}}],"line":18},"2":{"loc":{"start":{"line":24,"column":9},"end":{"line":28,"column":9}},"type":"binary-expr","locations":[{"start":{"line":24,"column":9},"end":{"line":24,"column":16}},{"start":{"line":25,"column":10},"end":{"line":27,"column":23}}],"line":24}},"s":{"0":0,"1":0,"2":0,"3":0,"4":0},"f":{"0":0},"b":{"0":[0],"1":[0,0],"2":[0,0]}}
,"/Users/jorgealejandrodiez/Desktop/PickleBallApp/src/components/common/ui/TextInput.tsx": {"path":"/Users/jorgealejandrodiez/Desktop/PickleBallApp/src/components/common/ui/TextInput.tsx","statementMap":{"0":{"start":{"line":24,"column":27},"end":{"line":122,"column":1}},"1":{"start":{"line":43,"column":21},"end":{"line":43,"column":40}},"2":{"start":{"line":44,"column":22},"end":{"line":44,"column":29}},"3":{"start":{"line":47,"column":38},"end":{"line":50,"column":32}},"4":{"start":{"line":52,"column":4},"end":{"line":120,"column":6}},"5":{"start":{"line":124,"column":15},"end":{"line":190,"column":2}},"6":{"start":{"line":192,"column":0},"end":{"line":192,"column":45}},"7":{"start":{"line":194,"column":25},"end":{"line":194,"column":53}}},"fnMap":{"0":{"name":"(anonymous_0)","decl":{"start":{"line":25,"column":2},"end":{"line":25,"column":3}},"loc":{"start":{"line":41,"column":7},"end":{"line":121,"column":3}},"line":41}},"branchMap":{"0":{"loc":{"start":{"line":35,"column":6},"end":{"line":35,"column":21}},"type":"default-arg","locations":[{"start":{"line":35,"column":17},"end":{"line":35,"column":21}}],"line":35},"1":{"loc":{"start":{"line":43,"column":21},"end":{"line":43,"column":40}},"type":"binary-expr","locations":[{"start":{"line":43,"column":21},"end":{"line":43,"column":26}},{"start":{"line":43,"column":30},"end":{"line":43,"column":40}}],"line":43},"2":{"loc":{"start":{"line":54,"column":9},"end":{"line":61,"column":9}},"type":"binary-expr","locations":[{"start":{"line":54,"column":9},"end":{"line":54,"column":14}},{"start":{"line":55,"column":10},"end":{"line":60,"column":17}}],"line":54},"3":{"loc":{"start":{"line":56,"column":34},"end":{"line":56,"column":64}},"type":"binary-expr","locations":[{"start":{"line":56,"column":34},"end":{"line":56,"column":43}},{"start":{"line":56,"column":47},"end":{"line":56,"column":64}}],"line":56},"4":{"loc":{"start":{"line":64,"column":11},"end":{"line":68,"column":11}},"type":"binary-expr","locations":[{"start":{"line":64,"column":11},"end":{"line":64,"column":20}},{"start":{"line":65,"column":12},"end":{"line":67,"column":19}}],"line":64},"5":{"loc":{"start":{"line":75,"column":14},"end":{"line":75,"column":52}},"type":"binary-expr","locations":[{"start":{"line":75,"column":14},"end":{"line":75,"column":23}},{"start":{"line":75,"column":27},"end":{"line":75,"column":52}}],"line":75},"6":{"loc":{"start":{"line":76,"column":14},"end":{"line":76,"column":48}},"type":"binary-expr","locations":[{"start":{"line":76,"column":14},"end":{"line":76,"column":21}},{"start":{"line":76,"column":25},"end":{"line":76,"column":48}}],"line":76},"7":{"loc":{"start":{"line":77,"column":14},"end":{"line":77,"column":44}},"type":"binary-expr","locations":[{"start":{"line":77,"column":14},"end":{"line":77,"column":23}},{"start":{"line":77,"column":27},"end":{"line":77,"column":44}}],"line":77},"8":{"loc":{"start":{"line":78,"column":14},"end":{"line":78,"column":47}},"type":"binary-expr","locations":[{"start":{"line":78,"column":14},"end":{"line":78,"column":23}},{"start":{"line":78,"column":27},"end":{"line":78,"column":47}}],"line":78},"9":{"loc":{"start":{"line":83,"column":32},"end":{"line":83,"column":59}},"type":"binary-expr","locations":[{"start":{"line":83,"column":32},"end":{"line":83,"column":50}},{"start":{"line":83,"column":54},"end":{"line":83,"column":59}}],"line":83},"10":{"loc":{"start":{"line":84,"column":31},"end":{"line":84,"column":69}},"type":"binary-expr","locations":[{"start":{"line":84,"column":31},"end":{"line":84,"column":56}},{"start":{"line":84,"column":60},"end":{"line":84,"column":69}}],"line":84},"11":{"loc":{"start":{"line":91,"column":11},"end":{"line":107,"column":11}},"type":"binary-expr","locations":[{"start":{"line":91,"column":11},"end":{"line":91,"column":18}},{"start":{"line":92,"column":12},"end":{"line":106,"column":13}}],"line":91},"12":{"loc":{"start":{"line":92,"column":12},"end":{"line":106,"column":13}},"type":"cond-expr","locations":[{"start":{"line":93,"column":14},"end":{"line":101,"column":33}},{"start":{"line":103,"column":14},"end":{"line":105,"column":21}}],"line":92},"13":{"loc":{"start":{"line":110,"column":9},"end":{"line":118,"column":9}},"type":"binary-expr","locations":[{"start":{"line":110,"column":9},"end":{"line":110,"column":17}},{"start":{"line":111,"column":10},"end":{"line":117,"column":17}}],"line":110},"14":{"loc":{"start":{"line":112,"column":37},"end":{"line":112,"column":66}},"type":"binary-expr","locations":[{"start":{"line":112,"column":37},"end":{"line":112,"column":46}},{"start":{"line":112,"column":50},"end":{"line":112,"column":66}}],"line":112},"15":{"loc":{"start":{"line":114,"column":37},"end":{"line":114,"column":66}},"type":"cond-expr","locations":[{"start":{"line":114,"column":49},"end":{"line":114,"column":57}},{"start":{"line":114,"column":60},"end":{"line":114,"column":66}}],"line":114}},"s":{"0":1,"1":12,"2":12,"3":12,"4":12,"5":1,"6":1,"7":1},"f":{"0":12},"b":{"0":[11],"1":[12,10],"2":[12,12],"3":[12,2],"4":[12,1],"5":[12,1],"6":[12,2],"7":[12,2],"8":[12,1],"9":[12,12],"10":[12,8],"11":[12,2],"12":[1,1],"13":[12,4],"14":[4,2],"15":[2,2]},"_coverageSchema":"1a1c01bbd47fc00a2c39e90264f33305004495a9","hash":"1d221170795c0e11de1e3314e0ae9fc1cde68b0b"}
,"/Users/jorgealejandrodiez/Desktop/PickleBallApp/src/components/hoc/withMemo.tsx": {"path":"/Users/jorgealejandrodiez/Desktop/PickleBallApp/src/components/hoc/withMemo.tsx","statementMap":{"0":{"start":{"line":9,"column":22},"end":{"line":9,"column":76}},"1":{"start":{"line":10,"column":27},"end":{"line":10,"column":57}},"2":{"start":{"line":11,"column":2},"end":{"line":11,"column":60}},"3":{"start":{"line":12,"column":2},"end":{"line":12,"column":26}}},"fnMap":{"0":{"name":"withMemo","decl":{"start":{"line":5,"column":16},"end":{"line":5,"column":24}},"loc":{"start":{"line":8,"column":2},"end":{"line":13,"column":1}},"line":8}},"branchMap":{"0":{"loc":{"start":{"line":9,"column":22},"end":{"line":9,"column":76}},"type":"binary-expr","locations":[{"start":{"line":9,"column":22},"end":{"line":9,"column":43}},{"start":{"line":9,"column":47},"end":{"line":9,"column":61}},{"start":{"line":9,"column":65},"end":{"line":9,"column":76}}],"line":9}},"s":{"0":1,"1":1,"2":1,"3":1},"f":{"0":1},"b":{"0":[1,0,0]},"_coverageSchema":"1a1c01bbd47fc00a2c39e90264f33305004495a9","hash":"23f43b49f5a69854d0e3531e05eec074034b11f2"}
,"/Users/jorgealejandrodiez/Desktop/PickleBallApp/src/components/hoc/withPerformanceMonitoring.tsx": {"path":"/Users/jorgealejandrodiez/Desktop/PickleBallApp/src/components/hoc/withPerformanceMonitoring.tsx","statementMap":{"0":{"start":{"line":9,"column":22},"end":{"line":9,"column":115}},"1":{"start":{"line":12,"column":27},"end":{"line":12,"column":43}},"2":{"start":{"line":14,"column":4},"end":{"line":19,"column":7}},"3":{"start":{"line":17,"column":8},"end":{"line":17,"column":41}},"4":{"start":{"line":21,"column":4},"end":{"line":21,"column":43}},"5":{"start":{"line":24,"column":2},"end":{"line":24,"column":86}},"6":{"start":{"line":26,"column":2},"end":{"line":26,"column":35}}},"fnMap":{"0":{"name":"withPerformanceMonitoring","decl":{"start":{"line":5,"column":16},"end":{"line":5,"column":41}},"loc":{"start":{"line":8,"column":2},"end":{"line":27,"column":1}},"line":8},"1":{"name":"WithPerformanceMonitoring","decl":{"start":{"line":11,"column":11},"end":{"line":11,"column":36}},"loc":{"start":{"line":11,"column":47},"end":{"line":22,"column":3}},"line":11},"2":{"name":"(anonymous_2)","decl":{"start":{"line":16,"column":26},"end":{"line":16,"column":27}},"loc":{"start":{"line":16,"column":39},"end":{"line":18,"column":7}},"line":16}},"branchMap":{"0":{"loc":{"start":{"line":7,"column":2},"end":{"line":7,"column":42}},"type":"default-arg","locations":[{"start":{"line":7,"column":40},"end":{"line":7,"column":42}}],"line":7},"1":{"loc":{"start":{"line":9,"column":22},"end":{"line":9,"column":115}},"type":"binary-expr","locations":[{"start":{"line":9,"column":22},"end":{"line":9,"column":43}},{"start":{"line":9,"column":47},"end":{"line":9,"column":75}},{"start":{"line":9,"column":79},"end":{"line":9,"column":100}},{"start":{"line":9,"column":104},"end":{"line":9,"column":115}}],"line":9}},"s":{"0":3,"1":2,"2":2,"3":0,"4":2,"5":3,"6":3},"f":{"0":3,"1":2,"2":0},"b":{"0":[2],"1":[3,2,1,0]},"_coverageSchema":"1a1c01bbd47fc00a2c39e90264f33305004495a9","hash":"b2e066116a516f02f2e5a751de83e3f6439e6336"}
,"/Users/jorgealejandrodiez/Desktop/PickleBallApp/src/components/screens/ExploreScreen.tsx": {"path":"/Users/jorgealejandrodiez/Desktop/PickleBallApp/src/components/screens/ExploreScreen.tsx","statementMap":{},"fnMap":{},"branchMap":{},"s":{},"f":{},"b":{}}
,"/Users/jorgealejandrodiez/Desktop/PickleBallApp/src/components/screens/explore/ExploreScreen.tsx": {"path":"/Users/jorgealejandrodiez/Desktop/PickleBallApp/src/components/screens/explore/ExploreScreen.tsx","statementMap":{"0":{"start":{"line":6,"column":39},"end":{"line":15,"column":1}},"1":{"start":{"line":7,"column":2},"end":{"line":14,"column":4}},"2":{"start":{"line":17,"column":15},"end":{"line":33,"column":2}}},"fnMap":{"0":{"name":"(anonymous_0)","decl":{"start":{"line":6,"column":39},"end":{"line":6,"column":40}},"loc":{"start":{"line":6,"column":45},"end":{"line":15,"column":1}},"line":6}},"branchMap":{},"s":{"0":0,"1":0,"2":0},"f":{"0":0},"b":{}}
,"/Users/jorgealejandrodiez/Desktop/PickleBallApp/src/components/screens/home/HomeScreen.tsx": {"path":"/Users/jorgealejandrodiez/Desktop/PickleBallApp/src/components/screens/home/HomeScreen.tsx","statementMap":{"0":{"start":{"line":14,"column":21},"end":{"line":14,"column":39}},"1":{"start":{"line":15,"column":31},"end":{"line":18,"column":4}},"2":{"start":{"line":17,"column":19},"end":{"line":17,"column":38}},"3":{"start":{"line":20,"column":26},"end":{"line":22,"column":3}},"4":{"start":{"line":21,"column":4},"end":{"line":21,"column":43}},"5":{"start":{"line":24,"column":27},"end":{"line":26,"column":3}},"6":{"start":{"line":25,"column":4},"end":{"line":25,"column":40}},"7":{"start":{"line":28,"column":29},"end":{"line":30,"column":3}},"8":{"start":{"line":29,"column":4},"end":{"line":29,"column":34}},"9":{"start":{"line":32,"column":2},"end":{"line":44,"column":4}},"10":{"start":{"line":47,"column":15},"end":{"line":51,"column":2}}},"fnMap":{"0":{"name":"HomeScreen","decl":{"start":{"line":13,"column":16},"end":{"line":13,"column":26}},"loc":{"start":{"line":13,"column":29},"end":{"line":45,"column":1}},"line":13},"1":{"name":"(anonymous_1)","decl":{"start":{"line":17,"column":13},"end":{"line":17,"column":14}},"loc":{"start":{"line":17,"column":19},"end":{"line":17,"column":38}},"line":17},"2":{"name":"(anonymous_2)","decl":{"start":{"line":20,"column":26},"end":{"line":20,"column":27}},"loc":{"start":{"line":20,"column":46},"end":{"line":22,"column":3}},"line":20},"3":{"name":"(anonymous_3)","decl":{"start":{"line":24,"column":27},"end":{"line":24,"column":28}},"loc":{"start":{"line":24,"column":33},"end":{"line":26,"column":3}},"line":24},"4":{"name":"(anonymous_4)","decl":{"start":{"line":28,"column":29},"end":{"line":28,"column":30}},"loc":{"start":{"line":28,"column":35},"end":{"line":30,"column":3}},"line":28}},"branchMap":{"0":{"loc":{"start":{"line":15,"column":16},"end":{"line":15,"column":26}},"type":"default-arg","locations":[{"start":{"line":15,"column":24},"end":{"line":15,"column":26}}],"line":15}},"s":{"0":0,"1":0,"2":0,"3":0,"4":0,"5":0,"6":0,"7":0,"8":0,"9":0,"10":0},"f":{"0":0,"1":0,"2":0,"3":0,"4":0},"b":{"0":[0]}}
,"/Users/jorgealejandrodiez/Desktop/PickleBallApp/src/components/screens/home/sections/FeaturedGames.tsx": {"path":"/Users/jorgealejandrodiez/Desktop/PickleBallApp/src/components/screens/home/sections/FeaturedGames.tsx","statementMap":{"0":{"start":{"line":14,"column":2},"end":{"line":14,"column":33}},"1":{"start":{"line":14,"column":21},"end":{"line":14,"column":33}},"2":{"start":{"line":16,"column":2},"end":{"line":35,"column":4}},"3":{"start":{"line":26,"column":10},"end":{"line":31,"column":12}},"4":{"start":{"line":29,"column":27},"end":{"line":29,"column":47}},"5":{"start":{"line":38,"column":15},"end":{"line":59,"column":2}}},"fnMap":{"0":{"name":"FeaturedGames","decl":{"start":{"line":13,"column":16},"end":{"line":13,"column":29}},"loc":{"start":{"line":13,"column":85},"end":{"line":36,"column":1}},"line":13},"1":{"name":"(anonymous_1)","decl":{"start":{"line":25,"column":19},"end":{"line":25,"column":20}},"loc":{"start":{"line":26,"column":10},"end":{"line":31,"column":12}},"line":26},"2":{"name":"(anonymous_2)","decl":{"start":{"line":29,"column":21},"end":{"line":29,"column":22}},"loc":{"start":{"line":29,"column":27},"end":{"line":29,"column":47}},"line":29}},"branchMap":{"0":{"loc":{"start":{"line":14,"column":2},"end":{"line":14,"column":33}},"type":"if","locations":[{"start":{"line":14,"column":2},"end":{"line":14,"column":33}},{"start":{},"end":{}}],"line":14}},"s":{"0":0,"1":0,"2":0,"3":0,"4":0,"5":0},"f":{"0":0,"1":0,"2":0},"b":{"0":[0,0]}}
,"/Users/jorgealejandrodiez/Desktop/PickleBallApp/src/components/screens/home/sections/GameCategories.tsx": {"path":"/Users/jorgealejandrodiez/Desktop/PickleBallApp/src/components/screens/home/sections/GameCategories.tsx","statementMap":{"0":{"start":{"line":6,"column":19},"end":{"line":10,"column":10}},"1":{"start":{"line":13,"column":2},"end":{"line":25,"column":4}},"2":{"start":{"line":18,"column":10},"end":{"line":21,"column":29}},"3":{"start":{"line":28,"column":15},"end":{"line":54,"column":2}}},"fnMap":{"0":{"name":"GameCategories","decl":{"start":{"line":12,"column":16},"end":{"line":12,"column":30}},"loc":{"start":{"line":12,"column":33},"end":{"line":26,"column":1}},"line":12},"1":{"name":"(anonymous_1)","decl":{"start":{"line":17,"column":24},"end":{"line":17,"column":25}},"loc":{"start":{"line":18,"column":10},"end":{"line":21,"column":29}},"line":18}},"branchMap":{},"s":{"0":0,"1":0,"2":0,"3":0},"f":{"0":0,"1":0},"b":{}}
,"/Users/jorgealejandrodiez/Desktop/PickleBallApp/src/components/screens/home/sections/QuickActions.tsx": {"path":"/Users/jorgealejandrodiez/Desktop/PickleBallApp/src/components/screens/home/sections/QuickActions.tsx","statementMap":{"0":{"start":{"line":11,"column":2},"end":{"line":18,"column":4}},"1":{"start":{"line":21,"column":15},"end":{"line":35,"column":2}}},"fnMap":{"0":{"name":"QuickActions","decl":{"start":{"line":10,"column":16},"end":{"line":10,"column":28}},"loc":{"start":{"line":10,"column":66},"end":{"line":19,"column":1}},"line":10}},"branchMap":{},"s":{"0":0,"1":0},"f":{"0":0},"b":{}}
,"/Users/jorgealejandrodiez/Desktop/PickleBallApp/src/components/screens/home/sections/RecentActivity.tsx": {"path":"/Users/jorgealejandrodiez/Desktop/PickleBallApp/src/components/screens/home/sections/RecentActivity.tsx","statementMap":{"0":{"start":{"line":10,"column":2},"end":{"line":17,"column":4}},"1":{"start":{"line":20,"column":15},"end":{"line":36,"column":2}}},"fnMap":{"0":{"name":"RecentActivity","decl":{"start":{"line":9,"column":16},"end":{"line":9,"column":30}},"loc":{"start":{"line":9,"column":64},"end":{"line":18,"column":1}},"line":9}},"branchMap":{},"s":{"0":0,"1":0},"f":{"0":0},"b":{}}
,"/Users/jorgealejandrodiez/Desktop/PickleBallApp/src/components/screens/home/sections/UserGames.tsx": {"path":"/Users/jorgealejandrodiez/Desktop/PickleBallApp/src/components/screens/home/sections/UserGames.tsx","statementMap":{"0":{"start":{"line":13,"column":2},"end":{"line":13,"column":33}},"1":{"start":{"line":13,"column":21},"end":{"line":13,"column":33}},"2":{"start":{"line":15,"column":2},"end":{"line":29,"column":4}},"3":{"start":{"line":20,"column":10},"end":{"line":25,"column":12}},"4":{"start":{"line":23,"column":27},"end":{"line":23,"column":47}},"5":{"start":{"line":32,"column":15},"end":{"line":44,"column":2}}},"fnMap":{"0":{"name":"UserGames","decl":{"start":{"line":12,"column":16},"end":{"line":12,"column":25}},"loc":{"start":{"line":12,"column":66},"end":{"line":30,"column":1}},"line":12},"1":{"name":"(anonymous_1)","decl":{"start":{"line":19,"column":19},"end":{"line":19,"column":20}},"loc":{"start":{"line":20,"column":10},"end":{"line":25,"column":12}},"line":20},"2":{"name":"(anonymous_2)","decl":{"start":{"line":23,"column":21},"end":{"line":23,"column":22}},"loc":{"start":{"line":23,"column":27},"end":{"line":23,"column":47}},"line":23}},"branchMap":{"0":{"loc":{"start":{"line":13,"column":2},"end":{"line":13,"column":33}},"type":"if","locations":[{"start":{"line":13,"column":2},"end":{"line":13,"column":33}},{"start":{},"end":{}}],"line":13}},"s":{"0":0,"1":0,"2":0,"3":0,"4":0,"5":0},"f":{"0":0,"1":0,"2":0},"b":{"0":[0,0]}}
,"/Users/jorgealejandrodiez/Desktop/PickleBallApp/src/components/screens/profile/ProfileScreen.tsx": {"path":"/Users/jorgealejandrodiez/Desktop/PickleBallApp/src/components/screens/profile/ProfileScreen.tsx","statementMap":{"0":{"start":{"line":14,"column":15},"end":{"line":14,"column":24}},"1":{"start":{"line":15,"column":24},"end":{"line":15,"column":42}},"2":{"start":{"line":16,"column":36},"end":{"line":16,"column":51}},"3":{"start":{"line":17,"column":42},"end":{"line":17,"column":71}},"4":{"start":{"line":19,"column":26},"end":{"line":41,"column":3}},"5":{"start":{"line":20,"column":4},"end":{"line":40,"column":5}},"6":{"start":{"line":21,"column":31},"end":{"line":21,"column":86}},"7":{"start":{"line":22,"column":6},"end":{"line":25,"column":7}},"8":{"start":{"line":23,"column":8},"end":{"line":23,"column":115}},"9":{"start":{"line":24,"column":8},"end":{"line":24,"column":15}},"10":{"start":{"line":27,"column":21},"end":{"line":32,"column":8}},"11":{"start":{"line":34,"column":6},"end":{"line":37,"column":7}},"12":{"start":{"line":35,"column":8},"end":{"line":35,"column":46}},"13":{"start":{"line":39,"column":6},"end":{"line":39,"column":70}},"14":{"start":{"line":43,"column":2},"end":{"line":45,"column":3}},"15":{"start":{"line":44,"column":4},"end":{"line":44,"column":30}},"16":{"start":{"line":47,"column":2},"end":{"line":100,"column":4}},"17":{"start":{"line":78,"column":12},"end":{"line":83,"column":25}},"18":{"start":{"line":103,"column":15},"end":{"line":192,"column":2}}},"fnMap":{"0":{"name":"ProfileScreen","decl":{"start":{"line":13,"column":16},"end":{"line":13,"column":29}},"loc":{"start":{"line":13,"column":32},"end":{"line":101,"column":1}},"line":13},"1":{"name":"(anonymous_1)","decl":{"start":{"line":19,"column":26},"end":{"line":19,"column":27}},"loc":{"start":{"line":19,"column":38},"end":{"line":41,"column":3}},"line":19},"2":{"name":"(anonymous_2)","decl":{"start":{"line":77,"column":28},"end":{"line":77,"column":29}},"loc":{"start":{"line":78,"column":12},"end":{"line":83,"column":25}},"line":78},"3":{"name":"(anonymous_3)","decl":{"start":{"line":92,"column":19},"end":{"line":92,"column":20}},"loc":{"start":{"line":92,"column":25},"end":{"line":92,"column":61}},"line":92}},"branchMap":{"0":{"loc":{"start":{"line":22,"column":6},"end":{"line":25,"column":7}},"type":"if","locations":[{"start":{"line":22,"column":6},"end":{"line":25,"column":7}},{"start":{},"end":{}}],"line":22},"1":{"loc":{"start":{"line":34,"column":6},"end":{"line":37,"column":7}},"type":"if","locations":[{"start":{"line":34,"column":6},"end":{"line":37,"column":7}},{"start":{},"end":{}}],"line":34},"2":{"loc":{"start":{"line":43,"column":2},"end":{"line":45,"column":3}},"type":"if","locations":[{"start":{"line":43,"column":2},"end":{"line":45,"column":3}},{"start":{},"end":{}}],"line":43},"3":{"loc":{"start":{"line":51,"column":11},"end":{"line":57,"column":11}},"type":"cond-expr","locations":[{"start":{"line":52,"column":12},"end":{"line":52,"column":80}},{"start":{"line":54,"column":12},"end":{"line":56,"column":19}}],"line":51},"4":{"loc":{"start":{"line":70,"column":11},"end":{"line":70,"column":49}},"type":"binary-expr","locations":[{"start":{"line":70,"column":11},"end":{"line":70,"column":26}},{"start":{"line":70,"column":30},"end":{"line":70,"column":49}}],"line":70},"5":{"loc":{"start":{"line":76,"column":9},"end":{"line":87,"column":9}},"type":"cond-expr","locations":[{"start":{"line":77,"column":10},"end":{"line":84,"column":12}},{"start":{"line":86,"column":10},"end":{"line":86,"column":75}}],"line":76}},"s":{"0":0,"1":0,"2":0,"3":0,"4":0,"5":0,"6":0,"7":0,"8":0,"9":0,"10":0,"11":0,"12":0,"13":0,"14":0,"15":0,"16":0,"17":0,"18":0},"f":{"0":0,"1":0,"2":0,"3":0},"b":{"0":[0,0],"1":[0,0],"2":[0,0],"3":[0,0],"4":[0,0],"5":[0,0]}}
,"/Users/jorgealejandrodiez/Desktop/PickleBallApp/src/components/screens/profile/ProfileTestScreen.tsx": {"path":"/Users/jorgealejandrodiez/Desktop/PickleBallApp/src/components/screens/profile/ProfileTestScreen.tsx","statementMap":{"0":{"start":{"line":11,"column":52},"end":{"line":11,"column":74}},"1":{"start":{"line":13,"column":27},"end":{"line":45,"column":3}},"2":{"start":{"line":14,"column":29},"end":{"line":37,"column":5}},"3":{"start":{"line":39,"column":19},"end":{"line":39,"column":43}},"4":{"start":{"line":40,"column":4},"end":{"line":44,"column":7}},"5":{"start":{"line":43,"column":41},"end":{"line":43,"column":75}},"6":{"start":{"line":47,"column":29},"end":{"line":66,"column":3}},"7":{"start":{"line":48,"column":29},"end":{"line":58,"column":5}},"8":{"start":{"line":60,"column":19},"end":{"line":60,"column":43}},"9":{"start":{"line":61,"column":4},"end":{"line":65,"column":7}},"10":{"start":{"line":64,"column":41},"end":{"line":64,"column":75}},"11":{"start":{"line":68,"column":28},"end":{"line":81,"column":3}},"12":{"start":{"line":69,"column":19},"end":{"line":73,"column":5}},"13":{"start":{"line":75,"column":19},"end":{"line":75,"column":48}},"14":{"start":{"line":76,"column":4},"end":{"line":80,"column":7}},"15":{"start":{"line":79,"column":41},"end":{"line":79,"column":75}},"16":{"start":{"line":83,"column":2},"end":{"line":115,"column":4}},"17":{"start":{"line":105,"column":12},"end":{"line":110,"column":25}},"18":{"start":{"line":118,"column":15},"end":{"line":146,"column":2}}},"fnMap":{"0":{"name":"ProfileTestScreen","decl":{"start":{"line":10,"column":16},"end":{"line":10,"column":33}},"loc":{"start":{"line":10,"column":36},"end":{"line":116,"column":1}},"line":10},"1":{"name":"(anonymous_1)","decl":{"start":{"line":13,"column":27},"end":{"line":13,"column":28}},"loc":{"start":{"line":13,"column":33},"end":{"line":45,"column":3}},"line":13},"2":{"name":"(anonymous_2)","decl":{"start":{"line":43,"column":32},"end":{"line":43,"column":33}},"loc":{"start":{"line":43,"column":41},"end":{"line":43,"column":75}},"line":43},"3":{"name":"(anonymous_3)","decl":{"start":{"line":47,"column":29},"end":{"line":47,"column":30}},"loc":{"start":{"line":47,"column":35},"end":{"line":66,"column":3}},"line":47},"4":{"name":"(anonymous_4)","decl":{"start":{"line":64,"column":32},"end":{"line":64,"column":33}},"loc":{"start":{"line":64,"column":41},"end":{"line":64,"column":75}},"line":64},"5":{"name":"(anonymous_5)","decl":{"start":{"line":68,"column":28},"end":{"line":68,"column":29}},"loc":{"start":{"line":68,"column":34},"end":{"line":81,"column":3}},"line":68},"6":{"name":"(anonymous_6)","decl":{"start":{"line":79,"column":32},"end":{"line":79,"column":33}},"loc":{"start":{"line":79,"column":41},"end":{"line":79,"column":75}},"line":79},"7":{"name":"(anonymous_7)","decl":{"start":{"line":104,"column":33},"end":{"line":104,"column":34}},"loc":{"start":{"line":105,"column":12},"end":{"line":110,"column":25}},"line":105}},"branchMap":{},"s":{"0":0,"1":0,"2":0,"3":0,"4":0,"5":0,"6":0,"7":0,"8":0,"9":0,"10":0,"11":0,"12":0,"13":0,"14":0,"15":0,"16":0,"17":0,"18":0},"f":{"0":0,"1":0,"2":0,"3":0,"4":0,"5":0,"6":0,"7":0},"b":{}}
,"/Users/jorgealejandrodiez/Desktop/PickleBallApp/src/components/ui/IconSymbol.ios.tsx": {"path":"/Users/jorgealejandrodiez/Desktop/PickleBallApp/src/components/ui/IconSymbol.ios.tsx","statementMap":{"0":{"start":{"line":17,"column":2},"end":{"line":31,"column":4}}},"fnMap":{"0":{"name":"IconSymbol","decl":{"start":{"line":4,"column":16},"end":{"line":4,"column":26}},"loc":{"start":{"line":16,"column":3},"end":{"line":32,"column":1}},"line":16}},"branchMap":{"0":{"loc":{"start":{"line":6,"column":2},"end":{"line":6,"column":11}},"type":"default-arg","locations":[{"start":{"line":6,"column":9},"end":{"line":6,"column":11}}],"line":6},"1":{"loc":{"start":{"line":9,"column":2},"end":{"line":9,"column":20}},"type":"default-arg","locations":[{"start":{"line":9,"column":11},"end":{"line":9,"column":20}}],"line":9}},"s":{"0":0},"f":{"0":0},"b":{"0":[0],"1":[0]}}
,"/Users/jorgealejandrodiez/Desktop/PickleBallApp/src/components/ui/IconSymbol.tsx": {"path":"/Users/jorgealejandrodiez/Desktop/PickleBallApp/src/components/ui/IconSymbol.tsx","statementMap":{"0":{"start":{"line":9,"column":0},"end":{"line":11,"column":1}},"1":{"start":{"line":10,"column":2},"end":{"line":10,"column":56}},"2":{"start":{"line":14,"column":21},"end":{"line":30,"column":10}},"3":{"start":{"line":43,"column":2},"end":{"line":45,"column":3}},"4":{"start":{"line":44,"column":4},"end":{"line":44,"column":76}},"5":{"start":{"line":47,"column":2},"end":{"line":54,"column":4}}},"fnMap":{"0":{"name":"IconSymbol","decl":{"start":{"line":41,"column":16},"end":{"line":41,"column":26}},"loc":{"start":{"line":41,"column":91},"end":{"line":55,"column":1}},"line":41}},"branchMap":{"0":{"loc":{"start":{"line":9,"column":0},"end":{"line":11,"column":1}},"type":"if","locations":[{"start":{"line":9,"column":0},"end":{"line":11,"column":1}},{"start":{},"end":{}}],"line":9},"1":{"loc":{"start":{"line":41,"column":35},"end":{"line":41,"column":44}},"type":"default-arg","locations":[{"start":{"line":41,"column":42},"end":{"line":41,"column":44}}],"line":41},"2":{"loc":{"start":{"line":41,"column":46},"end":{"line":41,"column":63}},"type":"default-arg","locations":[{"start":{"line":41,"column":54},"end":{"line":41,"column":63}}],"line":41},"3":{"loc":{"start":{"line":43,"column":2},"end":{"line":45,"column":3}},"type":"if","locations":[{"start":{"line":43,"column":2},"end":{"line":45,"column":3}},{"start":{},"end":{}}],"line":43},"4":{"loc":{"start":{"line":43,"column":6},"end":{"line":43,"column":39}},"type":"binary-expr","locations":[{"start":{"line":43,"column":6},"end":{"line":43,"column":27}},{"start":{"line":43,"column":31},"end":{"line":43,"column":39}}],"line":43}},"s":{"0":0,"1":0,"2":0,"3":0,"4":0,"5":0},"f":{"0":0},"b":{"0":[0,0],"1":[0],"2":[0],"3":[0,0],"4":[0,0]}}
,"/Users/jorgealejandrodiez/Desktop/PickleBallApp/src/components/ui/TabBarBackground.ios.tsx": {"path":"/Users/jorgealejandrodiez/Desktop/PickleBallApp/src/components/ui/TabBarBackground.ios.tsx","statementMap":{"0":{"start":{"line":7,"column":2},"end":{"line":14,"column":4}},"1":{"start":{"line":18,"column":20},"end":{"line":18,"column":43}},"2":{"start":{"line":19,"column":21},"end":{"line":19,"column":40}},"3":{"start":{"line":20,"column":2},"end":{"line":20,"column":28}}},"fnMap":{"0":{"name":"BlurTabBarBackground","decl":{"start":{"line":6,"column":24},"end":{"line":6,"column":44}},"loc":{"start":{"line":6,"column":47},"end":{"line":15,"column":1}},"line":6},"1":{"name":"useBottomTabOverflow","decl":{"start":{"line":17,"column":16},"end":{"line":17,"column":36}},"loc":{"start":{"line":17,"column":39},"end":{"line":21,"column":1}},"line":17}},"branchMap":{},"s":{"0":0,"1":0,"2":0,"3":0},"f":{"0":0,"1":0},"b":{}}
,"/Users/jorgealejandrodiez/Desktop/PickleBallApp/src/components/ui/TabBarBackground.tsx": {"path":"/Users/jorgealejandrodiez/Desktop/PickleBallApp/src/components/ui/TabBarBackground.tsx","statementMap":{"0":{"start":{"line":5,"column":2},"end":{"line":5,"column":11}}},"fnMap":{"0":{"name":"useBottomTabOverflow","decl":{"start":{"line":4,"column":16},"end":{"line":4,"column":36}},"loc":{"start":{"line":4,"column":39},"end":{"line":6,"column":1}},"line":4}},"branchMap":{},"s":{"0":0},"f":{"0":0},"b":{}}
,"/Users/jorgealejandrodiez/Desktop/PickleBallApp/src/config/auth.ts": {"path":"/Users/jorgealejandrodiez/Desktop/PickleBallApp/src/config/auth.ts","statementMap":{"0":{"start":{"line":13,"column":27},"end":{"line":25,"column":1}},"1":{"start":{"line":28,"column":28},"end":{"line":31,"column":1}},"2":{"start":{"line":34,"column":27},"end":{"line":37,"column":2}}},"fnMap":{},"branchMap":{},"s":{"0":0,"1":0,"2":0},"f":{},"b":{}}
,"/Users/jorgealejandrodiez/Desktop/PickleBallApp/src/config/env.ts": {"path":"/Users/jorgealejandrodiez/Desktop/PickleBallApp/src/config/env.ts","statementMap":{"0":{"start":{"line":1,"column":28},"end":{"line":1,"column":59}}},"fnMap":{},"branchMap":{},"s":{"0":2},"f":{},"b":{},"_coverageSchema":"1a1c01bbd47fc00a2c39e90264f33305004495a9","hash":"5449c519f32f4c3d458daa5e312ea139e2f92f7b"}
,"/Users/jorgealejandrodiez/Desktop/PickleBallApp/src/constants/Colors.ts": {"path":"/Users/jorgealejandrodiez/Desktop/PickleBallApp/src/constants/Colors.ts","statementMap":{"0":{"start":{"line":6,"column":23},"end":{"line":6,"column":32}},"1":{"start":{"line":7,"column":22},"end":{"line":7,"column":28}},"2":{"start":{"line":9,"column":22},"end":{"line":26,"column":1}}},"fnMap":{},"branchMap":{},"s":{"0":1,"1":1,"2":1},"f":{},"b":{},"_coverageSchema":"1a1c01bbd47fc00a2c39e90264f33305004495a9","hash":"6cc79bc9ee40577835ae97a5f718a12e1d2e0581"}
[...]
":22,"column":43}},"7":{"start":{"line":24,"column":4},"end":{"line":24,"column":31}},"8":{"start":{"line":25,"column":4},"end":{"line":29,"column":5}},"9":{"start":{"line":26,"column":6},"end":{"line":26,"column":38}},"10":{"start":{"line":28,"column":6},"end":{"line":28,"column":36}},"11":{"start":{"line":33,"column":4},"end":{"line":33,"column":57}},"12":{"start":{"line":38,"column":4},"end":{"line":42,"column":7}},"13":{"start":{"line":46,"column":4},"end":{"line":46,"column":31}},"14":{"start":{"line":50,"column":24},"end":{"line":50,"column":53}}},"fnMap":{"0":{"name":"(anonymous_0)","decl":{"start":{"line":9,"column":2},"end":{"line":9,"column":3}},"loc":{"start":{"line":9,"column":24},"end":{"line":12,"column":3}},"line":9},"1":{"name":"(anonymous_1)","decl":{"start":{"line":14,"column":2},"end":{"line":14,"column":3}},"loc":{"start":{"line":14,"column":40},"end":{"line":19,"column":3}},"line":14},"2":{"name":"(anonymous_2)","decl":{"start":{"line":21,"column":2},"end":{"line":21,"column":3}},"loc":{"start":{"line":21,"column":48},"end":{"line":30,"column":3}},"line":21},"3":{"name":"(anonymous_3)","decl":{"start":{"line":32,"column":2},"end":{"line":32,"column":3}},"loc":{"start":{"line":32,"column":47},"end":{"line":34,"column":3}},"line":32},"4":{"name":"(anonymous_4)","decl":{"start":{"line":36,"column":2},"end":{"line":36,"column":3}},"loc":{"start":{"line":36,"column":59},"end":{"line":43,"column":3}},"line":36},"5":{"name":"(anonymous_5)","decl":{"start":{"line":45,"column":2},"end":{"line":45,"column":3}},"loc":{"start":{"line":45,"column":29},"end":{"line":47,"column":3}},"line":45}},"branchMap":{"0":{"loc":{"start":{"line":15,"column":4},"end":{"line":17,"column":5}},"type":"if","locations":[{"start":{"line":15,"column":4},"end":{"line":17,"column":5}},{"start":{},"end":{}}],"line":15},"1":{"loc":{"start":{"line":22,"column":4},"end":{"line":22,"column":43}},"type":"if","locations":[{"start":{"line":22,"column":4},"end":{"line":22,"column":43}},{"start":{},"end":{}}],"line":22}},"s":{"0":1,"1":1,"2":1,"3":1,"4":1,"5":0,"6":0,"7":0,"8":0,"9":0,"10":0,"11":0,"12":0,"13":0,"14":1},"f":{"0":1,"1":1,"2":0,"3":0,"4":0,"5":0},"b":{"0":[1,0],"1":[0,0]},"_coverageSchema":"1a1c01bbd47fc00a2c39e90264f33305004495a9","hash":"91751b53a2ccd0f207426bdd9e5689f961b4d40c"}
,"/Users/jorgealejandrodiez/Desktop/PickleBallApp/src/utils/test-config.ts": {"path":"/Users/jorgealejandrodiez/Desktop/PickleBallApp/src/utils/test-config.ts","statementMap":{"0":{"start":{"line":6,"column":26},"end":{"line":8,"column":1}}},"fnMap":{},"branchMap":{},"s":{"0":0},"f":{},"b":{}}
,"/Users/jorgealejandrodiez/Desktop/PickleBallApp/src/utils/test-utils.tsx": {"path":"/Users/jorgealejandrodiez/Desktop/PickleBallApp/src/utils/test-utils.tsx","statementMap":{"0":{"start":{"line":10,"column":0},"end":{"line":10,"column":39}},"1":{"start":{"line":10,"column":30},"end":{"line":10,"column":37}},"2":{"start":{"line":11,"column":0},"end":{"line":11,"column":86}},"3":{"start":{"line":11,"column":73},"end":{"line":11,"column":84}},"4":{"start":{"line":14,"column":24},"end":{"line":26,"column":1}},"5":{"start":{"line":15,"column":2},"end":{"line":25,"column":4}},"6":{"start":{"line":29,"column":15},"end":{"line":31,"column":1}},"7":{"start":{"line":30,"column":2},"end":{"line":30,"column":65}}},"fnMap":{"0":{"name":"(anonymous_0)","decl":{"start":{"line":10,"column":24},"end":{"line":10,"column":25}},"loc":{"start":{"line":10,"column":30},"end":{"line":10,"column":37}},"line":10},"1":{"name":"(anonymous_1)","decl":{"start":{"line":11,"column":67},"end":{"line":11,"column":68}},"loc":{"start":{"line":11,"column":73},"end":{"line":11,"column":84}},"line":11},"2":{"name":"(anonymous_2)","decl":{"start":{"line":14,"column":24},"end":{"line":14,"column":25}},"loc":{"start":{"line":14,"column":76},"end":{"line":26,"column":1}},"line":14},"3":{"name":"(anonymous_3)","decl":{"start":{"line":29,"column":15},"end":{"line":29,"column":16}},"loc":{"start":{"line":29,"column":57},"end":{"line":31,"column":1}},"line":29}},"branchMap":{"0":{"loc":{"start":{"line":29,"column":40},"end":{"line":29,"column":52}},"type":"default-arg","locations":[{"start":{"line":29,"column":50},"end":{"line":29,"column":52}}],"line":29}},"s":{"0":0,"1":0,"2":0,"3":0,"4":0,"5":0,"6":0,"7":0},"f":{"0":0,"1":0,"2":0,"3":0},"b":{"0":[0]}}
,"/Users/jorgealejandrodiez/Desktop/PickleBallApp/src/utils/validation.ts": {"path":"/Users/jorgealejandrodiez/Desktop/PickleBallApp/src/utils/validation.ts","statementMap":{"0":{"start":{"line":7,"column":38},"end":{"line":7,"column":40}},"1":{"start":{"line":10,"column":4},"end":{"line":10,"column":41}},"2":{"start":{"line":14,"column":4},"end":{"line":14,"column":34}},"3":{"start":{"line":18,"column":4},"end":{"line":18,"column":69}},"4":{"start":{"line":18,"column":37},"end":{"line":18,"column":58}},"5":{"start":{"line":22,"column":4},"end":{"line":22,"column":28}},"6":{"start":{"line":26,"column":29},"end":{"line":43,"column":1}},"7":{"start":{"line":31,"column":21},"end":{"line":31,"column":71}},"8":{"start":{"line":34,"column":2},"end":{"line":34,"column":49}},"9":{"start":{"line":34,"column":36},"end":{"line":34,"column":49}},"10":{"start":{"line":35,"column":2},"end":{"line":35,"column":44}},"11":{"start":{"line":35,"column":31},"end":{"line":35,"column":44}},"12":{"start":{"line":38,"column":26},"end":{"line":38,"column":42}},"13":{"start":{"line":39,"column":2},"end":{"line":39,"column":38}},"14":{"start":{"line":39,"column":25},"end":{"line":39,"column":38}},"15":{"start":{"line":40,"column":2},"end":{"line":40,"column":40}},"16":{"start":{"line":40,"column":27},"end":{"line":40,"column":40}},"17":{"start":{"line":42,"column":2},"end":{"line":42,"column":14}},"18":{"start":{"line":45,"column":32},"end":{"line":47,"column":1}},"19":{"start":{"line":46,"column":2},"end":{"line":46,"column":30}},"20":{"start":{"line":49,"column":28},"end":{"line":51,"column":1}},"21":{"start":{"line":50,"column":2},"end":{"line":50,"column":33}},"22":{"start":{"line":53,"column":33},"end":{"line":69,"column":1}},"23":{"start":{"line":54,"column":17},"end":{"line":54,"column":39}},"24":{"start":{"line":56,"column":2},"end":{"line":60,"column":3}},"25":{"start":{"line":57,"column":4},"end":{"line":57,"column":50}},"26":{"start":{"line":58,"column":9},"end":{"line":60,"column":3}},"27":{"start":{"line":59,"column":4},"end":{"line":59,"column":53}},"28":{"start":{"line":62,"column":2},"end":{"line":66,"column":3}},"29":{"start":{"line":63,"column":4},"end":{"line":63,"column":56}},"30":{"start":{"line":64,"column":9},"end":{"line":66,"column":3}},"31":{"start":{"line":65,"column":4},"end":{"line":65,"column":74}},"32":{"start":{"line":68,"column":2},"end":{"line":68,"column":16}},"33":{"start":{"line":71,"column":36},"end":{"line":85,"column":1}},"34":{"start":{"line":76,"column":17},"end":{"line":76,"column":51}},"35":{"start":{"line":78,"column":2},"end":{"line":82,"column":3}},"36":{"start":{"line":79,"column":4},"end":{"line":79,"column":48}},"37":{"start":{"line":80,"column":9},"end":{"line":82,"column":3}},"38":{"start":{"line":81,"column":4},"end":{"line":81,"column":66}},"39":{"start":{"line":84,"column":2},"end":{"line":84,"column":16}}},"fnMap":{"0":{"name":"(anonymous_0)","decl":{"start":{"line":9,"column":2},"end":{"line":9,"column":3}},"loc":{"start":{"line":9,"column":43},"end":{"line":11,"column":3}},"line":9},"1":{"name":"(anonymous_1)","decl":{"start":{"line":13,"column":2},"end":{"line":13,"column":3}},"loc":{"start":{"line":13,"column":23},"end":{"line":15,"column":3}},"line":13},"2":{"name":"(anonymous_2)","decl":{"start":{"line":17,"column":2},"end":{"line":17,"column":3}},"loc":{"start":{"line":17,"column":46},"end":{"line":19,"column":3}},"line":17},"3":{"name":"(anonymous_3)","decl":{"start":{"line":18,"column":28},"end":{"line":18,"column":29}},"loc":{"start":{"line":18,"column":37},"end":{"line":18,"column":58}},"line":18},"4":{"name":"(anonymous_4)","decl":{"start":{"line":21,"column":2},"end":{"line":21,"column":3}},"loc":{"start":{"line":21,"column":36},"end":{"line":23,"column":3}},"line":21},"5":{"name":"(anonymous_5)","decl":{"start":{"line":26,"column":29},"end":{"line":26,"column":30}},"loc":{"start":{"line":26,"column":57},"end":{"line":43,"column":1}},"line":26},"6":{"name":"(anonymous_6)","decl":{"start":{"line":45,"column":32},"end":{"line":45,"column":33}},"loc":{"start":{"line":45,"column":63},"end":{"line":47,"column":1}},"line":45},"7":{"name":"(anonymous_7)","decl":{"start":{"line":49,"column":28},"end":{"line":49,"column":29}},"loc":{"start":{"line":49,"column":55},"end":{"line":51,"column":1}},"line":49},"8":{"name":"(anonymous_8)","decl":{"start":{"line":53,"column":33},"end":{"line":53,"column":34}},"loc":{"start":{"line":53,"column":88},"end":{"line":69,"column":1}},"line":53},"9":{"name":"(anonymous_9)","decl":{"start":{"line":71,"column":36},"end":{"line":71,"column":37}},"loc":{"start":{"line":75,"column":23},"end":{"line":85,"column":1}},"line":75}},"branchMap":{"0":{"loc":{"start":{"line":34,"column":2},"end":{"line":34,"column":49}},"type":"if","locations":[{"start":{"line":34,"column":2},"end":{"line":34,"column":49}},{"start":{},"end":{}}],"line":34},"1":{"loc":{"start":{"line":34,"column":6},"end":{"line":34,"column":34}},"type":"binary-expr","locations":[{"start":{"line":34,"column":6},"end":{"line":34,"column":12}},{"start":{"line":34,"column":16},"end":{"line":34,"column":34}}],"line":34},"2":{"loc":{"start":{"line":35,"column":2},"end":{"line":35,"column":44}},"type":"if","locations":[{"start":{"line":35,"column":2},"end":{"line":35,"column":44}},{"start":{},"end":{}}],"line":35},"3":{"loc":{"start":{"line":39,"column":2},"end":{"line":39,"column":38}},"type":"if","locations":[{"start":{"line":39,"column":2},"end":{"line":39,"column":38}},{"start":{},"end":{}}],"line":39},"4":{"loc":{"start":{"line":40,"column":2},"end":{"line":40,"column":40}},"type":"if","locations":[{"start":{"line":40,"column":2},"end":{"line":40,"column":40}},{"start":{},"end":{}}],"line":40},"5":{"loc":{"start":{"line":56,"column":2},"end":{"line":60,"column":3}},"type":"if","locations":[{"start":{"line":56,"column":2},"end":{"line":60,"column":3}},{"start":{"line":58,"column":9},"end":{"line":60,"column":3}}],"line":56},"6":{"loc":{"start":{"line":58,"column":9},"end":{"line":60,"column":3}},"type":"if","locations":[{"start":{"line":58,"column":9},"end":{"line":60,"column":3}},{"start":{},"end":{}}],"line":58},"7":{"loc":{"start":{"line":62,"column":2},"end":{"line":66,"column":3}},"type":"if","locations":[{"start":{"line":62,"column":2},"end":{"line":66,"column":3}},{"start":{"line":64,"column":9},"end":{"line":66,"column":3}}],"line":62},"8":{"loc":{"start":{"line":64,"column":9},"end":{"line":66,"column":3}},"type":"if","locations":[{"start":{"line":64,"column":9},"end":{"line":66,"column":3}},{"start":{},"end":{}}],"line":64},"9":{"loc":{"start":{"line":78,"column":2},"end":{"line":82,"column":3}},"type":"if","locations":[{"start":{"line":78,"column":2},"end":{"line":82,"column":3}},{"start":{"line":80,"column":9},"end":{"line":82,"column":3}}],"line":78},"10":{"loc":{"start":{"line":80,"column":9},"end":{"line":82,"column":3}},"type":"if","locations":[{"start":{"line":80,"column":9},"end":{"line":82,"column":3}},{"start":{},"end":{}}],"line":80}},"s":{"0":0,"1":0,"2":0,"3":0,"4":0,"5":0,"6":0,"7":0,"8":0,"9":0,"10":0,"11":0,"12":0,"13":0,"14":0,"15":0,"16":0,"17":0,"18":0,"19":0,"20":0,"21":0,"22":0,"23":0,"24":0,"25":0,"26":0,"27":0,"28":0,"29":0,"30":0,"31":0,"32":0,"33":0,"34":0,"35":0,"36":0,"37":0,"38":0,"39":0},"f":{"0":0,"1":0,"2":0,"3":0,"4":0,"5":0,"6":0,"7":0,"8":0,"9":0},"b":{"0":[0,0],"1":[0,0],"2":[0,0],"3":[0,0],"4":[0,0],"5":[0,0],"6":[0,0],"7":[0,0],"8":[0,0],"9":[0,0],"10":[0,0]}}
,"/Users/jorgealejandrodiez/Desktop/PickleBallApp/src/utils/test/mockData.ts": {"path":"/Users/jorgealejandrodiez/Desktop/PickleBallApp/src/utils/test/mockData.ts","statementMap":{"0":{"start":{"line":3,"column":30},"end":{"line":34,"column":1}}},"fnMap":{},"branchMap":{},"s":{"0":0},"f":{},"b":{}}
,"/Users/jorgealejandrodiez/Desktop/PickleBallApp/src/utils/validation/profileValidation.ts": {"path":"/Users/jorgealejandrodiez/Desktop/PickleBallApp/src/utils/validation/profileValidation.ts","statementMap":{"0":{"start":{"line":4,"column":45},"end":{"line":4,"column":47}},"1":{"start":{"line":7,"column":4},"end":{"line":7,"column":41}},"2":{"start":{"line":11,"column":4},"end":{"line":11,"column":34}},"3":{"start":{"line":15,"column":4},"end":{"line":15,"column":28}},"4":{"start":{"line":19,"column":18},"end":{"line":19,"column":58}},"5":{"start":{"line":19,"column":40},"end":{"line":19,"column":57}},"6":{"start":{"line":20,"column":4},"end":{"line":20,"column":26}},"7":{"start":{"line":25,"column":17},"end":{"line":25,"column":46}},"8":{"start":{"line":28,"column":2},"end":{"line":32,"column":3}},"9":{"start":{"line":29,"column":4},"end":{"line":29,"column":63}},"10":{"start":{"line":30,"column":9},"end":{"line":32,"column":3}},"11":{"start":{"line":31,"column":4},"end":{"line":31,"column":81}},"12":{"start":{"line":34,"column":2},"end":{"line":36,"column":3}},"13":{"start":{"line":35,"column":4},"end":{"line":35,"column":61}},"14":{"start":{"line":38,"column":2},"end":{"line":40,"column":3}},"15":{"start":{"line":39,"column":4},"end":{"line":39,"column":68}},"16":{"start":{"line":43,"column":2},"end":{"line":45,"column":3}},"17":{"start":{"line":44,"column":4},"end":{"line":44,"column":65}},"18":{"start":{"line":47,"column":2},"end":{"line":49,"column":3}},"19":{"start":{"line":48,"column":4},"end":{"line":48,"column":55}},"20":{"start":{"line":51,"column":2},"end":{"line":51,"column":16}},"21":{"start":{"line":55,"column":17},"end":{"line":55,"column":46}},"22":{"start":{"line":58,"column":2},"end":{"line":64,"column":3}},"23":{"start":{"line":59,"column":4},"end":{"line":63,"column":5}},"24":{"start":{"line":60,"column":6},"end":{"line":60,"column":65}},"25":{"start":{"line":61,"column":11},"end":{"line":63,"column":5}},"26":{"start":{"line":62,"column":6},"end":{"line":62,"column":83}},"27":{"start":{"line":66,"column":2},"end":{"line":68,"column":3}},"28":{"start":{"line":67,"column":4},"end":{"line":67,"column":65}},"29":{"start":{"line":70,"column":2},"end":{"line":72,"column":3}},"30":{"start":{"line":71,"column":4},"end":{"line":71,"column":55}},"31":{"start":{"line":74,"column":2},"end":{"line":74,"column":16}},"32":{"start":{"line":78,"column":2},"end":{"line":83,"column":3}},"33":{"start":{"line":79,"column":4},"end":{"line":79,"column":17}},"34":{"start":{"line":80,"column":4},"end":{"line":80,"column":16}},"35":{"start":{"line":82,"column":4},"end":{"line":82,"column":17}}},"fnMap":{"0":{"name":"(anonymous_0)","decl":{"start":{"line":6,"column":2},"end":{"line":6,"column":3}},"loc":{"start":{"line":6,"column":50},"end":{"line":8,"column":3}},"line":6},"1":{"name":"(anonymous_1)","decl":{"start":{"line":10,"column":2},"end":{"line":10,"column":3}},"loc":{"start":{"line":10,"column":23},"end":{"line":12,"column":3}},"line":10},"2":{"name":"(anonymous_2)","decl":{"start":{"line":14,"column":2},"end":{"line":14,"column":3}},"loc":{"start":{"line":14,"column":40},"end":{"line":16,"column":3}},"line":14},"3":{"name":"(anonymous_3)","decl":{"start":{"line":18,"column":2},"end":{"line":18,"column":3}},"loc":{"start":{"line":18,"column":61},"end":{"line":21,"column":3}},"line":18},"4":{"name":"(anonymous_4)","decl":{"start":{"line":19,"column":35},"end":{"line":19,"column":36}},"loc":{"start":{"line":19,"column":40},"end":{"line":19,"column":57}},"line":19},"5":{"name":"validateProfile","decl":{"start":{"line":24,"column":16},"end":{"line":24,"column":31}},"loc":{"start":{"line":24,"column":75},"end":{"line":52,"column":1}},"line":24},"6":{"name":"validateProfileUpdate","decl":{"start":{"line":54,"column":16},"end":{"line":54,"column":37}},"loc":{"start":{"line":54,"column":91},"end":{"line":75,"column":1}},"line":54},"7":{"name":"isValidUrl","decl":{"start":{"line":77,"column":9},"end":{"line":77,"column":19}},"loc":{"start":{"line":77,"column":42},"end":{"line":84,"column":1}},"line":77}},"branchMap":{"0":{"loc":{"start":{"line":28,"column":2},"end":{"line":32,"column":3}},"type":"if","locations":[{"start":{"line":28,"column":2},"end":{"line":32,"column":3}},{"start":{"line":30,"column":9},"end":{"line":32,"column":3}}],"line":28},"1":{"loc":{"start":{"line":30,"column":9},"end":{"line":32,"column":3}},"type":"if","locations":[{"start":{"line":30,"column":9},"end":{"line":32,"column":3}},{"start":{},"end":{}}],"line":30},"2":{"loc":{"start":{"line":34,"column":2},"end":{"line":36,"column":3}},"type":"if","locations":[{"start":{"line":34,"column":2},"end":{"line":36,"column":3}},{"start":{},"end":{}}],"line":34},"3":{"loc":{"start":{"line":38,"column":2},"end":{"line":40,"column":3}},"type":"if","locations":[{"start":{"line":38,"column":2},"end":{"line":40,"column":3}},{"start":{},"end":{}}],"line":38},"4":{"loc":{"start":{"line":43,"column":2},"end":{"line":45,"column":3}},"type":"if","locations":[{"start":{"line":43,"column":2},"end":{"line":45,"column":3}},{"start":{},"end":{}}],"line":43},"5":{"loc":{"start":{"line":43,"column":6},"end":{"line":43,"column":45}},"type":"binary-expr","locations":[{"start":{"line":43,"column":6},"end":{"line":43,"column":17}},{"start":{"line":43,"column":21},"end":{"line":43,"column":45}}],"line":43},"6":{"loc":{"start":{"line":47,"column":2},"end":{"line":49,"column":3}},"type":"if","locations":[{"start":{"line":47,"column":2},"end":{"line":49,"column":3}},{"start":{},"end":{}}],"line":47},"7":{"loc":{"start":{"line":47,"column":6},"end":{"line":47,"column":57}},"type":"binary-expr","locations":[{"start":{"line":47,"column":6},"end":{"line":47,"column":23}},{"start":{"line":47,"column":27},"end":{"line":47,"column":57}}],"line":47},"8":{"loc":{"start":{"line":58,"column":2},"end":{"line":64,"column":3}},"type":"if","locations":[{"start":{"line":58,"column":2},"end":{"line":64,"column":3}},{"start":{},"end":{}}],"line":58},"9":{"loc":{"start":{"line":59,"column":4},"end":{"line":63,"column":5}},"type":"if","locations":[{"start":{"line":59,"column":4},"end":{"line":63,"column":5}},{"start":{"line":61,"column":11},"end":{"line":63,"column":5}}],"line":59},"10":{"loc":{"start":{"line":61,"column":11},"end":{"line":63,"column":5}},"type":"if","locations":[{"start":{"line":61,"column":11},"end":{"line":63,"column":5}},{"start":{},"end":{}}],"line":61},"11":{"loc":{"start":{"line":66,"column":2},"end":{"line":68,"column":3}},"type":"if","locations":[{"start":{"line":66,"column":2},"end":{"line":68,"column":3}},{"start":{},"end":{}}],"line":66},"12":{"loc":{"start":{"line":66,"column":6},"end":{"line":66,"column":57}},"type":"binary-expr","locations":[{"start":{"line":66,"column":6},"end":{"line":66,"column":30}},{"start":{"line":66,"column":34},"end":{"line":66,"column":57}}],"line":66},"13":{"loc":{"start":{"line":70,"column":2},"end":{"line":72,"column":3}},"type":"if","locations":[{"start":{"line":70,"column":2},"end":{"line":72,"column":3}},{"start":{},"end":{}}],"line":70},"14":{"loc":{"start":{"line":70,"column":6},"end":{"line":70,"column":69}},"type":"binary-expr","locations":[{"start":{"line":70,"column":6},"end":{"line":70,"column":36}},{"start":{"line":70,"column":40},"end":{"line":70,"column":69}}],"line":70}},"s":{"0":12,"1":11,"2":12,"3":2,"4":11,"5":12,"6":11,"7":7,"8":7,"9":1,"10":6,"11":1,"12":7,"13":1,"14":7,"15":1,"16":7,"17":1,"18":7,"19":1,"20":7,"21":4,"22":4,"23":2,"24":1,"25":1,"26":0,"27":4,"28":1,"29":4,"30":1,"31":4,"32":2,"33":2,"34":0,"35":2},"f":{"0":11,"1":12,"2":2,"3":11,"4":12,"5":7,"6":4,"7":2},"b":{"0":[1,6],"1":[1,5],"2":[1,6],"3":[1,6],"4":[1,6],"5":[7,1],"6":[1,6],"7":[7,1],"8":[2,2],"9":[1,1],"10":[0,1],"11":[1,3],"12":[4,2],"13":[1,3],"14":[4,1]},"_coverageSchema":"1a1c01bbd47fc00a2c39e90264f33305004495a9","hash":"39856b87dc0620862b35ccfcbc1a15f05d4ddcc8"}
}
