TN:
SF:src/components/GameList.tsx
FN:18,GameList
FN:24,(anonymous_1)
FN:30,(anonymous_2)
FN:33,(anonymous_3)
FN:54,(anonymous_4)
FNF:5
FNH:0
FNDA:0,GameList
FNDA:0,(anonymous_1)
FNDA:0,(anonymous_2)
FNDA:0,(anonymous_3)
FNDA:0,(anonymous_4)
DA:18,0
DA:22,0
DA:24,0
DA:26,0
DA:27,0
DA:30,0
DA:31,0
DA:33,0
DA:37,0
DA:38,0
DA:47,0
DA:54,0
DA:60,0
LF:13
LH:0
BRDA:37,0,0,0
BRDA:37,0,1,0
BRDA:41,1,0,0
BRDA:41,1,1,0
BRF:4
BRH:0
end_of_record
TN:
SF:src/components/ThemedText.tsx
FN:9,(anonymous_0)
FNF:1
FNH:1
FNDA:51,(anonymous_0)
DA:9,3
DA:16,51
DA:30,3
LF:3
LH:3
BRDA:12,0,0,44
BRDA:13,1,0,50
BRF:2
BRH:2
end_of_record
TN:
SF:src/components/ThemedView.tsx
FN:5,ThemedView
FNF:1
FNH:0
FNDA:0,ThemedView
DA:6,0
DA:7,0
DA:9,0
LF:3
LH:0
BRDA:11,0,0,0
BRDA:11,0,1,0
BRF:2
BRH:0
end_of_record
TN:
SF:src/components/common/Collapsible.tsx
FN:10,Collapsible
FN:18,(anonymous_1)
FN:18,(anonymous_2)
FNF:3
FNH:0
FNDA:0,Collapsible
FNDA:0,(anonymous_1)
FNDA:0,(anonymous_2)
DA:11,0
DA:12,0
DA:14,0
DA:18,0
DA:35,0
LF:5
LH:0
BRDA:12,0,0,0
BRDA:12,0,1,0
BRDA:24,1,0,0
BRDA:24,1,1,0
BRDA:25,2,0,0
BRDA:25,2,1,0
BRDA:30,3,0,0
BRDA:30,3,1,0
BRF:8
BRH:0
end_of_record
TN:
SF:src/components/common/ExternalLink.tsx
FN:8,ExternalLink
FN:14,(anonymous_1)
FNF:2
FNH:0
FNDA:0,ExternalLink
FNDA:0,(anonymous_1)
DA:9,0
DA:15,0
DA:17,0
DA:19,0
LF:4
LH:0
BRDA:15,0,0,0
BRDA:15,0,1,0
BRF:2
BRH:0
end_of_record
TN:
SF:src/components/common/GameCard.tsx
FN:10,GameCard
FN:16,(anonymous_1)
FNF:2
FNH:0
FNDA:0,GameCard
FNDA:0,(anonymous_1)
DA:10,0
DA:14,0
DA:16,0
DA:49,0
LF:4
LH:0
BRDA:18,0,0,0
BRDA:18,0,1,0
BRDA:22,1,0,0
BRDA:22,1,1,0
BRF:4
BRH:0
end_of_record
TN:
SF:src/components/common/HapticTab.tsx
FN:5,HapticTab
FN:9,(anonymous_1)
FNF:2
FNH:0
FNDA:0,HapticTab
FNDA:0,(anonymous_1)
DA:6,0
DA:10,0
DA:12,0
DA:14,0
LF:4
LH:0
BRDA:10,0,0,0
BRDA:10,0,1,0
BRF:2
BRH:0
end_of_record
TN:
SF:src/components/common/HelloWave.tsx
FN:13,HelloWave
FN:16,(anonymous_1)
FN:23,(anonymous_2)
FNF:3
FNH:0
FNDA:0,HelloWave
FNDA:0,(anonymous_1)
FNDA:0,(anonymous_2)
DA:14,0
DA:16,0
DA:17,0
DA:23,0
DA:27,0
DA:34,0
LF:6
LH:0
BRF:0
BRH:0
end_of_record
TN:
SF:src/components/common/ParallaxScrollView.tsx
FN:21,ParallaxScrollView
FN:30,(anonymous_1)
FNF:2
FNH:0
FNDA:0,ParallaxScrollView
FNDA:0,(anonymous_1)
DA:14,0
DA:26,0
DA:27,0
DA:28,0
DA:29,0
DA:30,0
DA:31,0
DA:47,0
DA:68,0
LF:9
LH:0
BRDA:26,0,0,0
BRDA:26,0,1,0
BRF:2
BRH:0
end_of_record
TN:
SF:src/components/common/RSVPList.tsx
FN:23,(anonymous_0)
FN:33,(anonymous_1)
FN:56,RSVPList
FN:62,(anonymous_3)
FN:63,(anonymous_4)
FN:67,(anonymous_5)
FN:84,(anonymous_6)
FN:115,(anonymous_7)
FN:119,(anonymous_8)
FN:124,(anonymous_9)
FN:128,(anonymous_10)
FN:134,(anonymous_11)
FNF:12
FNH:0
FNDA:0,(anonymous_0)
FNDA:0,(anonymous_1)
FNDA:0,RSVPList
FNDA:0,(anonymous_3)
FNDA:0,(anonymous_4)
FNDA:0,(anonymous_5)
FNDA:0,(anonymous_6)
FNDA:0,(anonymous_7)
FNDA:0,(anonymous_8)
FNDA:0,(anonymous_9)
FNDA:0,(anonymous_10)
FNDA:0,(anonymous_11)
DA:23,0
DA:24,0
DA:26,0
DA:27,0
DA:30,0
DA:33,0
DA:34,0
DA:57,0
DA:58,0
DA:59,0
DA:60,0
DA:62,0
DA:63,0
DA:64,0
DA:65,0
DA:66,0
DA:67,0
DA:71,0
DA:72,0
DA:74,0
DA:75,0
DA:77,0
DA:81,0
DA:83,0
DA:84,0
DA:87,0
DA:88,0
DA:97,0
DA:98,0
DA:100,0
DA:116,0
DA:119,0
DA:125,0
DA:128,0
DA:135,0
DA:147,0
LF:36
LH:0
BRDA:24,0,0,0
BRDA:24,0,1,0
BRDA:26,1,0,0
BRDA:26,1,1,0
BRDA:39,2,0,0
BRDA:39,2,1,0
BRDA:42,3,0,0
BRDA:42,3,1,0
BRDA:45,4,0,0
BRDA:45,4,1,0
BRDA:46,5,0,0
BRDA:46,5,1,0
BRDA:51,6,0,0
BRDA:51,6,1,0
BRDA:69,7,0,0
BRDA:69,7,1,0
BRDA:75,8,0,0
BRDA:75,8,1,0
BRDA:87,9,0,0
BRDA:87,9,1,0
BRDA:87,10,0,0
BRDA:87,10,1,0
BRDA:91,11,0,0
BRDA:91,11,1,0
BRDA:91,11,2,0
BRDA:98,12,0,0
BRDA:98,12,1,0
BRDA:105,13,0,0
BRDA:105,13,1,0
BRF:29
BRH:0
end_of_record
TN:
SF:src/components/common/SpotsAvailability.tsx
FN:11,SpotsAvailability
FNF:1
FNH:0
FNDA:0,SpotsAvailability
DA:22,0
DA:24,0
DA:25,0
DA:28,0
DA:61,0
LF:5
LH:0
BRDA:13,0,0,0
BRDA:14,1,0,0
BRDA:24,2,0,0
BRDA:24,2,1,0
BRDA:24,3,0,0
BRDA:24,3,1,0
BRDA:31,4,0,0
BRDA:31,4,1,0
BRDA:33,5,0,0
BRDA:33,5,1,0
BRDA:38,6,0,0
BRDA:38,6,1,0
BRDA:44,7,0,0
BRDA:44,7,1,0
BRDA:50,8,0,0
BRDA:50,8,1,0
BRDA:51,9,0,0
BRDA:51,9,1,0
BRF:18
BRH:0
end_of_record
TN:
SF:src/components/common/ThemedText.tsx
FN:11,ThemedText
FNF:1
FNH:1
FNDA:5,ThemedText
DA:18,5
DA:20,5
DA:36,1
LF:3
LH:3
BRDA:15,0,0,5
BRDA:24,1,0,5
BRDA:24,1,1,0
BRDA:25,2,0,0
BRDA:25,2,1,5
BRDA:26,3,0,0
BRDA:26,3,1,5
BRDA:27,4,0,0
BRDA:27,4,1,5
BRDA:28,5,0,0
BRDA:28,5,1,5
BRF:11
BRH:6
end_of_record
TN:
SF:src/components/common/ThemedView.tsx
FN:10,ThemedView
FNF:1
FNH:0
FNDA:0,ThemedView
DA:11,0
DA:13,0
LF:2
LH:0
BRF:0
BRH:0
end_of_record
TN:
SF:src/components/common/icons/GoogleIcon.tsx
FN:8,(anonymous_0)
FNF:1
FNH:0
FNDA:0,(anonymous_0)
DA:8,0
DA:9,0
LF:2
LH:0
BRDA:8,0,0,0
BRF:1
BRH:0
end_of_record
TN:
SF:src/components/common/icons/VerifyEmailIcon.tsx
FN:9,(anonymous_0)
FNF:1
FNH:0
FNDA:0,(anonymous_0)
DA:9,0
DA:13,0
LF:2
LH:0
BRDA:10,0,0,0
BRDA:11,1,0,0
BRF:2
BRH:0
end_of_record
TN:
SF:src/components/common/navigation/HapticTab.tsx
FN:6,(anonymous_0)
FN:7,(anonymous_1)
FNF:2
FNH:0
FNDA:0,(anonymous_0)
FNDA:0,(anonymous_1)
DA:6,0
DA:7,0
DA:8,0
DA:9,0
DA:12,0
LF:5
LH:0
BRF:0
BRH:0
end_of_record
TN:
SF:src/components/common/navigation/TabBarBackground.tsx
FN:4,(anonymous_0)
FNF:1
FNH:0
FNDA:0,(anonymous_0)
DA:4,0
DA:5,0
LF:2
LH:0
BRF:0
BRH:0
end_of_record
TN:
SF:src/components/common/ui/Button.tsx
FN:29,(anonymous_0)
FN:54,(anonymous_1)
FN:91,(anonymous_2)
FNF:3
FNH:3
FNDA:23,(anonymous_0)
FNDA:23,(anonymous_1)
FNDA:20,(anonymous_2)
DA:12,2
DA:29,2
DA:42,23
DA:45,23
DA:47,23
DA:54,23
DA:55,23
DA:62,23
DA:68,23
DA:70,23
DA:79,23
DA:88,23
DA:91,23
DA:92,20
DA:99,20
DA:105,20
DA:112,20
DA:115,23
DA:128,23
DA:130,23
DA:162,2
LF:21
LH:21
BRDA:31,0,0,20
BRDA:32,1,0,22
BRDA:33,2,0,21
BRDA:34,3,0,21
BRDA:35,4,0,22
BRDA:42,5,0,23
BRDA:42,5,1,21
BRDA:45,6,0,23
BRDA:45,6,1,23
BRDA:48,7,0,23
BRDA:48,7,1,21
BRDA:71,8,0,23
BRDA:71,8,1,21
BRDA:76,9,0,0
BRDA:76,9,1,23
BRDA:83,10,0,23
BRDA:83,10,1,1
BRDA:84,11,0,23
BRDA:84,11,1,3
BRDA:102,12,0,20
BRDA:102,12,1,1
BRDA:106,13,0,20
BRDA:106,13,1,19
BRDA:116,14,0,23
BRDA:116,14,1,21
BRDA:128,15,0,22
BRDA:128,15,1,1
BRDA:145,16,0,2
BRDA:145,16,1,21
BRDA:149,17,0,0
BRDA:149,17,1,2
BRDA:153,18,0,20
BRDA:153,18,1,1
BRF:33
BRH:31
end_of_record
TN:
SF:src/components/common/ui/ErrorBoundary.tsx
FN:18,(anonymous_0)
FN:23,(anonymous_1)
FN:27,(anonymous_2)
FN:31,(anonymous_3)
FN:35,(anonymous_4)
FNF:5
FNH:5
FNDA:13,(anonymous_0)
FNDA:12,(anonymous_1)
FNDA:6,(anonymous_2)
FNDA:1,(anonymous_3)
FNDA:27,(anonymous_4)
DA:19,13
DA:20,13
DA:24,12
DA:28,6
DA:31,13
DA:32,1
DA:36,27
DA:37,12
DA:38,2
DA:41,10
DA:52,15
DA:56,1
LF:12
LH:12
BRDA:36,0,0,12
BRDA:36,0,1,15
BRDA:37,1,0,2
BRDA:37,1,1,10
BRDA:45,2,0,10
BRDA:45,2,1,0
BRF:6
BRH:5
end_of_record
TN:
SF:src/components/common/ui/GameList.tsx
FN:26,(anonymous_0)
FN:44,(anonymous_1)
FN:47,(anonymous_2)
FN:53,(anonymous_3)
FN:56,(anonymous_4)
FN:59,(anonymous_5)
FN:65,(anonymous_6)
FN:95,(anonymous_7)
FN:104,(anonymous_8)
FN:129,(anonymous_9)
FNF:10
FNH:0
FNDA:0,(anonymous_0)
FNDA:0,(anonymous_1)
FNDA:0,(anonymous_2)
FNDA:0,(anonymous_3)
FNDA:0,(anonymous_4)
FNDA:0,(anonymous_5)
FNDA:0,(anonymous_6)
FNDA:0,(anonymous_7)
FNDA:0,(anonymous_8)
FNDA:0,(anonymous_9)
DA:11,0
DA:26,0
DA:38,0
DA:39,0
DA:40,0
DA:41,0
DA:44,0
DA:45,0
DA:46,0
DA:47,0
DA:48,0
DA:53,0
DA:55,0
DA:57,0
DA:59,0
DA:65,0
DA:66,0
DA:67,0
DA:68,0
DA:74,0
DA:75,0
DA:82,0
DA:96,0
DA:103,0
DA:105,0
DA:129,0
DA:132,0
DA:175,0
LF:28
LH:0
BRDA:28,0,0,0
BRDA:29,1,0,0
BRDA:35,2,0,0
BRDA:36,3,0,0
BRDA:39,4,0,0
BRDA:39,4,1,0
BRDA:40,5,0,0
BRDA:40,5,1,0
BRDA:41,6,0,0
BRDA:41,6,1,0
BRDA:45,7,0,0
BRDA:45,7,1,0
BRDA:45,8,0,0
BRDA:45,8,1,0
BRDA:66,9,0,0
BRDA:66,9,1,0
BRDA:67,10,0,0
BRDA:67,10,1,0
BRDA:74,11,0,0
BRDA:74,11,1,0
BRDA:107,12,0,0
BRDA:107,12,1,0
BRF:22
BRH:0
end_of_record
TN:
SF:src/components/common/ui/LoadingSpinner.tsx
FN:13,(anonymous_0)
FNF:1
FNH:0
FNDA:0,(anonymous_0)
DA:13,0
DA:18,0
DA:20,0
DA:34,0
DA:53,0
LF:5
LH:0
BRDA:14,0,0,0
BRDA:18,1,0,0
BRDA:18,1,1,0
BRDA:24,2,0,0
BRDA:24,2,1,0
BRF:5
BRH:0
end_of_record
TN:
SF:src/components/common/ui/TextInput.tsx
FN:25,(anonymous_0)
FNF:1
FNH:1
FNDA:12,(anonymous_0)
DA:24,1
DA:43,12
DA:44,12
DA:47,12
DA:52,12
DA:124,1
DA:192,1
DA:194,1
LF:8
LH:8
BRDA:35,0,0,11
BRDA:43,1,0,12
BRDA:43,1,1,10
BRDA:54,2,0,12
BRDA:54,2,1,12
BRDA:56,3,0,12
BRDA:56,3,1,2
BRDA:64,4,0,12
BRDA:64,4,1,1
BRDA:75,5,0,12
BRDA:75,5,1,1
BRDA:76,6,0,12
BRDA:76,6,1,2
BRDA:77,7,0,12
BRDA:77,7,1,2
BRDA:78,8,0,12
BRDA:78,8,1,1
BRDA:83,9,0,12
BRDA:83,9,1,12
BRDA:84,10,0,12
BRDA:84,10,1,8
BRDA:91,11,0,12
BRDA:91,11,1,2
BRDA:92,12,0,1
BRDA:92,12,1,1
BRDA:110,13,0,12
BRDA:110,13,1,4
BRDA:112,14,0,4
BRDA:112,14,1,2
BRDA:114,15,0,2
BRDA:114,15,1,2
BRF:31
BRH:31
end_of_record
TN:
SF:src/components/hoc/withMemo.tsx
FN:5,withMemo
FNF:1
FNH:1
FNDA:1,withMemo
DA:9,1
DA:10,1
DA:11,1
DA:12,1
LF:4
LH:4
BRDA:9,0,0,1
BRDA:9,0,1,0
BRDA:9,0,2,0
BRF:3
BRH:1
end_of_record
TN:
SF:src/components/hoc/withPerformanceMonitoring.tsx
FN:5,withPerformanceMonitoring
FN:11,WithPerformanceMonitoring
FN:16,(anonymous_2)
FNF:3
FNH:2
FNDA:3,withPerformanceMonitoring
FNDA:2,WithPerformanceMonitoring
FNDA:0,(anonymous_2)
DA:9,3
DA:12,2
DA:14,2
DA:17,0
DA:21,2
DA:24,3
DA:26,3
LF:7
LH:6
BRDA:7,0,0,2
BRDA:9,1,0,3
BRDA:9,1,1,2
BRDA:9,1,2,1
BRDA:9,1,3,0
BRF:5
BRH:4
end_of_record
TN:
SF:src/components/screens/ExploreScreen.tsx
FNF:0
FNH:0
LF:0
LH:0
BRF:0
BRH:0
end_of_record
TN:
SF:src/components/screens/explore/ExploreScreen.tsx
FN:6,(anonymous_0)
FNF:1
FNH:0
FNDA:0,(anonymous_0)
DA:6,0
DA:7,0
DA:17,0
LF:3
LH:0
BRF:0
BRH:0
end_of_record
TN:
SF:src/components/screens/home/HomeScreen.tsx
FN:13,HomeScreen
FN:17,(anonymous_1)
FN:20,(anonymous_2)
FN:24,(anonymous_3)
FN:28,(anonymous_4)
FNF:5
FNH:0
FNDA:0,HomeScreen
FNDA:0,(anonymous_1)
FNDA:0,(anonymous_2)
FNDA:0,(anonymous_3)
FNDA:0,(anonymous_4)
DA:14,0
DA:15,0
DA:17,0
DA:20,0
DA:21,0
DA:24,0
DA:25,0
DA:28,0
DA:29,0
DA:32,0
DA:47,0
LF:11
LH:0
BRDA:15,0,0,0
BRF:1
BRH:0
end_of_record
TN:
SF:src/components/screens/home/sections/FeaturedGames.tsx
FN:13,FeaturedGames
FN:25,(anonymous_1)
FN:29,(anonymous_2)
FNF:3
FNH:0
FNDA:0,FeaturedGames
FNDA:0,(anonymous_1)
FNDA:0,(anonymous_2)
DA:14,0
DA:16,0
DA:26,0
DA:29,0
DA:38,0
LF:5
LH:0
BRDA:14,0,0,0
BRDA:14,0,1,0
BRF:2
BRH:0
end_of_record
TN:
SF:src/components/screens/home/sections/GameCategories.tsx
FN:12,GameCategories
FN:17,(anonymous_1)
FNF:2
FNH:0
FNDA:0,GameCategories
FNDA:0,(anonymous_1)
DA:6,0
DA:13,0
DA:18,0
DA:28,0
LF:4
LH:0
BRF:0
BRH:0
end_of_record
TN:
SF:src/components/screens/home/sections/QuickActions.tsx
FN:10,QuickActions
FNF:1
FNH:0
FNDA:0,QuickActions
DA:11,0
DA:21,0
LF:2
LH:0
BRF:0
BRH:0
end_of_record
TN:
SF:src/components/screens/home/sections/RecentActivity.tsx
FN:9,RecentActivity
FNF:1
FNH:0
FNDA:0,RecentActivity
DA:10,0
DA:20,0
LF:2
LH:0
BRF:0
BRH:0
end_of_record
TN:
SF:src/components/screens/home/sections/UserGames.tsx
FN:12,UserGames
FN:19,(anonymous_1)
FN:23,(anonymous_2)
FNF:3
FNH:0
FNDA:0,UserGames
FNDA:0,(anonymous_1)
FNDA:0,(anonymous_2)
DA:13,0
DA:15,0
DA:20,0
DA:23,0
DA:32,0
LF:5
LH:0
BRDA:13,0,0,0
BRDA:13,0,1,0
BRF:2
BRH:0
end_of_record
TN:
SF:src/components/screens/profile/ProfileScreen.tsx
FN:13,ProfileScreen
FN:19,(anonymous_1)
FN:77,(anonymous_2)
FN:92,(anonymous_3)
FNF:4
FNH:0
FNDA:0,ProfileScreen
FNDA:0,(anonymous_1)
FNDA:0,(anonymous_2)
FNDA:0,(anonymous_3)
DA:14,0
DA:15,0
DA:16,0
DA:17,0
DA:19,0
DA:20,0
DA:21,0
DA:22,0
DA:23,0
DA:24,0
DA:27,0
DA:34,0
DA:35,0
DA:39,0
DA:43,0
DA:44,0
DA:47,0
DA:78,0
DA:103,0
LF:19
LH:0
BRDA:22,0,0,0
BRDA:22,0,1,0
BRDA:34,1,0,0
BRDA:34,1,1,0
BRDA:43,2,0,0
BRDA:43,2,1,0
BRDA:51,3,0,0
BRDA:51,3,1,0
BRDA:70,4,0,0
BRDA:70,4,1,0
BRDA:76,5,0,0
BRDA:76,5,1,0
BRF:12
BRH:0
end_of_record
TN:
SF:src/components/screens/profile/ProfileTestScreen.tsx
FN:10,ProfileTestScreen
FN:13,(anonymous_1)
FN:43,(anonymous_2)
FN:47,(anonymous_3)
FN:64,(anonymous_4)
FN:68,(anonymous_5)
FN:79,(anonymous_6)
FN:104,(anonymous_7)
FNF:8
FNH:0
FNDA:0,ProfileTestScreen
FNDA:0,(anonymous_1)
FNDA:0,(anonymous_2)
FNDA:0,(anonymous_3)
FNDA:0,(anonymous_4)
FNDA:0,(anonymous_5)
FNDA:0,(anonymous_6)
FNDA:0,(anonymous_7)
DA:11,0
DA:13,0
DA:14,0
DA:39,0
DA:40,0
DA:43,0
DA:47,0
DA:48,0
DA:60,0
DA:61,0
DA:64,0
DA:68,0
DA:69,0
DA:75,0
DA:76,0
DA:79,0
DA:83,0
DA:105,0
DA:118,0
LF:19
LH:0
BRF:0
BRH:0
end_of_record
TN:
SF:src/components/ui/IconSymbol.ios.tsx
FN:4,IconSymbol
FNF:1
FNH:0
FNDA:0,IconSymbol
DA:17,0
LF:1
LH:0
BRDA:6,0,0,0
BRDA:9,1,0,0
BRF:2
BRH:0
end_of_record
TN:
SF:src/components/ui/IconSymbol.tsx
FN:41,IconSymbol
FNF:1
FNH:0
FNDA:0,IconSymbol
DA:9,0
DA:10,0
DA:14,0
DA:43,0
DA:44,0
DA:47,0
LF:6
LH:0
BRDA:9,0,0,0
BRDA:9,0,1,0
BRDA:41,1,0,0
BRDA:41,2,0,0
BRDA:43,3,0,0
BRDA:43,3,1,0
BRDA:43,4,0,0
BRDA:43,4,1,0
BRF:8
BRH:0
end_of_record
TN:
SF:src/components/ui/TabBarBackground.ios.tsx
FN:6,BlurTabBarBackground
FN:17,useBottomTabOverflow
FNF:2
FNH:0
FNDA:0,BlurTabBarBackground
FNDA:0,useBottomTabOverflow
DA:7,0
DA:18,0
DA:19,0
DA:20,0
LF:4
LH:0
BRF:0
BRH:0
end_of_record
TN:
SF:src/components/ui/TabBarBackground.tsx
FN:4,useBottomTabOverflow
FNF:1
FNH:0
FNDA:0,useBottomTabOverflow
DA:5,0
LF:1
LH:0
BRF:0
BRH:0
end_of_record
TN:
SF:src/config/auth.ts
FNF:0
FNH:0
DA:13,0
DA:28,0
DA:34,0
LF:3
LH:0
BRF:0
BRH:0
end_of_record
TN:
SF:src/config/env.ts
FNF:0
FNH:0
DA:1,2
LF:1
LH:1
BRF:0
BRH:0
end_of_record
TN:
SF:src/constants/Colors.ts
FNF:0
FNH:0
DA:6,1
DA:7,1
DA:9,1
LF:3
LH:3
BRF:0
BRH:0
end_of_record
TN:
SF:src/constants/theme.ts
FNF:0
FNH:0
DA:1,0
DA:26,0
DA:35,0
DA:51,0
DA:59,0
LF:5
LH:0
BRF:0
BRH:0
end_of_record
TN:
SF:src/contexts/AuthContext.tsx
FN:48,AuthProvider
FN:55,(anonymous_1)
FN:60,(anonymous_2)
FN:67,(anonymous_3)
FN:89,(anonymous_4)
FN:92,(anonymous_5)
FN:106,(anonymous_6)
FN:111,(anonymous_7)
FN:114,(anonymous_8)
FN:131,(anonymous_9)
FN:136,(anonymous_10)
FN:139,(anonymous_11)
FN:150,(anonymous_12)
FN:155,(anonymous_13)
FN:179,(anonymous_14)
FN:181,(anonymous_15)
FN:192,(anonymous_16)
FN:196,(anonymous_17)
FN:198,(anonymous_18)
FN:209,(anonymous_19)
FN:213,(anonymous_20)
FN:215,(anonymous_21)
FN:226,(anonymous_22)
FN:235,(anonymous_23)
FN:254,useAuth
FNF:25
FNH:12
FNDA:12,AuthProvider
FNDA:4,(anonymous_1)
FNDA:8,(anonymous_2)
FNDA:4,(anonymous_3)
FNDA:2,(anonymous_4)
FNDA:2,(anonymous_5)
FNDA:1,(anonymous_6)
FNDA:1,(anonymous_7)
FNDA:1,(anonymous_8)
FNDA:0,(anonymous_9)
FNDA:1,(anonymous_10)
FNDA:1,(anonymous_11)
FNDA:0,(anonymous_12)
FNDA:0,(anonymous_13)
FNDA:0,(anonymous_14)
FNDA:0,(anonymous_15)
FNDA:0,(anonymous_16)
FNDA:0,(anonymous_17)
FNDA:0,(anonymous_18)
FNDA:0,(anonymous_19)
FNDA:0,(anonymous_20)
FNDA:0,(anonymous_21)
FNDA:0,(anonymous_22)
FNDA:0,(anonymous_23)
FNDA:12,useAuth
DA:46,1
DA:49,12
DA:55,12
DA:57,4
DA:60,12
DA:62,8
DA:63,0
DA:67,12
DA:68,4
DA:69,4
DA:70,4
DA:75,4
DA:77,4
DA:78,3
DA:79,3
DA:81,1
DA:84,0
DA:85,0
DA:89,12
DA:90,2
DA:91,2
DA:92,2
DA:94,2
DA:95,1
DA:97,1
DA:101,1
DA:103,1
DA:105,1
DA:106,1
DA:107,1
DA:111,12
DA:112,1
DA:113,1
DA:114,1
DA:116,1
DA:117,1
DA:120,1
DA:124,1
DA:127,1
DA:130,0
DA:131,0
DA:132,0
DA:136,12
DA:137,1
DA:138,1
DA:139,1
DA:141,1
DA:145,1
DA:147,1
DA:149,0
DA:150,0
DA:151,0
DA:155,12
DA:160,0
DA:161,0
DA:163,0
DA:168,0
DA:174,0
DA:175,0
DA:179,12
DA:180,0
DA:181,0
DA:182,0
DA:184,0
DA:185,0
DA:187,0
DA:190,0
DA:191,0
DA:192,0
DA:196,12
DA:197,0
DA:198,0
DA:199,0
DA:201,0
DA:202,0
DA:204,0
DA:207,0
DA:208,0
DA:209,0
DA:213,12
DA:214,0
DA:215,0
DA:217,0
DA:218,0
DA:221,0
DA:224,0
DA:226,0
DA:232,0
DA:234,0
DA:235,0
DA:236,0
DA:240,12
DA:251,12
DA:255,12
DA:256,12
DA:257,0
DA:259,12
LF:97
LH:52
BRDA:62,0,0,0
BRDA:62,0,1,8
BRDA:62,1,0,8
BRDA:62,1,1,4
BRDA:77,2,0,3
BRDA:77,2,1,1
BRDA:77,3,0,4
BRDA:77,3,1,3
BRDA:184,4,0,0
BRDA:184,4,1,0
BRDA:184,5,0,0
BRDA:184,5,1,0
BRDA:184,5,2,0
BRDA:187,6,0,0
BRDA:187,6,1,0
BRDA:201,7,0,0
BRDA:201,7,1,0
BRDA:201,8,0,0
BRDA:201,8,1,0
BRDA:201,8,2,0
BRDA:204,9,0,0
BRDA:204,9,1,0
BRDA:217,10,0,0
BRDA:217,10,1,0
BRDA:256,11,0,0
BRDA:256,11,1,12
BRF:26
BRH:8
end_of_record
TN:
SF:src/contexts/BookedGamesContext.tsx
FN:34,BookedGamesProvider
FN:40,(anonymous_1)
FN:55,(anonymous_2)
FN:62,(anonymous_3)
FN:69,(anonymous_4)
FN:76,(anonymous_5)
FN:77,(anonymous_6)
FN:88,(anonymous_7)
FN:103,(anonymous_8)
FN:124,useBookedGames
FN:132,useUpcomingBookedGames
FN:134,(anonymous_11)
FN:135,(anonymous_12)
FNF:13
FNH:0
FNDA:0,BookedGamesProvider
FNDA:0,(anonymous_1)
FNDA:0,(anonymous_2)
FNDA:0,(anonymous_3)
FNDA:0,(anonymous_4)
FNDA:0,(anonymous_5)
FNDA:0,(anonymous_6)
FNDA:0,(anonymous_7)
FNDA:0,(anonymous_8)
FNDA:0,useBookedGames
FNDA:0,useUpcomingBookedGames
FNDA:0,(anonymous_11)
FNDA:0,(anonymous_12)
DA:32,0
DA:35,0
DA:36,0
DA:37,0
DA:38,0
DA:40,0
DA:41,0
DA:43,0
DA:44,0
DA:45,0
DA:46,0
DA:47,0
DA:49,0
DA:51,0
DA:55,0
DA:56,0
DA:57,0
DA:60,0
DA:61,0
DA:62,0
DA:63,0
DA:65,0
DA:69,0
DA:70,0
DA:71,0
DA:74,0
DA:75,0
DA:76,0
DA:77,0
DA:78,0
DA:84,0
DA:88,0
DA:89,0
DA:91,0
DA:92,0
DA:93,0
DA:94,0
DA:96,0
DA:98,0
DA:103,0
DA:104,0
DA:107,0
DA:125,0
DA:126,0
DA:127,0
DA:129,0
DA:133,0
DA:134,0
DA:135,0
LF:49
LH:0
BRDA:41,0,0,0
BRDA:41,0,1,0
BRDA:49,1,0,0
BRDA:49,1,1,0
BRDA:56,2,0,0
BRDA:56,2,1,0
BRDA:65,3,0,0
BRDA:65,3,1,0
BRDA:70,4,0,0
BRDA:70,4,1,0
BRDA:78,5,0,0
BRDA:78,5,1,0
BRDA:84,6,0,0
BRDA:84,6,1,0
BRDA:89,7,0,0
BRDA:89,7,1,0
BRDA:96,8,0,0
BRDA:96,8,1,0
BRDA:126,9,0,0
BRDA:126,9,1,0
BRF:20
BRH:0
end_of_record
TN:
SF:src/contexts/GameContext.tsx
FN:38,gameReducer
FN:49,(anonymous_1)
FN:61,(anonymous_2)
FN:123,GameProvider
FN:126,(anonymous_4)
FN:133,(anonymous_5)
FN:143,(anonymous_6)
FN:146,(anonymous_7)
FN:158,(anonymous_8)
FN:171,(anonymous_9)
FN:185,(anonymous_10)
FN:207,(anonymous_11)
FN:228,(anonymous_12)
FN:253,(anonymous_13)
FN:296,useGames
FNF:15
FNH:6
FNDA:16,gameReducer
FNDA:0,(anonymous_1)
FNDA:0,(anonymous_2)
FNDA:10,GameProvider
FNDA:6,(anonymous_4)
FNDA:0,(anonymous_5)
FNDA:0,(anonymous_6)
FNDA:0,(anonymous_7)
FNDA:3,(anonymous_8)
FNDA:3,(anonymous_9)
FNDA:0,(anonymous_10)
FNDA:0,(anonymous_11)
FNDA:0,(anonymous_12)
FNDA:0,(anonymous_13)
FNDA:10,useGames
DA:29,1
DA:39,16
DA:41,8
DA:43,8
DA:45,0
DA:47,0
DA:49,0
DA:50,0
DA:52,0
DA:53,0
DA:54,0
DA:61,0
DA:62,0
DA:63,0
DA:64,0
DA:71,0
DA:72,0
DA:73,0
DA:79,0
DA:80,0
DA:81,0
DA:87,0
DA:88,0
DA:89,0
DA:95,0
DA:96,0
DA:97,0
DA:103,0
DA:120,1
DA:124,10
DA:126,10
DA:127,6
DA:130,6
DA:133,10
DA:135,0
DA:136,0
DA:139,0
DA:140,0
DA:143,0
DA:146,10
DA:147,0
DA:148,0
DA:149,0
DA:154,0
DA:158,10
DA:159,3
DA:160,3
DA:161,3
DA:162,3
DA:163,0
DA:165,3
DA:167,3
DA:171,10
DA:172,3
DA:173,3
DA:174,3
DA:175,3
DA:176,0
DA:178,3
DA:179,3
DA:181,3
DA:185,10
DA:186,0
DA:187,0
DA:190,0
DA:191,0
DA:196,0
DA:197,0
DA:198,0
DA:201,0
DA:202,0
DA:203,0
DA:207,10
DA:209,0
DA:210,0
DA:211,0
DA:217,0
DA:218,0
DA:219,0
DA:222,0
DA:223,0
DA:224,0
DA:228,10
DA:229,0
DA:230,0
DA:233,0
DA:237,0
DA:242,0
DA:243,0
DA:244,0
DA:247,0
DA:248,0
DA:249,0
DA:253,10
DA:254,0
DA:255,0
DA:258,0
DA:262,0
DA:267,0
DA:268,0
DA:269,0
DA:272,0
DA:273,0
DA:274,0
DA:278,10
DA:292,10
DA:297,10
DA:298,10
DA:299,0
DA:301,10
LF:110
LH:35
BRDA:39,0,0,8
BRDA:39,0,1,8
BRDA:39,0,2,0
BRDA:39,0,3,0
BRDA:39,0,4,0
BRDA:39,0,5,0
BRDA:39,0,6,0
BRDA:39,0,7,0
BRDA:39,0,8,0
BRDA:39,0,9,0
BRDA:39,0,10,0
BRDA:50,1,0,0
BRDA:50,1,1,0
BRDA:127,2,0,0
BRDA:127,2,1,6
BRDA:136,3,0,0
BRDA:136,3,1,0
BRDA:140,4,0,0
BRDA:140,4,1,0
BRDA:187,5,0,0
BRDA:187,5,1,0
BRDA:210,6,0,0
BRDA:210,6,1,0
BRDA:230,7,0,0
BRDA:230,7,1,0
BRDA:255,8,0,0
BRDA:255,8,1,0
BRDA:298,9,0,0
BRDA:298,9,1,10
BRF:29
BRH:4
end_of_record
TN:
SF:src/contexts/PerformanceContext.tsx
FN:13,PerformanceProvider
FN:16,(anonymous_1)
FN:17,(anonymous_2)
FN:23,(anonymous_3)
FN:28,(anonymous_4)
FN:29,(anonymous_5)
FN:30,(anonymous_6)
FN:34,(anonymous_7)
FN:36,(anonymous_8)
FN:59,usePerformance
FNF:10
FNH:10
FNDA:13,PerformanceProvider
FNDA:9,(anonymous_1)
FNDA:9,(anonymous_2)
FNDA:2,(anonymous_3)
FNDA:2,(anonymous_4)
FNDA:2,(anonymous_5)
FNDA:2,(anonymous_6)
FNDA:2,(anonymous_7)
FNDA:1,(anonymous_8)
FNDA:15,usePerformance
DA:11,2
DA:14,13
DA:16,13
DA:17,9
DA:23,13
DA:24,2
DA:25,2
DA:27,1
DA:28,2
DA:29,2
DA:30,2
DA:34,13
DA:35,2
DA:36,1
DA:37,1
DA:38,1
DA:41,1
DA:45,13
DA:60,15
DA:61,15
DA:62,2
DA:64,13
LF:22
LH:22
BRDA:19,0,0,9
BRDA:19,0,1,7
BRDA:25,1,0,1
BRDA:25,1,1,1
BRDA:35,2,0,1
BRDA:35,2,1,1
BRDA:61,3,0,2
BRDA:61,3,1,13
BRF:8
BRH:8
end_of_record
TN:
SF:src/contexts/UIContext.tsx
FN:34,uiReducer
FN:75,UIProvider
FN:80,(anonymous_2)
FN:84,(anonymous_3)
FN:88,(anonymous_4)
FN:92,(anonymous_5)
FN:95,(anonymous_6)
FN:100,(anonymous_7)
FN:105,(anonymous_8)
FN:153,useUI
FNF:10
FNH:10
FNDA:30,uiReducer
FNDA:54,UIProvider
FNDA:23,(anonymous_2)
FNDA:1,(anonymous_3)
FNDA:2,(anonymous_4)
FNDA:2,(anonymous_5)
FNDA:1,(anonymous_6)
FNDA:1,(anonymous_7)
FNDA:19,(anonymous_8)
FNDA:19,useUI
DA:23,3
DA:35,30
DA:37,24
DA:39,2
DA:41,2
DA:50,2
DA:58,0
DA:72,3
DA:76,54
DA:77,54
DA:80,54
DA:81,23
DA:84,54
DA:85,1
DA:88,54
DA:89,2
DA:92,54
DA:93,2
DA:95,2
DA:96,1
DA:100,54
DA:101,1
DA:104,54
DA:106,19
DA:107,19
DA:109,19
DA:110,19
DA:114,0
DA:135,0
DA:140,54
DA:149,54
DA:154,19
DA:155,19
DA:156,0
DA:158,19
LF:35
LH:31
BRDA:35,0,0,24
BRDA:35,0,1,2
BRDA:35,0,2,2
BRDA:35,0,3,2
BRDA:35,0,4,0
BRDA:106,1,0,19
BRDA:106,1,1,0
BRDA:109,2,0,19
BRDA:109,2,1,0
BRDA:155,3,0,0
BRDA:155,3,1,19
BRF:11
BRH:7
end_of_record
TN:
SF:src/contexts/selectors/authSelectors.ts
FN:5,(anonymous_0)
FN:7,(anonymous_1)
FN:10,(anonymous_2)
FN:12,(anonymous_3)
FN:23,(anonymous_4)
FN:25,(anonymous_5)
FN:35,(anonymous_6)
FN:37,(anonymous_7)
FNF:8
FNH:8
FNDA:2,(anonymous_0)
FNDA:2,(anonymous_1)
FNDA:2,(anonymous_2)
FNDA:2,(anonymous_3)
FNDA:3,(anonymous_4)
FNDA:3,(anonymous_5)
FNDA:2,(anonymous_6)
FNDA:2,(anonymous_7)
DA:5,1
DA:6,2
DA:7,2
DA:10,1
DA:11,2
DA:12,2
DA:23,1
DA:24,3
DA:25,3
DA:35,1
DA:36,2
DA:37,2
LF:12
LH:12
BRDA:30,0,0,3
BRDA:30,0,1,2
BRF:2
BRH:2
end_of_record
TN:
SF:src/contexts/selectors/gameSelectors.ts
FN:6,(anonymous_0)
FN:8,(anonymous_1)
FN:11,(anonymous_2)
FN:14,(anonymous_3)
FN:14,(anonymous_4)
FN:19,(anonymous_5)
FN:22,(anonymous_6)
FN:22,(anonymous_7)
FN:28,(anonymous_8)
FN:31,(anonymous_9)
FN:32,(anonymous_10)
FN:33,(anonymous_11)
FN:38,(anonymous_12)
FN:40,(anonymous_13)
FN:42,(anonymous_14)
FN:43,(anonymous_15)
FN:44,(anonymous_16)
FN:45,(anonymous_17)
FN:46,(anonymous_18)
FN:51,(anonymous_19)
FN:60,(anonymous_20)
FN:61,(anonymous_21)
FN:78,(anonymous_22)
FN:81,(anonymous_23)
FNF:24
FNH:20
FNDA:2,(anonymous_0)
FNDA:2,(anonymous_1)
FNDA:1,(anonymous_2)
FNDA:1,(anonymous_3)
FNDA:1,(anonymous_4)
FNDA:1,(anonymous_5)
FNDA:1,(anonymous_6)
FNDA:1,(anonymous_7)
FNDA:0,(anonymous_8)
FNDA:0,(anonymous_9)
FNDA:0,(anonymous_10)
FNDA:0,(anonymous_11)
FNDA:1,(anonymous_12)
FNDA:1,(anonymous_13)
FNDA:1,(anonymous_14)
FNDA:1,(anonymous_15)
FNDA:1,(anonymous_16)
FNDA:1,(anonymous_17)
FNDA:1,(anonymous_18)
FNDA:2,(anonymous_19)
FNDA:2,(anonymous_20)
FNDA:2,(anonymous_21)
FNDA:1,(anonymous_22)
FNDA:1,(anonymous_23)
DA:6,1
DA:7,2
DA:8,2
DA:11,1
DA:12,1
DA:13,1
DA:14,1
DA:19,1
DA:20,1
DA:21,1
DA:22,1
DA:28,1
DA:29,0
DA:30,0
DA:31,0
DA:32,0
DA:33,0
DA:38,1
DA:39,1
DA:40,1
DA:42,1
DA:43,1
DA:44,1
DA:45,1
DA:46,1
DA:51,1
DA:58,2
DA:60,2
DA:61,2
DA:62,2
DA:63,2
DA:64,2
DA:65,1
DA:66,1
DA:67,0
DA:68,0
DA:69,0
DA:72,1
DA:78,1
DA:79,1
DA:81,1
DA:82,1
DA:83,1
DA:84,1
LF:44
LH:36
BRDA:32,0,0,0
BRDA:32,0,1,0
BRDA:46,1,0,1
BRDA:46,1,1,0
BRDA:62,2,0,0
BRDA:62,2,1,2
BRDA:62,3,0,2
BRDA:62,3,1,1
BRDA:63,4,0,0
BRDA:63,4,1,2
BRDA:63,5,0,2
BRDA:63,5,1,1
BRDA:64,6,0,1
BRDA:64,6,1,1
BRDA:64,7,0,2
BRDA:64,7,1,2
BRDA:65,8,0,0
BRDA:65,8,1,1
BRDA:65,9,0,1
BRDA:65,9,1,1
BRDA:66,10,0,0
BRDA:66,10,1,1
BRDA:68,11,0,0
BRDA:68,11,1,0
BRDA:68,12,0,0
BRDA:68,12,1,0
BRF:26
BRH:15
end_of_record
TN:
SF:src/contexts/selectors/uiSelectors.ts
FN:5,(anonymous_0)
FN:7,(anonymous_1)
FN:15,(anonymous_2)
FN:17,(anonymous_3)
FN:24,(anonymous_4)
FN:26,(anonymous_5)
FN:35,(anonymous_6)
FN:37,(anonymous_7)
FNF:8
FNH:8
FNDA:2,(anonymous_0)
FNDA:2,(anonymous_1)
FNDA:2,(anonymous_2)
FNDA:2,(anonymous_3)
FNDA:2,(anonymous_4)
FNDA:2,(anonymous_5)
FNDA:3,(anonymous_6)
FNDA:3,(anonymous_7)
DA:5,1
DA:6,2
DA:7,2
DA:15,1
DA:16,2
DA:17,2
DA:24,1
DA:25,2
DA:26,2
DA:35,1
DA:36,3
DA:37,3
DA:38,3
LF:13
LH:13
BRDA:39,0,0,2
BRDA:39,0,1,1
BRDA:39,1,0,3
BRDA:39,1,1,1
BRF:4
BRH:4
end_of_record
TN:
SF:src/hooks/useAppNavigation.ts
FN:3,useAppNavigation
FN:7,(anonymous_1)
FN:10,(anonymous_2)
FNF:3
FNH:0
FNDA:0,useAppNavigation
FNDA:0,(anonymous_1)
FNDA:0,(anonymous_2)
DA:4,0
DA:6,0
DA:8,0
DA:11,0
LF:4
LH:0
BRF:0
BRH:0
end_of_record
TN:
SF:src/hooks/useBookGame.ts
FN:13,useBookGame
FN:23,(anonymous_1)
FN:26,(anonymous_2)
FN:29,(anonymous_3)
FN:32,(anonymous_4)
FN:36,(anonymous_5)
FN:37,(anonymous_6)
FN:48,(anonymous_7)
FN:49,(anonymous_8)
FN:52,(anonymous_9)
FN:53,(anonymous_10)
FN:56,(anonymous_11)
FNF:12
FNH:12
FNDA:13,useBookGame
FNDA:2,(anonymous_1)
FNDA:2,(anonymous_2)
FNDA:1,(anonymous_3)
FNDA:1,(anonymous_4)
FNDA:2,(anonymous_5)
FNDA:2,(anonymous_6)
FNDA:2,(anonymous_7)
FNDA:2,(anonymous_8)
FNDA:1,(anonymous_9)
FNDA:1,(anonymous_10)
FNDA:1,(anonymous_11)
DA:14,13
DA:21,13
DA:23,13
DA:24,2
DA:26,2
DA:27,2
DA:28,2
DA:29,1
DA:31,1
DA:32,1
DA:36,13
DA:37,2
DA:45,2
DA:48,13
DA:49,2
DA:52,13
DA:53,1
DA:56,13
DA:57,1
DA:65,13
LF:20
LH:20
BRDA:24,0,0,0
BRDA:24,0,1,2
BRDA:31,1,0,1
BRDA:31,1,1,0
BRF:4
BRH:2
end_of_record
TN:
SF:src/hooks/useColorScheme.ts
FN:6,useColorScheme
FNF:1
FNH:0
FNDA:0,useColorScheme
DA:7,0
LF:1
LH:0
BRDA:7,0,0,0
BRDA:7,0,1,0
BRF:2
BRH:0
end_of_record
TN:
SF:src/hooks/useColorScheme.web.ts
FN:7,useColorScheme
FN:10,(anonymous_1)
FNF:2
FNH:0
FNDA:0,useColorScheme
FNDA:0,(anonymous_1)
DA:8,0
DA:10,0
DA:11,0
DA:14,0
DA:16,0
DA:17,0
DA:20,0
LF:7
LH:0
BRDA:16,0,0,0
BRDA:16,0,1,0
BRF:2
BRH:0
end_of_record
TN:
SF:src/hooks/useDataRefresh.ts
FN:14,(anonymous_0)
FN:15,(anonymous_1)
FN:18,useDataRefresh
FN:31,(anonymous_3)
FN:49,(anonymous_4)
FN:61,(anonymous_5)
FN:62,(anonymous_6)
FN:71,(anonymous_7)
FNF:8
FNH:0
FNDA:0,(anonymous_0)
FNDA:0,(anonymous_1)
FNDA:0,useDataRefresh
FNDA:0,(anonymous_3)
FNDA:0,(anonymous_4)
FNDA:0,(anonymous_5)
FNDA:0,(anonymous_6)
FNDA:0,(anonymous_7)
DA:11,0
DA:23,0
DA:24,0
DA:25,0
DA:26,0
DA:27,0
DA:29,0
DA:31,0
DA:32,0
DA:33,0
DA:34,0
DA:37,0
DA:38,0
DA:40,0
DA:41,0
DA:42,0
DA:43,0
DA:45,0
DA:46,0
DA:48,0
DA:49,0
DA:50,0
DA:51,0
DA:54,0
DA:57,0
DA:61,0
DA:62,0
DA:63,0
DA:64,0
DA:65,0
DA:69,0
DA:71,0
DA:72,0
DA:73,0
DA:74,0
DA:79,0
LF:36
LH:0
BRDA:21,0,0,0
BRDA:32,1,0,0
BRDA:32,1,1,0
BRDA:45,2,0,0
BRDA:45,2,1,0
BRDA:48,3,0,0
BRDA:48,3,1,0
BRDA:64,4,0,0
BRDA:64,4,1,0
BRDA:73,5,0,0
BRDA:73,5,1,0
BRF:11
BRH:0
end_of_record
TN:
SF:src/hooks/useGameRegistration.ts
FN:14,useGameRegistration
FN:23,(anonymous_1)
FN:26,(anonymous_2)
FN:67,(anonymous_3)
FN:77,(anonymous_4)
FN:80,(anonymous_5)
FN:84,(anonymous_6)
FN:87,(anonymous_7)
FNF:8
FNH:0
FNDA:0,useGameRegistration
FNDA:0,(anonymous_1)
FNDA:0,(anonymous_2)
FNDA:0,(anonymous_3)
FNDA:0,(anonymous_4)
FNDA:0,(anonymous_5)
FNDA:0,(anonymous_6)
FNDA:0,(anonymous_7)
DA:15,0
DA:23,0
DA:24,0
DA:25,0
DA:26,0
DA:31,0
DA:34,0
DA:36,0
DA:37,0
DA:40,0
DA:41,0
DA:42,0
DA:44,0
DA:52,0
DA:55,0
DA:56,0
DA:57,0
DA:58,0
DA:59,0
DA:67,0
DA:77,0
DA:78,0
DA:80,0
DA:81,0
DA:84,0
DA:87,0
DA:88,0
DA:89,0
DA:91,0
DA:92,0
DA:94,0
DA:96,0
DA:97,0
DA:100,0
LF:34
LH:0
BRDA:16,0,0,0
BRDA:16,0,1,0
BRDA:24,1,0,0
BRDA:24,1,1,0
BRDA:37,2,0,0
BRDA:37,2,1,0
BRDA:41,3,0,0
BRDA:41,3,1,0
BRDA:56,4,0,0
BRDA:56,4,1,0
BRDA:70,5,0,0
BRDA:70,5,1,0
BRDA:88,6,0,0
BRDA:88,6,1,0
BRDA:89,7,0,0
BRDA:89,7,1,0
BRDA:91,8,0,0
BRDA:91,8,1,0
BRDA:96,9,0,0
BRDA:96,9,1,0
BRF:20
BRH:0
end_of_record
TN:
SF:src/hooks/useGames.ts
FN:8,useGames
FN:16,(anonymous_1)
FN:20,(anonymous_2)
FN:41,useGameHistory
FN:47,(anonymous_4)
FN:48,fetchGames
FN:67,(anonymous_6)
FN:73,(anonymous_7)
FNF:8
FNH:0
FNDA:0,useGames
FNDA:0,(anonymous_1)
FNDA:0,(anonymous_2)
FNDA:0,useGameHistory
FNDA:0,(anonymous_4)
FNDA:0,fetchGames
FNDA:0,(anonymous_6)
FNDA:0,(anonymous_7)
DA:14,0
DA:16,0
DA:20,0
DA:21,0
DA:24,0
DA:42,0
DA:43,0
DA:44,0
DA:45,0
DA:47,0
DA:49,0
DA:51,0
DA:52,0
DA:53,0
DA:54,0
DA:55,0
DA:57,0
DA:58,0
DA:60,0
DA:64,0
DA:67,0
DA:68,0
DA:70,0
DA:71,0
DA:72,0
DA:73,0
DA:74,0
DA:76,0
DA:77,0
DA:79,0
DA:83,0
LF:31
LH:0
BRDA:25,0,0,0
BRDA:25,0,1,0
BRDA:49,1,0,0
BRDA:49,1,1,0
BRDA:68,2,0,0
BRDA:68,2,1,0
BRF:6
BRH:0
end_of_record
TN:
SF:src/hooks/usePerformanceMonitor.ts
FN:15,usePerformanceMonitor
FN:20,(anonymous_1)
FN:25,(anonymous_2)
FN:40,(anonymous_3)
FN:44,(anonymous_4)
FNF:5
FNH:5
FNDA:3,usePerformanceMonitor
FNDA:3,(anonymous_1)
FNDA:3,(anonymous_2)
FNDA:3,(anonymous_3)
FNDA:3,(anonymous_4)
DA:16,3
DA:17,3
DA:18,3
DA:20,3
DA:21,3
DA:23,3
DA:25,3
DA:26,3
DA:27,3
DA:33,3
DA:34,3
DA:36,3
DA:40,3
DA:41,3
DA:44,3
DA:45,3
DA:48,3
LF:17
LH:17
BRF:0
BRH:0
end_of_record
TN:
SF:src/hooks/useThemeColor.ts
FN:9,useThemeColor
FNF:1
FNH:1
FNDA:5,useThemeColor
DA:13,5
DA:14,5
DA:16,5
DA:17,0
DA:19,5
LF:5
LH:4
BRDA:13,0,0,5
BRDA:13,0,1,0
BRDA:16,1,0,0
BRDA:16,1,1,5
BRF:4
BRH:2
end_of_record
TN:
SF:src/hooks/useThemedStyle.ts
FN:8,useThemedStyle
FNF:1
FNH:0
FNDA:0,useThemedStyle
DA:9,0
DA:10,0
LF:2
LH:0
BRDA:10,0,0,0
BRDA:10,0,1,0
BRF:2
BRH:0
end_of_record
TN:
SF:src/schemas/api.ts
FN:61,(anonymous_0)
FN:62,(anonymous_1)
FN:63,(anonymous_2)
FN:66,(anonymous_3)
FN:67,(anonymous_4)
FN:68,(anonymous_5)
FN:69,(anonymous_6)
FN:70,(anonymous_7)
FN:71,(anonymous_8)
FNF:9
FNH:6
FNDA:2,(anonymous_0)
FNDA:2,(anonymous_1)
FNDA:2,(anonymous_2)
FNDA:2,(anonymous_3)
FNDA:1,(anonymous_4)
FNDA:0,(anonymous_5)
FNDA:0,(anonymous_6)
FNDA:0,(anonymous_7)
FNDA:2,(anonymous_8)
DA:5,3
DA:16,3
DA:18,3
DA:26,3
DA:32,3
DA:38,3
DA:43,3
DA:47,3
DA:52,3
DA:56,3
DA:61,3
DA:62,3
DA:63,3
DA:66,3
DA:67,3
DA:68,3
DA:69,3
DA:70,3
DA:71,3
LF:19
LH:19
BRF:0
BRH:0
end_of_record
TN:
SF:src/schemas/game.ts
FN:54,(anonymous_0)
FN:62,(anonymous_1)
FN:63,(anonymous_2)
FN:64,(anonymous_3)
FN:79,(anonymous_4)
FN:108,(anonymous_5)
FN:109,(anonymous_6)
FN:110,(anonymous_7)
FNF:8
FNH:6
FNDA:2,(anonymous_0)
FNDA:3,(anonymous_1)
FNDA:3,(anonymous_2)
FNDA:3,(anonymous_3)
FNDA:3,(anonymous_4)
FNDA:1,(anonymous_5)
FNDA:0,(anonymous_6)
FNDA:0,(anonymous_7)
DA:5,4
DA:12,4
DA:19,4
DA:32,4
DA:40,4
DA:53,4
DA:54,2
DA:62,4
DA:63,4
DA:64,4
DA:67,4
DA:79,3
DA:86,4
DA:99,4
DA:108,4
DA:109,4
DA:110,4
LF:17
LH:17
BRDA:79,0,0,3
BRDA:79,0,1,0
BRDA:79,0,2,0
BRF:3
BRH:1
end_of_record
TN:
SF:src/services/cache.ts
FN:24,(anonymous_0)
FN:38,(anonymous_1)
FN:43,(anonymous_2)
FN:50,(anonymous_3)
FN:54,(anonymous_4)
FN:81,(anonymous_5)
FN:121,(anonymous_6)
FN:127,(anonymous_7)
FN:130,(anonymous_8)
FN:134,(anonymous_9)
FN:139,(anonymous_10)
FN:152,(anonymous_11)
FNF:12
FNH:11
FNDA:0,(anonymous_0)
FNDA:2,(anonymous_1)
FNDA:2,(anonymous_2)
FNDA:36,(anonymous_3)
FNDA:13,(anonymous_4)
FNDA:13,(anonymous_5)
FNDA:10,(anonymous_6)
FNDA:10,(anonymous_7)
FNDA:8,(anonymous_8)
FNDA:2,(anonymous_9)
FNDA:1,(anonymous_10)
FNDA:12,(anonymous_11)
DA:19,2
DA:25,0
DA:26,0
DA:30,0
DA:39,2
DA:40,2
DA:44,2
DA:45,2
DA:47,2
DA:51,36
DA:59,13
DA:60,13
DA:61,13
DA:63,13
DA:69,13
DA:72,13
DA:73,2
DA:86,13
DA:87,13
DA:89,13
DA:90,8
DA:91,6
DA:92,6
DA:93,6
DA:95,2
DA:98,5
DA:99,5
DA:100,5
DA:103,5
DA:104,0
DA:105,0
DA:106,0
DA:107,0
DA:108,0
DA:110,0
DA:112,0
DA:115,0
DA:118,5
DA:122,10
DA:123,10
DA:124,10
DA:129,10
DA:130,10
DA:131,10
DA:135,2
DA:137,2
DA:139,2
DA:140,1
DA:141,1
DA:143,1
DA:146,1
DA:149,2
DA:153,12
DA:154,12
DA:155,2
DA:156,2
DA:161,2
LF:57
LH:46
BRDA:19,0,0,0
BRDA:19,0,1,2
BRDA:44,1,0,2
BRDA:44,1,1,0
BRDA:57,2,0,3
BRDA:60,3,0,13
BRDA:60,3,1,9
BRDA:72,4,0,2
BRDA:72,4,1,11
BRDA:72,5,0,13
BRDA:72,5,1,2
BRDA:84,6,0,13
BRDA:89,7,0,8
BRDA:89,7,1,5
BRDA:90,8,0,6
BRDA:90,8,1,2
BRDA:103,9,0,0
BRDA:103,9,1,5
BRDA:103,10,0,5
BRDA:103,10,1,0
BRDA:104,11,0,0
BRDA:104,11,1,0
BRDA:137,12,0,0
BRDA:137,12,1,2
BRDA:137,13,0,2
BRDA:137,13,1,2
BRDA:141,14,0,0
BRDA:141,14,1,1
BRDA:154,15,0,2
BRDA:154,15,1,10
BRF:30
BRH:22
end_of_record
TN:
SF:src/services/mockApi.ts
FN:10,(anonymous_0)
FN:11,(anonymous_1)
FN:125,(anonymous_2)
FN:132,(anonymous_3)
FN:172,(anonymous_4)
FN:182,(anonymous_5)
FN:193,(anonymous_6)
FN:202,(anonymous_7)
FN:203,(anonymous_8)
FN:219,(anonymous_9)
FN:220,(anonymous_10)
FN:257,(anonymous_11)
FN:258,(anonymous_12)
FN:270,(anonymous_13)
FN:271,(anonymous_14)
FN:289,(anonymous_15)
FN:290,(anonymous_16)
FN:304,(anonymous_17)
FN:305,(anonymous_18)
FN:320,(anonymous_19)
FN:321,(anonymous_20)
FN:324,(anonymous_21)
FN:361,(anonymous_22)
FN:382,(anonymous_23)
FN:422,(anonymous_24)
FN:423,(anonymous_25)
FN:431,(anonymous_26)
FN:432,(anonymous_27)
FN:451,(anonymous_28)
FN:452,(anonymous_29)
FN:462,(anonymous_30)
FN:487,(anonymous_31)
FN:507,(anonymous_32)
FN:511,(anonymous_33)
FN:519,(anonymous_34)
FN:547,(anonymous_35)
FN:586,(anonymous_36)
FN:587,(anonymous_37)
FN:594,(anonymous_38)
FN:604,(anonymous_39)
FN:614,(anonymous_40)
FN:621,(anonymous_41)
FN:626,(anonymous_42)
FN:627,(anonymous_43)
FN:639,(anonymous_44)
FN:657,(anonymous_45)
FNF:46
FNH:0
FNDA:0,(anonymous_0)
FNDA:0,(anonymous_1)
FNDA:0,(anonymous_2)
FNDA:0,(anonymous_3)
FNDA:0,(anonymous_4)
FNDA:0,(anonymous_5)
FNDA:0,(anonymous_6)
FNDA:0,(anonymous_7)
FNDA:0,(anonymous_8)
FNDA:0,(anonymous_9)
FNDA:0,(anonymous_10)
FNDA:0,(anonymous_11)
FNDA:0,(anonymous_12)
FNDA:0,(anonymous_13)
FNDA:0,(anonymous_14)
FNDA:0,(anonymous_15)
FNDA:0,(anonymous_16)
FNDA:0,(anonymous_17)
FNDA:0,(anonymous_18)
FNDA:0,(anonymous_19)
FNDA:0,(anonymous_20)
FNDA:0,(anonymous_21)
FNDA:0,(anonymous_22)
FNDA:0,(anonymous_23)
FNDA:0,(anonymous_24)
FNDA:0,(anonymous_25)
FNDA:0,(anonymous_26)
FNDA:0,(anonymous_27)
FNDA:0,(anonymous_28)
FNDA:0,(anonymous_29)
FNDA:0,(anonymous_30)
FNDA:0,(anonymous_31)
FNDA:0,(anonymous_32)
FNDA:0,(anonymous_33)
FNDA:0,(anonymous_34)
FNDA:0,(anonymous_35)
FNDA:0,(anonymous_36)
FNDA:0,(anonymous_37)
FNDA:0,(anonymous_38)
FNDA:0,(anonymous_39)
FNDA:0,(anonymous_40)
FNDA:0,(anonymous_41)
FNDA:0,(anonymous_42)
FNDA:0,(anonymous_43)
FNDA:0,(anonymous_44)
FNDA:0,(anonymous_45)
DA:6,0
DA:7,0
DA:10,0
DA:11,0
DA:114,0
DA:126,0
DA:127,0
DA:128,0
DA:129,0
DA:133,0
DA:134,0
DA:135,0
DA:136,0
DA:137,0
DA:141,0
DA:142,0
DA:163,0
DA:164,0
DA:167,0
DA:168,0
DA:173,0
DA:174,0
DA:175,0
DA:177,0
DA:178,0
DA:183,0
DA:184,0
DA:185,0
DA:186,0
DA:189,0
DA:194,0
DA:195,0
DA:196,0
DA:198,0
DA:203,0
DA:205,0
DA:207,0
DA:208,0
DA:211,0
DA:212,0
DA:216,0
DA:220,0
DA:223,0
DA:224,0
DA:225,0
DA:226,0
DA:229,0
DA:230,0
DA:233,0
DA:245,0
DA:248,0
DA:250,0
DA:251,0
DA:258,0
DA:260,0
DA:261,0
DA:262,0
DA:265,0
DA:266,0
DA:267,0
DA:271,0
DA:273,0
DA:274,0
DA:275,0
DA:278,0
DA:279,0
DA:282,0
DA:283,0
DA:284,0
DA:290,0
DA:292,0
DA:293,0
DA:295,0
DA:305,0
DA:307,0
DA:308,0
DA:309,0
DA:316,0
DA:317,0
DA:321,0
DA:324,0
DA:326,0
DA:328,0
DA:333,0
DA:335,0
DA:336,0
DA:343,0
DA:352,0
DA:354,0
DA:355,0
DA:362,0
DA:364,0
DA:366,0
DA:368,0
DA:369,0
DA:370,0
DA:371,0
DA:374,0
DA:377,0
DA:378,0
DA:381,0
DA:382,0
DA:385,0
DA:386,0
DA:387,0
DA:390,0
DA:394,0
DA:395,0
DA:396,0
DA:397,0
DA:399,0
DA:408,0
DA:411,0
DA:412,0
DA:414,0
DA:415,0
DA:417,0
DA:418,0
DA:423,0
DA:424,0
DA:425,0
DA:426,0
DA:428,0
DA:432,0
DA:433,0
DA:434,0
DA:435,0
DA:438,0
DA:443,0
DA:444,0
DA:446,0
DA:447,0
DA:448,0
DA:452,0
DA:454,0
DA:455,0
DA:456,0
DA:459,0
DA:463,0
DA:464,0
DA:466,0
DA:467,0
DA:468,0
DA:472,0
DA:473,0
DA:474,0
DA:475,0
DA:479,0
DA:480,0
DA:482,0
DA:485,0
DA:486,0
DA:487,0
DA:488,0
DA:492,0
DA:494,0
DA:495,0
DA:499,0
DA:500,0
DA:502,0
DA:503,0
DA:508,0
DA:509,0
DA:511,0
DA:513,0
DA:514,0
DA:515,0
DA:519,0
DA:520,0
DA:521,0
DA:524,0
DA:530,0
DA:531,0
DA:532,0
DA:536,0
DA:538,0
DA:541,0
DA:542,0
DA:546,0
DA:547,0
DA:550,0
DA:551,0
DA:555,0
DA:558,0
DA:561,0
DA:575,0
DA:576,0
DA:579,0
DA:580,0
DA:582,0
DA:583,0
DA:587,0
DA:589,0
DA:590,0
DA:591,0
DA:594,0
DA:595,0
DA:596,0
DA:600,0
DA:603,0
DA:604,0
DA:605,0
DA:608,0
DA:615,0
DA:616,0
DA:617,0
DA:621,0
DA:624,0
DA:625,0
DA:626,0
DA:627,0
DA:629,0
DA:632,0
DA:633,0
DA:652,0
DA:655,0
DA:656,0
DA:657,0
DA:660,0
DA:661,0
DA:671,0
DA:675,0
LF:222
LH:0
BRDA:135,0,0,0
BRDA:135,0,1,0
BRDA:141,1,0,0
BRDA:141,1,1,0
BRDA:185,2,0,0
BRDA:185,2,1,0
BRDA:207,3,0,0
BRDA:207,3,1,0
BRDA:207,4,0,0
BRDA:207,4,1,0
BRDA:225,5,0,0
BRDA:225,5,1,0
BRDA:229,6,0,0
BRDA:229,6,1,0
BRDA:261,7,0,0
BRDA:261,7,1,0
BRDA:261,8,0,0
BRDA:261,8,1,0
BRDA:274,9,0,0
BRDA:274,9,1,0
BRDA:278,10,0,0
BRDA:278,10,1,0
BRDA:293,11,0,0
BRDA:293,11,1,0
BRDA:308,12,0,0
BRDA:308,12,1,0
BRDA:326,13,0,0
BRDA:326,13,1,0
BRDA:369,14,0,0
BRDA:369,14,1,0
BRDA:377,15,0,0
BRDA:377,15,1,0
BRDA:377,16,0,0
BRDA:377,16,1,0
BRDA:381,17,0,0
BRDA:381,17,1,0
BRDA:385,18,0,0
BRDA:385,18,1,0
BRDA:394,19,0,0
BRDA:394,19,1,0
BRDA:396,20,0,0
BRDA:396,20,1,0
BRDA:425,21,0,0
BRDA:425,21,1,0
BRDA:428,22,0,0
BRDA:428,22,1,0
BRDA:434,23,0,0
BRDA:434,23,1,0
BRDA:443,24,0,0
BRDA:443,24,1,0
BRDA:455,25,0,0
BRDA:455,25,1,0
BRDA:459,26,0,0
BRDA:459,26,1,0
BRDA:466,27,0,0
BRDA:466,27,1,0
BRDA:473,28,0,0
BRDA:473,28,1,0
BRDA:479,29,0,0
BRDA:479,29,1,0
BRDA:486,30,0,0
BRDA:486,30,1,0
BRDA:488,31,0,0
BRDA:488,31,1,0
BRDA:494,32,0,0
BRDA:494,32,1,0
BRDA:514,33,0,0
BRDA:514,33,1,0
BRDA:520,34,0,0
BRDA:520,34,1,0
BRDA:531,35,0,0
BRDA:531,35,1,0
BRDA:536,36,0,0
BRDA:536,36,1,0
BRDA:536,37,0,0
BRDA:536,37,1,0
BRDA:536,37,2,0
BRDA:541,38,0,0
BRDA:541,38,1,0
BRDA:547,39,0,0
BRDA:547,39,1,0
BRDA:550,40,0,0
BRDA:550,40,1,0
BRDA:555,41,0,0
BRDA:555,41,1,0
BRDA:590,42,0,0
BRDA:590,42,1,0
BRDA:590,43,0,0
BRDA:590,43,1,0
BRDA:595,44,0,0
BRDA:595,44,1,0
BRDA:603,45,0,0
BRDA:603,45,1,0
BRDA:616,46,0,0
BRDA:616,46,1,0
BRDA:621,47,0,0
BRDA:621,47,1,0
BRDA:625,48,0,0
BRDA:625,48,1,0
BRDA:657,49,0,0
BRDA:657,49,1,0
BRDA:660,50,0,0
BRDA:660,50,1,0
BRF:103
BRH:0
end_of_record
TN:
SF:src/services/socialAuth.ts
FN:29,(anonymous_0)
FN:36,(anonymous_1)
FNF:2
FNH:0
FNDA:0,(anonymous_0)
FNDA:0,(anonymous_1)
DA:14,1
DA:30,0
DA:37,0
DA:44,1
LF:4
LH:2
BRF:0
BRH:0
end_of_record
TN:
SF:src/services/storage.ts
FN:6,(anonymous_0)
FN:24,(anonymous_1)
FN:42,(anonymous_2)
FN:57,(anonymous_3)
FNF:4
FNH:3
FNDA:8,(anonymous_0)
FNDA:4,(anonymous_1)
FNDA:2,(anonymous_2)
FNDA:0,(anonymous_3)
DA:7,8
DA:8,8
DA:10,0
DA:11,0
DA:14,0
DA:17,8
DA:19,0
DA:20,0
DA:25,4
DA:26,4
DA:28,0
DA:29,0
DA:30,0
DA:33,0
DA:36,4
DA:38,0
DA:43,2
DA:44,2
DA:45,0
DA:46,0
DA:47,0
DA:49,0
DA:51,2
DA:53,0
DA:58,0
DA:59,0
DA:60,0
DA:61,0
DA:62,0
DA:64,0
DA:66,0
DA:68,0
DA:73,3
LF:33
LH:10
BRDA:8,0,0,0
BRDA:8,0,1,8
BRDA:10,1,0,0
BRDA:10,1,1,0
BRDA:26,2,0,0
BRDA:26,2,1,4
BRDA:28,3,0,0
BRDA:28,3,1,0
BRDA:44,4,0,0
BRDA:44,4,1,2
BRDA:45,5,0,0
BRDA:45,5,1,0
BRDA:59,6,0,0
BRDA:59,6,1,0
BRDA:60,7,0,0
BRDA:60,7,1,0
BRF:16
BRH:3
end_of_record
TN:
SF:src/services/api/client.ts
FN:16,(anonymous_0)
FN:23,(anonymous_1)
FN:30,(anonymous_2)
FN:31,(anonymous_3)
FN:60,(anonymous_4)
FN:78,(anonymous_5)
FN:82,(anonymous_6)
FN:86,(anonymous_7)
FN:89,(anonymous_8)
FN:96,(anonymous_9)
FN:125,(anonymous_10)
FN:156,(anonymous_11)
FN:160,(anonymous_12)
FN:168,(anonymous_13)
FN:176,(anonymous_14)
FN:184,(anonymous_15)
FNF:16
FNH:1
FNDA:0,(anonymous_0)
FNDA:0,(anonymous_1)
FNDA:0,(anonymous_2)
FNDA:0,(anonymous_3)
FNDA:0,(anonymous_4)
FNDA:2,(anonymous_5)
FNDA:0,(anonymous_6)
FNDA:0,(anonymous_7)
FNDA:0,(anonymous_8)
FNDA:0,(anonymous_9)
FNDA:0,(anonymous_10)
FNDA:0,(anonymous_11)
FNDA:0,(anonymous_12)
FNDA:0,(anonymous_13)
FNDA:0,(anonymous_14)
FNDA:0,(anonymous_15)
DA:6,2
DA:15,2
DA:17,0
DA:18,0
DA:19,0
DA:21,0
DA:24,0
DA:29,2
DA:30,0
DA:32,0
DA:35,0
DA:36,0
DA:37,0
DA:38,0
DA:39,0
DA:40,0
DA:42,0
DA:43,0
DA:45,0
DA:48,0
DA:49,0
DA:50,0
DA:51,0
DA:55,0
DA:65,0
DA:66,0
DA:79,2
DA:83,0
DA:87,0
DA:88,0
DA:89,0
DA:90,0
DA:93,0
DA:97,0
DA:98,0
DA:99,0
DA:101,0
DA:102,0
DA:103,0
DA:104,0
DA:110,0
DA:113,0
DA:114,0
DA:115,0
DA:116,0
DA:117,0
DA:119,0
DA:122,0
DA:129,0
DA:130,0
DA:132,0
DA:133,0
DA:134,0
DA:136,0
DA:137,0
DA:140,0
DA:141,0
DA:146,0
DA:148,0
DA:149,0
DA:151,0
DA:152,0
DA:157,0
DA:161,0
DA:169,0
DA:177,0
DA:185,0
DA:189,2
LF:68
LH:5
BRDA:18,0,0,0
BRDA:18,0,1,0
BRDA:35,1,0,0
BRDA:35,1,1,0
BRDA:35,2,0,0
BRDA:35,2,1,0
BRDA:78,3,0,2
BRDA:88,4,0,0
BRDA:88,4,1,0
BRDA:99,5,0,0
BRDA:99,5,1,0
BRDA:101,6,0,0
BRDA:101,6,1,0
BRDA:103,7,0,0
BRDA:103,7,1,0
BRDA:113,8,0,0
BRDA:113,8,1,0
BRDA:115,9,0,0
BRDA:115,9,1,0
BRDA:127,10,0,0
BRDA:133,11,0,0
BRDA:133,11,1,0
BRDA:136,12,0,0
BRDA:136,12,1,0
BRDA:136,13,0,0
BRDA:136,13,1,0
BRDA:148,14,0,0
BRDA:148,14,1,0
BRDA:164,15,0,0
BRDA:164,15,1,0
BRDA:172,16,0,0
BRDA:172,16,1,0
BRDA:180,17,0,0
BRDA:180,17,1,0
BRF:34
BRH:1
end_of_record
TN:
SF:src/services/api/games.ts
FN:77,(anonymous_0)
FN:82,(anonymous_1)
FN:90,(anonymous_2)
FN:93,(anonymous_3)
FN:101,(anonymous_4)
FN:107,(anonymous_5)
FN:116,(anonymous_6)
FN:124,(anonymous_7)
FN:129,(anonymous_8)
FN:134,(anonymous_9)
FN:139,(anonymous_10)
FN:144,(anonymous_11)
FN:149,(anonymous_12)
FN:154,(anonymous_13)
FN:158,(anonymous_14)
FN:163,(anonymous_15)
FNF:16
FNH:0
FNDA:0,(anonymous_0)
FNDA:0,(anonymous_1)
FNDA:0,(anonymous_2)
FNDA:0,(anonymous_3)
FNDA:0,(anonymous_4)
FNDA:0,(anonymous_5)
FNDA:0,(anonymous_6)
FNDA:0,(anonymous_7)
FNDA:0,(anonymous_8)
FNDA:0,(anonymous_9)
FNDA:0,(anonymous_10)
FNDA:0,(anonymous_11)
FNDA:0,(anonymous_12)
FNDA:0,(anonymous_13)
FNDA:0,(anonymous_14)
FNDA:0,(anonymous_15)
DA:13,1
DA:55,1
DA:72,1
DA:78,0
DA:80,0
DA:83,0
DA:84,0
DA:91,0
DA:94,0
DA:95,0
DA:102,0
DA:103,0
DA:104,0
DA:108,0
DA:109,0
DA:113,0
DA:117,0
DA:118,0
DA:125,0
DA:126,0
DA:130,0
DA:131,0
DA:135,0
DA:136,0
DA:140,0
DA:141,0
DA:145,0
DA:146,0
DA:150,0
DA:151,0
DA:155,0
DA:159,0
DA:160,0
DA:164,0
DA:165,0
DA:169,1
LF:36
LH:4
BRDA:78,0,0,0
BRDA:78,0,1,0
BRDA:80,1,0,0
BRDA:80,1,1,0
BRF:4
BRH:0
end_of_record
TN:
SF:src/types/game.ts
FNF:0
FNH:0
DA:1,9
DA:10,9
DA:46,9
LF:3
LH:3
BRF:0
BRH:0
end_of_record
TN:
SF:src/types/profile.ts
FNF:0
FNH:0
DA:3,2
LF:1
LH:1
BRF:0
BRH:0
end_of_record
TN:
SF:src/types/user.ts
FNF:0
FNH:0
LF:0
LH:0
BRF:0
BRH:0
end_of_record
TN:
SF:src/utils/date.ts
FN:3,formatDate
FN:8,formatTime
FN:13,formatDateTime
FNF:3
FNH:0
FNDA:0,formatDate
FNDA:0,formatTime
FNDA:0,formatDateTime
DA:4,0
DA:5,0
DA:9,0
DA:10,0
DA:14,0
DA:15,0
LF:6
LH:0
BRDA:4,0,0,0
BRDA:4,0,1,0
BRDA:9,1,0,0
BRDA:9,1,1,0
BRDA:14,2,0,0
BRDA:14,2,1,0
BRF:6
BRH:0
end_of_record
TN:
SF:src/utils/mockData.ts
FNF:0
FNH:0
DA:3,0
LF:1
LH:0
BRF:0
BRH:0
end_of_record
TN:
SF:src/utils/prefetch.ts
FN:9,(anonymous_0)
FN:14,(anonymous_1)
FN:21,(anonymous_2)
FN:32,(anonymous_3)
FN:36,(anonymous_4)
FN:45,(anonymous_5)
FNF:6
FNH:2
FNDA:1,(anonymous_0)
FNDA:1,(anonymous_1)
FNDA:0,(anonymous_2)
FNDA:0,(anonymous_3)
FNDA:0,(anonymous_4)
FNDA:0,(anonymous_5)
DA:10,1
DA:11,1
DA:15,1
DA:16,1
DA:18,1
DA:22,0
DA:24,0
DA:25,0
DA:26,0
DA:28,0
DA:33,0
DA:38,0
DA:46,0
DA:50,1
LF:14
LH:6
BRDA:15,0,0,1
BRDA:15,0,1,0
BRDA:22,1,0,0
BRDA:22,1,1,0
BRF:4
BRH:1
end_of_record
TN:
SF:src/utils/test-config.ts
FNF:0
FNH:0
DA:6,0
LF:1
LH:0
BRF:0
BRH:0
end_of_record
TN:
SF:src/utils/test-utils.tsx
FN:10,(anonymous_0)
FN:11,(anonymous_1)
FN:14,(anonymous_2)
FN:29,(anonymous_3)
FNF:4
FNH:0
FNDA:0,(anonymous_0)
FNDA:0,(anonymous_1)
FNDA:0,(anonymous_2)
FNDA:0,(anonymous_3)
DA:10,0
DA:11,0
DA:14,0
DA:15,0
DA:29,0
DA:30,0
LF:6
LH:0
BRDA:29,0,0,0
BRF:1
BRH:0
end_of_record
TN:
SF:src/utils/validation.ts
FN:9,(anonymous_0)
FN:13,(anonymous_1)
FN:17,(anonymous_2)
FN:18,(anonymous_3)
FN:21,(anonymous_4)
FN:26,(anonymous_5)
FN:45,(anonymous_6)
FN:49,(anonymous_7)
FN:53,(anonymous_8)
FN:71,(anonymous_9)
FNF:10
FNH:0
FNDA:0,(anonymous_0)
FNDA:0,(anonymous_1)
FNDA:0,(anonymous_2)
FNDA:0,(anonymous_3)
FNDA:0,(anonymous_4)
FNDA:0,(anonymous_5)
FNDA:0,(anonymous_6)
FNDA:0,(anonymous_7)
FNDA:0,(anonymous_8)
FNDA:0,(anonymous_9)
DA:7,0
DA:10,0
DA:14,0
DA:18,0
DA:22,0
DA:26,0
DA:31,0
DA:34,0
DA:35,0
DA:38,0
DA:39,0
DA:40,0
DA:42,0
DA:45,0
DA:46,0
DA:49,0
DA:50,0
DA:53,0
DA:54,0
DA:56,0
DA:57,0
DA:58,0
DA:59,0
DA:62,0
DA:63,0
DA:64,0
DA:65,0
DA:68,0
DA:71,0
DA:76,0
DA:78,0
DA:79,0
DA:80,0
DA:81,0
DA:84,0
LF:35
LH:0
BRDA:34,0,0,0
BRDA:34,0,1,0
BRDA:34,1,0,0
BRDA:34,1,1,0
BRDA:35,2,0,0
BRDA:35,2,1,0
BRDA:39,3,0,0
BRDA:39,3,1,0
BRDA:40,4,0,0
BRDA:40,4,1,0
BRDA:56,5,0,0
BRDA:56,5,1,0
BRDA:58,6,0,0
BRDA:58,6,1,0
BRDA:62,7,0,0
BRDA:62,7,1,0
BRDA:64,8,0,0
BRDA:64,8,1,0
BRDA:78,9,0,0
BRDA:78,9,1,0
BRDA:80,10,0,0
BRDA:80,10,1,0
BRF:22
BRH:0
end_of_record
TN:
SF:src/utils/test/mockData.ts
FNF:0
FNH:0
DA:3,0
LF:1
LH:0
BRF:0
BRH:0
end_of_record
TN:
SF:src/utils/validation/profileValidation.ts
FN:6,(anonymous_0)
FN:10,(anonymous_1)
FN:14,(anonymous_2)
FN:18,(anonymous_3)
FN:19,(anonymous_4)
FN:24,validateProfile
FN:54,validateProfileUpdate
FN:77,isValidUrl
FNF:8
FNH:8
FNDA:11,(anonymous_0)
FNDA:12,(anonymous_1)
FNDA:2,(anonymous_2)
FNDA:11,(anonymous_3)
FNDA:12,(anonymous_4)
FNDA:7,validateProfile
FNDA:4,validateProfileUpdate
FNDA:2,isValidUrl
DA:4,12
DA:7,11
DA:11,12
DA:15,2
DA:19,12
DA:20,11
DA:25,7
DA:28,7
DA:29,1
DA:30,6
DA:31,1
DA:34,7
DA:35,1
DA:38,7
DA:39,1
DA:43,7
DA:44,1
DA:47,7
DA:48,1
DA:51,7
DA:55,4
DA:58,4
DA:59,2
DA:60,1
DA:61,1
DA:62,0
DA:66,4
DA:67,1
DA:70,4
DA:71,1
DA:74,4
DA:78,2
DA:79,2
DA:80,0
DA:82,2
LF:35
LH:33
BRDA:28,0,0,1
BRDA:28,0,1,6
BRDA:30,1,0,1
BRDA:30,1,1,5
BRDA:34,2,0,1
BRDA:34,2,1,6
BRDA:38,3,0,1
BRDA:38,3,1,6
BRDA:43,4,0,1
BRDA:43,4,1,6
BRDA:43,5,0,7
BRDA:43,5,1,1
BRDA:47,6,0,1
BRDA:47,6,1,6
BRDA:47,7,0,7
BRDA:47,7,1,1
BRDA:58,8,0,2
BRDA:58,8,1,2
BRDA:59,9,0,1
BRDA:59,9,1,1
BRDA:61,10,0,0
BRDA:61,10,1,1
BRDA:66,11,0,1
BRDA:66,11,1,3
BRDA:66,12,0,4
BRDA:66,12,1,2
BRDA:70,13,0,1
BRDA:70,13,1,3
BRDA:70,14,0,4
BRDA:70,14,1,1
BRF:30
BRH:29
end_of_record
